  Using 'git status' to determine working set for adaptive non-unity build (D:\Unreal projects\Portfolio Pieces\Project Clockwork Backup Desktop\Project_Clockwork).
  Creating makefile for Book_ProjectEditor (no existing makefile)
  Parsing headers for Book_ProjectEditor
    Running UnrealHeaderTool "D:\Unreal projects\Portfolio Pieces\Project Clockwork Backup Desktop\Project_Clockwork\Book_Project\Book_Project.uproject" "D:\Unreal projects\Portfolio Pieces\Project Clockwork Backup Desktop\Project_Clockwork\Book_Project\Intermediate\Build\Win64\Book_ProjectEditor\Development\Book_ProjectEditor.uhtmanifest" -LogCmds="loginit warning, logexit warning, logdatabase error" -Unattended -WarningsAsErrors -installed
  Reflection code generated for Book_ProjectEditor in 7.5264257 seconds
  Using Visual Studio 2017 14.16.27023 toolchain (D:\Program Files (x86)\Microsoft Visual Studio\2017\Community\VC\Tools\MSVC\14.16.27023) and Windows 10.0.17763.0 SDK (C:\Program Files (x86)\Windows Kits\10).
  Building 62 actions with 16 processes...
    [1/62] Default.rc2
    [2/62] SharedPCH.Engine.cpp
    [3/62] Book_Project.cpp
    [4/62] Book_ProjectGameModeBase.cpp
    [5/62] UI_Data_Holder.cpp
    [6/62] Block_Switch_Controller_01.cpp
    [7/62] Quick_Congrats_Screen.cpp
D:\Unreal projects\Portfolio Pieces\Project Clockwork Backup Desktop\Project_Clockwork\Book_Project\Source\Book_Project\Quick_Congrats_Screen.cpp(19): warning C4996: 'USceneComponent::AttachTo': This function is deprecated, please use AttachToComponent instead. Please update your code to the new API before upgrading to the next release, otherwise your project will no longer compile.
    C:\UE_4_23\UE_4.23\Engine\Source\Runtime\Engine\Classes\Components/SceneComponent.h(658): note: see declaration of 'USceneComponent::AttachTo'
    [8/62] MyGameInstance.cpp
    [9/62] Interactable_Object.cpp
D:\Unreal projects\Portfolio Pieces\Project Clockwork Backup Desktop\Project_Clockwork\Book_Project\Source\Book_Project\Interactable_Object.cpp(21): warning C4996: 'USceneComponent::AttachTo': This function is deprecated, please use AttachToComponent instead. Please update your code to the new API before upgrading to the next release, otherwise your project will no longer compile.
    C:\UE_4_23\UE_4.23\Engine\Source\Runtime\Engine\Classes\Components/SceneComponent.h(658): note: see declaration of 'USceneComponent::AttachTo'
D:\Unreal projects\Portfolio Pieces\Project Clockwork Backup Desktop\Project_Clockwork\Book_Project\Source\Book_Project\Interactable_Object.cpp(22): warning C4996: 'USceneComponent::AttachTo': This function is deprecated, please use AttachToComponent instead. Please update your code to the new API before upgrading to the next release, otherwise your project will no longer compile.
    C:\UE_4_23\UE_4.23\Engine\Source\Runtime\Engine\Classes\Components/SceneComponent.h(658): note: see declaration of 'USceneComponent::AttachTo'
    [10/62] Colored_Floor_Switch.cpp
    [11/62] Collission_Text.cpp
D:\Unreal projects\Portfolio Pieces\Project Clockwork Backup Desktop\Project_Clockwork\Book_Project\Source\Book_Project\Collission_Text.cpp(20): warning C4996: 'USceneComponent::AttachTo': This function is deprecated, please use AttachToComponent instead. Please update your code to the new API before upgrading to the next release, otherwise your project will no longer compile.
    C:\UE_4_23\UE_4.23\Engine\Source\Runtime\Engine\Classes\Components/SceneComponent.h(658): note: see declaration of 'USceneComponent::AttachTo'
    [12/62] Checkpoint.cpp
D:\Unreal projects\Portfolio Pieces\Project Clockwork Backup Desktop\Project_Clockwork\Book_Project\Source\Book_Project\Checkpoint.cpp(22): warning C4996: 'USceneComponent::AttachTo': This function is deprecated, please use AttachToComponent instead. Please update your code to the new API before upgrading to the next release, otherwise your project will no longer compile.
    C:\UE_4_23\UE_4.23\Engine\Source\Runtime\Engine\Classes\Components/SceneComponent.h(658): note: see declaration of 'USceneComponent::AttachTo'
    [13/62] DeathBounds.cpp
D:\Unreal projects\Portfolio Pieces\Project Clockwork Backup Desktop\Project_Clockwork\Book_Project\Source\Book_Project\DeathBounds.cpp(22): warning C4996: 'USceneComponent::AttachTo': This function is deprecated, please use AttachToComponent instead. Please update your code to the new API before upgrading to the next release, otherwise your project will no longer compile.
    C:\UE_4_23\UE_4.23\Engine\Source\Runtime\Engine\Classes\Components/SceneComponent.h(658): note: see declaration of 'USceneComponent::AttachTo'
    [14/62] TArrayExample.cpp
    [15/62] Standard_Moving_Platform.cpp
    [16/62] PickupItem.cpp
D:\Unreal projects\Portfolio Pieces\Project Clockwork Backup Desktop\Project_Clockwork\Book_Project\Source\Book_Project\PickupItem.cpp(20): warning C4996: 'USceneComponent::AttachTo': This function is deprecated, please use AttachToComponent instead. Please update your code to the new API before upgrading to the next release, otherwise your project will no longer compile.
    C:\UE_4_23\UE_4.23\Engine\Source\Runtime\Engine\Classes\Components/SceneComponent.h(658): note: see declaration of 'USceneComponent::AttachTo'
D:\Unreal projects\Portfolio Pieces\Project Clockwork Backup Desktop\Project_Clockwork\Book_Project\Source\Book_Project\PickupItem.cpp(21): warning C4996: 'USceneComponent::AttachTo': This function is deprecated, please use AttachToComponent instead. Please update your code to the new API before upgrading to the next release, otherwise your project will no longer compile.
    C:\UE_4_23\UE_4.23\Engine\Source\Runtime\Engine\Classes\Components/SceneComponent.h(658): note: see declaration of 'USceneComponent::AttachTo'
    [17/62] Projectile.cpp
D:\Unreal projects\Portfolio Pieces\Project Clockwork Backup Desktop\Project_Clockwork\Book_Project\Source\Book_Project\Projectile.cpp(26): warning C4996: 'USceneComponent::AttachTo': This function is deprecated, please use AttachToComponent instead. Please update your code to the new API before upgrading to the next release, otherwise your project will no longer compile.
    C:\UE_4_23\UE_4.23\Engine\Source\Runtime\Engine\Classes\Components/SceneComponent.h(658): note: see declaration of 'USceneComponent::AttachTo'
D:\Unreal projects\Portfolio Pieces\Project Clockwork Backup Desktop\Project_Clockwork\Book_Project\Source\Book_Project\Projectile.cpp(27): warning C4996: 'USceneComponent::AttachTo': This function is deprecated, please use AttachToComponent instead. Please update your code to the new API before upgrading to the next release, otherwise your project will no longer compile.
    C:\UE_4_23\UE_4.23\Engine\Source\Runtime\Engine\Classes\Components/SceneComponent.h(658): note: see declaration of 'USceneComponent::AttachTo'
    [18/62] Distortion_Fragments.cpp
D:\Unreal projects\Portfolio Pieces\Project Clockwork Backup Desktop\Project_Clockwork\Book_Project\Source\Book_Project\Distortion_Fragments.cpp(23): warning C4996: 'USceneComponent::AttachTo': This function is deprecated, please use AttachToComponent instead. Please update your code to the new API before upgrading to the next release, otherwise your project will no longer compile.
    C:\UE_4_23\UE_4.23\Engine\Source\Runtime\Engine\Classes\Components/SceneComponent.h(658): note: see declaration of 'USceneComponent::AttachTo'
D:\Unreal projects\Portfolio Pieces\Project Clockwork Backup Desktop\Project_Clockwork\Book_Project\Source\Book_Project\Distortion_Fragments.cpp(24): warning C4996: 'USceneComponent::AttachTo': This function is deprecated, please use AttachToComponent instead. Please update your code to the new API before upgrading to the next release, otherwise your project will no longer compile.
    C:\UE_4_23\UE_4.23\Engine\Source\Runtime\Engine\Classes\Components/SceneComponent.h(658): note: see declaration of 'USceneComponent::AttachTo'
    [19/62] Second_Interactable_Object.cpp
    [20/62] Test_Create.cpp
    [21/62] TArrayActor.cpp
    [22/62] Teleporter.cpp
D:\Unreal projects\Portfolio Pieces\Project Clockwork Backup Desktop\Project_Clockwork\Book_Project\Source\Book_Project\Teleporter.cpp(17): warning C4996: 'USceneComponent::AttachTo': This function is deprecated, please use AttachToComponent instead. Please update your code to the new API before upgrading to the next release, otherwise your project will no longer compile.
    C:\UE_4_23\UE_4.23\Engine\Source\Runtime\Engine\Classes\Components/SceneComponent.h(658): note: see declaration of 'USceneComponent::AttachTo'
    [23/62] Turret.cpp
    [24/62] Avatar.cpp
    [25/62] Message_UserDefinedStruct.cpp
    [26/62] Starting_Point.cpp
    [27/62] Block_Switch_Controller_01.gen.cpp
    [28/62] Book_GameMode.gen.cpp
    [29/62] Book_Project.init.gen.cpp
    [30/62] NPC_HUD.cpp
    [31/62] DeathBounds.gen.cpp
    [32/62] Book_ProjectGameModeBase.gen.cpp
    [33/62] Checkpoint.gen.cpp
    [34/62] Collission_Text.gen.cpp
    [35/62] Collsion_Actor_Component.gen.cpp
    [36/62] NPC.cpp
D:\Unreal projects\Portfolio Pieces\Project Clockwork Backup Desktop\Project_Clockwork\Book_Project\Source\Book_Project\NPC.cpp(18): warning C4996: 'USceneComponent::AttachTo': This function is deprecated, please use AttachToComponent instead. Please update your code to the new API before upgrading to the next release, otherwise your project will no longer compile.
    C:\UE_4_23\UE_4.23\Engine\Source\Runtime\Engine\Classes\Components/SceneComponent.h(658): note: see declaration of 'USceneComponent::AttachTo'
    [37/62] Avatar.gen.cpp
    [38/62] Colored_Floor_Switch.gen.cpp
    [39/62] Message_UserDefinedStruct.gen.cpp
    [40/62] MyGameInstance.gen.cpp
    [41/62] Distortion_Fragments.gen.cpp
    [42/62] Interactable_Object.gen.cpp
    [43/62] Projectile.gen.cpp
    [44/62] Quick_Congrats_Screen.gen.cpp
    [45/62] PickupItem.gen.cpp
    [46/62] Standard_Moving_Platform.gen.cpp
    [47/62] Starting_Point.gen.cpp
    [48/62] Teleporter.gen.cpp
    [49/62] TArrayActor.gen.cpp
    [50/62] Test_Create.gen.cpp
    [51/62] NPC.gen.cpp
    [52/62] Working_Bouncepad.cpp
D:\Unreal projects\Portfolio Pieces\Project Clockwork Backup Desktop\Project_Clockwork\Book_Project\Source\Book_Project\Working_Bouncepad.cpp(22): warning C4996: 'USceneComponent::AttachTo': This function is deprecated, please use AttachToComponent instead. Please update your code to the new API before upgrading to the next release, otherwise your project will no longer compile.
    C:\UE_4_23\UE_4.23\Engine\Source\Runtime\Engine\Classes\Components/SceneComponent.h(658): note: see declaration of 'USceneComponent::AttachTo'
D:\Unreal projects\Portfolio Pieces\Project Clockwork Backup Desktop\Project_Clockwork\Book_Project\Source\Book_Project\Working_Bouncepad.cpp(23): warning C4996: 'USceneComponent::AttachTo': This function is deprecated, please use AttachToComponent instead. Please update your code to the new API before upgrading to the next release, otherwise your project will no longer compile.
    C:\UE_4_23\UE_4.23\Engine\Source\Runtime\Engine\Classes\Components/SceneComponent.h(658): note: see declaration of 'USceneComponent::AttachTo'
    [53/62] Second_Interactable_Object.gen.cpp
    [54/62] UI_Data_Holder.gen.cpp
    [55/62] Turret.gen.cpp
    [56/62] Book_GameMode.cpp
    [57/62] Working_Bouncepad.gen.cpp
    [58/62] NPC_HUD.gen.cpp
    [59/62] Collsion_Actor_Component.cpp
    [60/62] UE4Editor-Book_Project.lib
       Creating library D:\Unreal projects\Portfolio Pieces\Project Clockwork Backup Desktop\Project_Clockwork\Book_Project\Intermediate\Build\Win64\UE4Editor\Development\Book_Project\UE4Editor-Book_Project.lib and object D:\Unreal projects\Portfolio Pieces\Project Clockwork Backup Desktop\Project_Clockwork\Book_Project\Intermediate\Build\Win64\UE4Editor\Development\Book_Project\UE4Editor-Book_Project.exp
    [61/62] UE4Editor-Book_Project.dll
       Creating library D:\Unreal projects\Portfolio Pieces\Project Clockwork Backup Desktop\Project_Clockwork\Book_Project\Intermediate\Build\Win64\UE4Editor\Development\Book_Project\UE4Editor-Book_Project.suppressed.lib and object D:\Unreal projects\Portfolio Pieces\Project Clockwork Backup Desktop\Project_Clockwork\Book_Project\Intermediate\Build\Win64\UE4Editor\Development\Book_Project\UE4Editor-Book_Project.suppressed.exp
    [62/62] Book_ProjectEditor.target
  Total time in Parallel executor: 40.39 seconds
  Total execution time: 50.72 seconds
