Log file open, 03/16/20 12:46:10
LogWindows: Failed to load 'aqProf.dll' (GetLastError=126)
LogWindows: File 'aqProf.dll' does not exist
LogWindows: Failed to load 'VtuneApi.dll' (GetLastError=126)
LogWindows: File 'VtuneApi.dll' does not exist
LogWindows: Failed to load 'VtuneApi32e.dll' (GetLastError=126)
LogWindows: File 'VtuneApi32e.dll' does not exist
LogConsoleResponse: Display: Failed to find resolution value strings in scalability ini. Falling back to default.
LogInit: Display: Running engine for game: Book_Project
LogPlatformFile: Not using cached read wrapper
LogTaskGraph: Started task graph with 5 named threads and 47 total threads with 3 sets of task threads.
LogStats: Stats thread started at 0.092021
LogD3D11RHI: Loaded GFSDK_Aftermath_Lib.x64.dll
LogICUInternationalization: ICU TimeZone Detection - Raw Offset: -6:00, Platform Override: ''
LogPluginManager: Mounting plugin Paper2D
LogPluginManager: Mounting plugin AISupport
LogPluginManager: Mounting plugin LightPropagationVolume
LogPluginManager: Mounting plugin ActorLayerUtilities
LogPluginManager: Mounting plugin AnimationSharing
LogPluginManager: Mounting plugin CLionSourceCodeAccess
LogPluginManager: Mounting plugin CodeLiteSourceCodeAccess
LogPluginManager: Mounting plugin GitSourceControl
LogPluginManager: Mounting plugin KDevelopSourceCodeAccess
LogPluginManager: Mounting plugin NullSourceCodeAccess
LogPluginManager: Mounting plugin PerforceSourceControl
LogPluginManager: Mounting plugin SubversionSourceControl
LogPluginManager: Mounting plugin UObjectPlugin
LogPluginManager: Mounting plugin VisualStudioCodeSourceCodeAccess
LogPluginManager: Mounting plugin VisualStudioSourceCodeAccess
LogPluginManager: Mounting plugin XCodeSourceCodeAccess
LogPluginManager: Mounting plugin AssetManagerEditor
LogPluginManager: Mounting plugin CryptoKeys
LogPluginManager: Mounting plugin CurveEditorTools
LogPluginManager: Mounting plugin DataValidation
LogPluginManager: Mounting plugin FacialAnimation
LogPluginManager: Mounting plugin GameplayTagsEditor
LogPluginManager: Mounting plugin MacGraphicsSwitching
LogPluginManager: Mounting plugin MaterialAnalyzer
LogPluginManager: Mounting plugin MobileLauncherProfileWizard
LogPluginManager: Mounting plugin PluginBrowser
LogPluginManager: Mounting plugin SpeedTreeImporter
LogPluginManager: Mounting plugin DatasmithContent
LogPluginManager: Mounting plugin VariantManagerContent
LogPluginManager: Mounting plugin AlembicImporter
LogPluginManager: Mounting plugin AutomationUtils
LogPluginManager: Mounting plugin BackChannel
LogPluginManager: Mounting plugin CharacterAI
LogPluginManager: Mounting plugin GeometryCache
LogPluginManager: Mounting plugin HTML5Networking
LogPluginManager: Mounting plugin PlatformCrypto
LogPluginManager: Mounting plugin ProxyLODPlugin
LogPluginManager: Mounting plugin SkeletalReduction
LogPluginManager: Mounting plugin MagicLeap
LogPluginManager: Mounting plugin MagicLeapMedia
LogPluginManager: Mounting plugin AndroidMedia
LogPluginManager: Mounting plugin AvfMedia
LogPluginManager: Mounting plugin ImgMedia
LogPluginManager: Mounting plugin MediaCompositing
LogPluginManager: Mounting plugin MediaPlayerEditor
LogPluginManager: Mounting plugin WebMMedia
LogPluginManager: Mounting plugin WmfMedia
LogPluginManager: Mounting plugin TcpMessaging
LogPluginManager: Mounting plugin UdpMessaging
LogPluginManager: Mounting plugin ActorSequence
LogPluginManager: Mounting plugin LevelSequenceEditor
LogPluginManager: Mounting plugin MatineeToLevelSequence
LogPluginManager: Mounting plugin NetcodeUnitTest
LogPluginManager: Mounting plugin NUTUnrealEngine4
LogPluginManager: Mounting plugin OnlineSubsystemGooglePlay
LogPluginManager: Mounting plugin OnlineSubsystemIOS
LogPluginManager: Mounting plugin OnlineSubsystem
LogPluginManager: Mounting plugin OnlineSubsystemNull
LogPluginManager: Mounting plugin OnlineSubsystemUtils
LogPluginManager: Mounting plugin LauncherChunkInstaller
LogPluginManager: Mounting plugin AndroidDeviceProfileSelector
LogPluginManager: Mounting plugin AndroidMoviePlayer
LogPluginManager: Mounting plugin AndroidPermission
LogPluginManager: Mounting plugin AppleImageUtils
LogPluginManager: Mounting plugin AppleMoviePlayer
LogPluginManager: Mounting plugin ArchVisCharacter
LogPluginManager: Mounting plugin AudioCapture
LogPluginManager: Mounting plugin CableComponent
LogPluginManager: Mounting plugin CustomMeshComponent
LogPluginManager: Mounting plugin EditableMesh
LogPluginManager: Mounting plugin ExampleDeviceProfileSelector
LogPluginManager: Mounting plugin GoogleCloudMessaging
LogPluginManager: Mounting plugin IOSDeviceProfileSelector
LogPluginManager: Mounting plugin LinuxDeviceProfileSelector
LogPluginManager: Mounting plugin LocationServicesBPLibrary
LogPluginManager: Mounting plugin MobilePatchingUtils
LogPluginManager: Mounting plugin OculusVR
LogPluginManager: Mounting plugin PhysXVehicles
LogPluginManager: Mounting plugin ProceduralMeshComponent
LogPluginManager: Mounting plugin RuntimePhysXCooking
LogPluginManager: Mounting plugin SignificanceManager
LogPluginManager: Mounting plugin SteamVR
LogPluginManager: Mounting plugin WebMMoviePlayer
LogPluginManager: Mounting plugin WindowsMoviePlayer
LogPluginManager: Mounting plugin ScreenshotTools
LogInit: Using libcurl 7.55.1-DEV
LogInit:  - built for x86_64-pc-win32
LogInit:  - supports SSL with OpenSSL/1.1.1
LogInit:  - supports HTTP deflate (compression) using libz 1.2.8
LogInit:  - other features:
LogInit:      CURL_VERSION_SSL
LogInit:      CURL_VERSION_LIBZ
LogInit:      CURL_VERSION_IPV6
LogInit:      CURL_VERSION_ASYNCHDNS
LogInit:      CURL_VERSION_LARGEFILE
LogInit:      CURL_VERSION_IDN
LogInit:  CurlRequestOptions (configurable via config and command line):
LogInit:  - bVerifyPeer = true  - Libcurl will verify peer certificate
LogInit:  - bUseHttpProxy = false  - Libcurl will NOT use HTTP proxy
LogInit:  - bDontReuseConnections = false  - Libcurl will reuse connections
LogInit:  - MaxHostConnections = 16  - Libcurl will limit the number of connections to a host
LogInit:  - LocalHostAddr = Default
LogInit:  - BufferSize = 65536
LogOnline: OSS: Creating online subsystem instance for: NULL
LogInit: WinSock: version 1.1 (2.2), MaxSocks=32767, MaxUdp=65467
LogInit: Build: ++UE4+Release-4.23-CL-9631420
LogInit: Engine Version: 4.23.1-9631420+++UE4+Release-4.23
LogInit: Compatible Engine Version: 4.23.0-8386587+++UE4+Release-4.23
LogInit: Net CL: 8386587
LogInit: OS: Windows 10 (Release 1903) (), CPU: AMD Ryzen 7 1700 Eight-Core Processor          , GPU: NVIDIA GeForce GTX 1050 Ti
LogInit: Compiled (64-bit): Oct 18 2019 02:07:44
LogInit: Compiled with Visual C++: 19.16.27030.01
LogInit: Build Configuration: Development
LogInit: Branch Name: ++UE4+Release-4.23
LogInit: Command Line: 
LogInit: Base Directory: C:/UE_4_23/UE_4.23/Engine/Binaries/Win64/
LogInit: Installed Engine Build: 1
LogDevObjectVersion: Number of dev versions registered: 23
LogDevObjectVersion:   Dev-Blueprints (B0D832E4-1F89-4F0D-ACCF-7EB736FD4AA2): 10
LogDevObjectVersion:   Dev-Build (E1C64328-A22C-4D53-A36C-8E866417BD8C): 0
LogDevObjectVersion:   Dev-Core (375EC13C-06E4-48FB-B500-84F0262A717E): 3
LogDevObjectVersion:   Dev-Editor (E4B068ED-F494-42E9-A231-DA0B2E46BB41): 34
LogDevObjectVersion:   Dev-Framework (CFFC743F-43B0-4480-9391-14DF171D2073): 35
LogDevObjectVersion:   Dev-Mobile (B02B49B5-BB20-44E9-A304-32B752E40360): 2
LogDevObjectVersion:   Dev-Networking (A4E4105C-59A1-49B5-A7C5-40C4547EDFEE): 0
LogDevObjectVersion:   Dev-Online (39C831C9-5AE6-47DC-9A44-9C173E1C8E7C): 0
LogDevObjectVersion:   Dev-Physics (78F01B33-EBEA-4F98-B9B4-84EACCB95AA2): 0
LogDevObjectVersion:   Dev-Platform (6631380F-2D4D-43E0-8009-CF276956A95A): 0
LogDevObjectVersion:   Dev-Rendering (12F88B9F-8875-4AFC-A67C-D90C383ABD29): 31
LogDevObjectVersion:   Dev-Sequencer (7B5AE74C-D270-4C10-A958-57980B212A5A): 11
LogDevObjectVersion:   Dev-VR (D7296918-1DD6-4BDD-9DE2-64A83CC13884): 2
LogDevObjectVersion:   Dev-LoadTimes (C2A15278-BFE7-4AFE-6C17-90FF531DF755): 1
LogDevObjectVersion:   Private-Geometry (6EACA3D4-40EC-4CC1-B786-8BED09428FC5): 3
LogDevObjectVersion:   Dev-AnimPhys (29E575DD-E0A3-4627-9D10-D276232CDCEA): 17
LogDevObjectVersion:   Dev-Anim (AF43A65D-7FD3-4947-9873-3E8ED9C1BB05): 2
LogDevObjectVersion:   Dev-ReflectionCapture (6B266CEC-1EC7-4B8F-A30B-E4D90942FC07): 1
LogDevObjectVersion:   Dev-Automation (0DF73D61-A23F-47EA-B727-89E90C41499A): 1
LogDevObjectVersion:   FortniteMain (601D1886-AC64-4F84-AA16-D3DE0DEAC7D6): 27
LogDevObjectVersion:   Dev-Enterprise (9DFFBCD6-494F-0158-E221-12823C92A888): 6
LogDevObjectVersion:   Dev-Niagara (F2AED0AC-9AFE-416F-8664-AA7FFA26D6FC): 1
LogDevObjectVersion:   Dev-Destruction (174F1F0B-B4C6-45A5-B13F-2EE8D0FB917D): 9
LogInit: Presizing for max 16777216 objects, including 0 objects not considered by GC, pre-allocating 0 bytes for permanent pool.
LogInit: Object subsystem initialized
LogConfig: Setting CVar [[con.DebugEarlyDefault:1]]
LogConfig: Setting CVar [[r.setres:1280x720]]
[2020.03.16-17.46.10:489][  0]LogConfig: Setting CVar [[r.VSync:0]]
[2020.03.16-17.46.10:489][  0]LogConfig: Setting CVar [[r.RHICmdBypass:0]]
[2020.03.16-17.46.10:489][  0]LogConfig: Applying CVar settings from Section [/Script/Engine.RendererSettings] File [D:/Unreal projects/Portfolio Pieces/Project Clockwork Backup Desktop/Project_Clockwork/Book_Project/Saved/Config/Windows/Engine.ini]
[2020.03.16-17.46.10:489][  0]LogConfig: Setting CVar [[r.GPUCrashDebugging:0]]
[2020.03.16-17.46.10:489][  0]LogConfig: Applying CVar settings from Section [/Script/Engine.RendererOverrideSettings] File [D:/Unreal projects/Portfolio Pieces/Project Clockwork Backup Desktop/Project_Clockwork/Book_Project/Saved/Config/Windows/Engine.ini]
[2020.03.16-17.46.10:489][  0]LogConfig: Applying CVar settings from Section [/Script/Engine.StreamingSettings] File [D:/Unreal projects/Portfolio Pieces/Project Clockwork Backup Desktop/Project_Clockwork/Book_Project/Saved/Config/Windows/Engine.ini]
[2020.03.16-17.46.10:489][  0]LogConfig: Setting CVar [[s.MinBulkDataSizeForAsyncLoading:131072]]
[2020.03.16-17.46.10:489][  0]LogConfig: Setting CVar [[s.AsyncLoadingThreadEnabled:0]]
[2020.03.16-17.46.10:489][  0]LogConfig: Setting CVar [[s.EventDrivenLoaderEnabled:1]]
[2020.03.16-17.46.10:489][  0]LogConfig: Setting CVar [[s.WarnIfTimeLimitExceeded:0]]
[2020.03.16-17.46.10:489][  0]LogConfig: Setting CVar [[s.TimeLimitExceededMultiplier:1.5]]
[2020.03.16-17.46.10:489][  0]LogConfig: Setting CVar [[s.TimeLimitExceededMinTime:0.005]]
[2020.03.16-17.46.10:489][  0]LogConfig: Setting CVar [[s.UseBackgroundLevelStreaming:1]]
[2020.03.16-17.46.10:489][  0]LogConfig: Setting CVar [[s.PriorityAsyncLoadingExtraTime:15.0]]
[2020.03.16-17.46.10:489][  0]LogConfig: Setting CVar [[s.LevelStreamingActorsUpdateTimeLimit:5.0]]
[2020.03.16-17.46.10:489][  0]LogConfig: Setting CVar [[s.PriorityLevelStreamingActorsUpdateExtraTime:5.0]]
[2020.03.16-17.46.10:489][  0]LogConfig: Setting CVar [[s.LevelStreamingComponentsRegistrationGranularity:10]]
[2020.03.16-17.46.10:489][  0]LogConfig: Setting CVar [[s.UnregisterComponentsTimeLimit:1.0]]
[2020.03.16-17.46.10:489][  0]LogConfig: Setting CVar [[s.LevelStreamingComponentsUnregistrationGranularity:5]]
[2020.03.16-17.46.10:489][  0]LogConfig: Applying CVar settings from Section [/Script/Engine.GarbageCollectionSettings] File [D:/Unreal projects/Portfolio Pieces/Project Clockwork Backup Desktop/Project_Clockwork/Book_Project/Saved/Config/Windows/Engine.ini]
[2020.03.16-17.46.10:489][  0]LogConfig: Setting CVar [[gc.MaxObjectsNotConsideredByGC:1]]
[2020.03.16-17.46.10:489][  0]LogConfig: Setting CVar [[gc.SizeOfPermanentObjectPool:0]]
[2020.03.16-17.46.10:489][  0]LogConfig: Setting CVar [[gc.FlushStreamingOnGC:0]]
[2020.03.16-17.46.10:489][  0]LogConfig: Setting CVar [[gc.NumRetriesBeforeForcingGC:10]]
[2020.03.16-17.46.10:489][  0]LogConfig: Setting CVar [[gc.AllowParallelGC:1]]
[2020.03.16-17.46.10:489][  0]LogConfig: Setting CVar [[gc.TimeBetweenPurgingPendingKillObjects:61.1]]
[2020.03.16-17.46.10:489][  0]LogConfig: Setting CVar [[gc.MaxObjectsInEditor:16777216]]
[2020.03.16-17.46.10:489][  0]LogConfig: Setting CVar [[gc.IncrementalBeginDestroyEnabled:1]]
[2020.03.16-17.46.10:489][  0]LogConfig: Setting CVar [[gc.CreateGCClusters:1]]
[2020.03.16-17.46.10:489][  0]LogConfig: Setting CVar [[gc.MinGCClusterSize:5]]
[2020.03.16-17.46.10:490][  0]LogConfig: Setting CVar [[gc.ActorClusteringEnabled:0]]
[2020.03.16-17.46.10:490][  0]LogConfig: Setting CVar [[gc.BlueprintClusteringEnabled:0]]
[2020.03.16-17.46.10:490][  0]LogConfig: Setting CVar [[gc.UseDisregardForGCOnDedicatedServers:0]]
[2020.03.16-17.46.10:490][  0]LogConfig: Applying CVar settings from Section [/Script/Engine.NetworkSettings] File [D:/Unreal projects/Portfolio Pieces/Project Clockwork Backup Desktop/Project_Clockwork/Book_Project/Saved/Config/Windows/Engine.ini]
[2020.03.16-17.46.10:490][  0]LogConfig: Applying CVar settings from Section [/Script/UnrealEd.CookerSettings] File [D:/Unreal projects/Portfolio Pieces/Project Clockwork Backup Desktop/Project_Clockwork/Book_Project/Saved/Config/Windows/Engine.ini]
[2020.03.16-17.46.10:492][  0]LogConfig: Applying CVar settings from Section [ViewDistanceQuality@3] File [D:/Unreal projects/Portfolio Pieces/Project Clockwork Backup Desktop/Project_Clockwork/Book_Project/Saved/Config/Windows/Scalability.ini]
[2020.03.16-17.46.10:492][  0]LogConfig: Setting CVar [[r.SkeletalMeshLODBias:0]]
[2020.03.16-17.46.10:492][  0]LogConfig: Setting CVar [[r.ViewDistanceScale:1.0]]
[2020.03.16-17.46.10:492][  0]LogConfig: Applying CVar settings from Section [AntiAliasingQuality@3] File [D:/Unreal projects/Portfolio Pieces/Project Clockwork Backup Desktop/Project_Clockwork/Book_Project/Saved/Config/Windows/Scalability.ini]
[2020.03.16-17.46.10:492][  0]LogConfig: Setting CVar [[r.PostProcessAAQuality:4]]
[2020.03.16-17.46.10:492][  0]LogConfig: Applying CVar settings from Section [ShadowQuality@3] File [D:/Unreal projects/Portfolio Pieces/Project Clockwork Backup Desktop/Project_Clockwork/Book_Project/Saved/Config/Windows/Scalability.ini]
[2020.03.16-17.46.10:492][  0]LogConfig: Setting CVar [[r.LightFunctionQuality:1]]
[2020.03.16-17.46.10:492][  0]LogConfig: Setting CVar [[r.ShadowQuality:5]]
[2020.03.16-17.46.10:492][  0]LogConfig: Setting CVar [[r.Shadow.CSM.MaxCascades:10]]
[2020.03.16-17.46.10:492][  0]LogConfig: Setting CVar [[r.Shadow.MaxResolution:2048]]
[2020.03.16-17.46.10:492][  0]LogConfig: Setting CVar [[r.Shadow.MaxCSMResolution:2048]]
[2020.03.16-17.46.10:492][  0]LogConfig: Setting CVar [[r.Shadow.RadiusThreshold:0.01]]
[2020.03.16-17.46.10:492][  0]LogConfig: Setting CVar [[r.Shadow.DistanceScale:1.0]]
[2020.03.16-17.46.10:492][  0]LogConfig: Setting CVar [[r.Shadow.CSM.TransitionScale:1.0]]
[2020.03.16-17.46.10:492][  0]LogConfig: Setting CVar [[r.Shadow.PreShadowResolutionFactor:1.0]]
[2020.03.16-17.46.10:492][  0]LogConfig: Setting CVar [[r.DistanceFieldShadowing:1]]
[2020.03.16-17.46.10:492][  0]LogConfig: Setting CVar [[r.DistanceFieldAO:1]]
[2020.03.16-17.46.10:492][  0]LogConfig: Setting CVar [[r.AOQuality:2]]
[2020.03.16-17.46.10:492][  0]LogConfig: Setting CVar [[r.VolumetricFog:1]]
[2020.03.16-17.46.10:492][  0]LogConfig: Setting CVar [[r.VolumetricFog.GridPixelSize:8]]
[2020.03.16-17.46.10:492][  0]LogConfig: Setting CVar [[r.VolumetricFog.GridSizeZ:128]]
[2020.03.16-17.46.10:492][  0]LogConfig: Setting CVar [[r.VolumetricFog.HistoryMissSupersampleCount:4]]
[2020.03.16-17.46.10:492][  0]LogConfig: Setting CVar [[r.LightMaxDrawDistanceScale:1]]
[2020.03.16-17.46.10:492][  0]LogConfig: Setting CVar [[r.CapsuleShadows:1]]
[2020.03.16-17.46.10:492][  0]LogConfig: Applying CVar settings from Section [PostProcessQuality@3] File [D:/Unreal projects/Portfolio Pieces/Project Clockwork Backup Desktop/Project_Clockwork/Book_Project/Saved/Config/Windows/Scalability.ini]
[2020.03.16-17.46.10:492][  0]LogConfig: Setting CVar [[r.MotionBlurQuality:4]]
[2020.03.16-17.46.10:492][  0]LogConfig: Setting CVar [[r.AmbientOcclusionMipLevelFactor:0.4]]
[2020.03.16-17.46.10:492][  0]LogConfig: Setting CVar [[r.AmbientOcclusionMaxQuality:100]]
[2020.03.16-17.46.10:492][  0]LogConfig: Setting CVar [[r.AmbientOcclusionLevels:-1]]
[2020.03.16-17.46.10:492][  0]LogConfig: Setting CVar [[r.AmbientOcclusionRadiusScale:1.0]]
[2020.03.16-17.46.10:493][  0]LogConfig: Setting CVar [[r.DepthOfFieldQuality:2]]
[2020.03.16-17.46.10:493][  0]LogConfig: Setting CVar [[r.RenderTargetPoolMin:400]]
[2020.03.16-17.46.10:493][  0]LogConfig: Setting CVar [[r.LensFlareQuality:2]]
[2020.03.16-17.46.10:493][  0]LogConfig: Setting CVar [[r.SceneColorFringeQuality:1]]
[2020.03.16-17.46.10:493][  0]LogConfig: Setting CVar [[r.EyeAdaptationQuality:2]]
[2020.03.16-17.46.10:493][  0]LogConfig: Setting CVar [[r.BloomQuality:5]]
[2020.03.16-17.46.10:493][  0]LogConfig: Setting CVar [[r.FastBlurThreshold:100]]
[2020.03.16-17.46.10:493][  0]LogConfig: Setting CVar [[r.Upscale.Quality:3]]
[2020.03.16-17.46.10:493][  0]LogConfig: Setting CVar [[r.Tonemapper.GrainQuantization:1]]
[2020.03.16-17.46.10:493][  0]LogConfig: Setting CVar [[r.LightShaftQuality:1]]
[2020.03.16-17.46.10:493][  0]LogConfig: Setting CVar [[r.Filter.SizeScale:1]]
[2020.03.16-17.46.10:493][  0]LogConfig: Setting CVar [[r.Tonemapper.Quality:5]]
[2020.03.16-17.46.10:493][  0]LogConfig: Setting CVar [[r.DOF.Gather.AccumulatorQuality:1        ; higher gathering accumulator quality]]
[2020.03.16-17.46.10:493][  0]LogConfig: Setting CVar [[r.DOF.Gather.PostfilterMethod:1          ; Median3x3 postfilering method]]
[2020.03.16-17.46.10:493][  0]LogConfig: Setting CVar [[r.DOF.Gather.EnableBokehSettings:0       ; no bokeh simulation when gathering]]
[2020.03.16-17.46.10:493][  0]LogConfig: Setting CVar [[r.DOF.Gather.RingCount:4                 ; medium number of samples when gathering]]
[2020.03.16-17.46.10:493][  0]LogConfig: Setting CVar [[r.DOF.Scatter.ForegroundCompositing:1    ; additive foreground scattering]]
[2020.03.16-17.46.10:493][  0]LogConfig: Setting CVar [[r.DOF.Scatter.BackgroundCompositing:2    ; additive background scattering]]
[2020.03.16-17.46.10:493][  0]LogConfig: Setting CVar [[r.DOF.Scatter.EnableBokehSettings:1      ; bokeh simulation when scattering]]
[2020.03.16-17.46.10:493][  0]LogConfig: Setting CVar [[r.DOF.Scatter.MaxSpriteRatio:0.1         ; only a maximum of 10% of scattered bokeh]]
[2020.03.16-17.46.10:493][  0]LogConfig: Setting CVar [[r.DOF.Recombine.Quality:1                ; cheap slight out of focus]]
[2020.03.16-17.46.10:493][  0]LogConfig: Setting CVar [[r.DOF.Recombine.EnableBokehSettings:0    ; no bokeh simulation on slight out of focus]]
[2020.03.16-17.46.10:493][  0]LogConfig: Setting CVar [[r.DOF.TemporalAAQuality:1                ; more stable temporal accumulation]]
[2020.03.16-17.46.10:493][  0]LogConfig: Setting CVar [[r.DOF.Kernel.MaxForegroundRadius:0.025]]
[2020.03.16-17.46.10:493][  0]LogConfig: Setting CVar [[r.DOF.Kernel.MaxBackgroundRadius:0.025]]
[2020.03.16-17.46.10:493][  0]LogConfig: Applying CVar settings from Section [TextureQuality@3] File [D:/Unreal projects/Portfolio Pieces/Project Clockwork Backup Desktop/Project_Clockwork/Book_Project/Saved/Config/Windows/Scalability.ini]
[2020.03.16-17.46.10:493][  0]LogConfig: Setting CVar [[r.Streaming.MipBias:0]]
[2020.03.16-17.46.10:493][  0]LogConfig: Setting CVar [[r.Streaming.AmortizeCPUToGPUCopy:0]]
[2020.03.16-17.46.10:493][  0]LogConfig: Setting CVar [[r.Streaming.MaxNumTexturesToStreamPerFrame:0]]
[2020.03.16-17.46.10:493][  0]LogConfig: Setting CVar [[r.Streaming.Boost:1]]
[2020.03.16-17.46.10:493][  0]LogConfig: Setting CVar [[r.MaxAnisotropy:8]]
[2020.03.16-17.46.10:493][  0]LogConfig: Setting CVar [[r.Streaming.LimitPoolSizeToVRAM:0]]
[2020.03.16-17.46.10:493][  0]LogConfig: Setting CVar [[r.Streaming.PoolSize:1000]]
[2020.03.16-17.46.10:493][  0]LogConfig: Setting CVar [[r.Streaming.MaxEffectiveScreenSize:0]]
[2020.03.16-17.46.10:493][  0]LogConfig: Applying CVar settings from Section [EffectsQuality@3] File [D:/Unreal projects/Portfolio Pieces/Project Clockwork Backup Desktop/Project_Clockwork/Book_Project/Saved/Config/Windows/Scalability.ini]
[2020.03.16-17.46.10:493][  0]LogConfig: Setting CVar [[r.TranslucencyLightingVolumeDim:64]]
[2020.03.16-17.46.10:493][  0]LogConfig: Setting CVar [[r.RefractionQuality:2]]
[2020.03.16-17.46.10:493][  0]LogConfig: Setting CVar [[r.SSR.Quality:3]]
[2020.03.16-17.46.10:493][  0]LogConfig: Setting CVar [[r.SceneColorFormat:4]]
[2020.03.16-17.46.10:493][  0]LogConfig: Setting CVar [[r.DetailMode:2]]
[2020.03.16-17.46.10:493][  0]LogConfig: Setting CVar [[r.TranslucencyVolumeBlur:1]]
[2020.03.16-17.46.10:493][  0]LogConfig: Setting CVar [[r.MaterialQualityLevel:1 ; High quality]]
[2020.03.16-17.46.10:493][  0]LogConfig: Setting CVar [[r.SSS.Scale:1]]
[2020.03.16-17.46.10:493][  0]LogConfig: Setting CVar [[r.SSS.SampleSet:2]]
[2020.03.16-17.46.10:493][  0]LogConfig: Setting CVar [[r.SSS.Quality:1]]
[2020.03.16-17.46.10:493][  0]LogConfig: Setting CVar [[r.SSS.HalfRes:1]]
[2020.03.16-17.46.10:493][  0]LogConfig: Setting CVar [[r.EmitterSpawnRateScale:1.0]]
[2020.03.16-17.46.10:493][  0]LogConfig: Setting CVar [[r.ParticleLightQuality:2]]
[2020.03.16-17.46.10:493][  0]LogConfig: Applying CVar settings from Section [FoliageQuality@3] File [D:/Unreal projects/Portfolio Pieces/Project Clockwork Backup Desktop/Project_Clockwork/Book_Project/Saved/Config/Windows/Scalability.ini]
[2020.03.16-17.46.10:493][  0]LogConfig: Setting CVar [[foliage.DensityScale:1.0]]
[2020.03.16-17.46.10:493][  0]LogConfig: Setting CVar [[grass.DensityScale:1.0]]
[2020.03.16-17.46.10:493][  0]LogInit: Selected Device Profile: [Windows]
[2020.03.16-17.46.10:493][  0]LogInit: Applying CVar settings loaded from the selected device profile: [Windows]
[2020.03.16-17.46.10:497][  0]LogHAL: Display: Platform has ~ 16 GB [17108713472 / 17179869184 / 16], which maps to Larger [LargestMinGB=32, LargerMinGB=12, DefaultMinGB=8, SmallerMinGB=6, SmallestMinGB=0)
[2020.03.16-17.46.10:497][  0]LogInit: Going up to parent DeviceProfile []
[2020.03.16-17.46.10:497][  0]LogConfig: Applying CVar settings from Section [ViewDistanceQuality@3] File [D:/Unreal projects/Portfolio Pieces/Project Clockwork Backup Desktop/Project_Clockwork/Book_Project/Saved/Config/Windows/Scalability.ini]
[2020.03.16-17.46.10:497][  0]LogConfig: Setting CVar [[r.SkeletalMeshLODBias:0]]
[2020.03.16-17.46.10:497][  0]LogConfig: Setting CVar [[r.ViewDistanceScale:1.0]]
[2020.03.16-17.46.10:497][  0]LogConfig: Applying CVar settings from Section [AntiAliasingQuality@2] File [D:/Unreal projects/Portfolio Pieces/Project Clockwork Backup Desktop/Project_Clockwork/Book_Project/Saved/Config/Windows/Scalability.ini]
[2020.03.16-17.46.10:497][  0]LogConfig: Setting CVar [[r.PostProcessAAQuality:3]]
[2020.03.16-17.46.10:497][  0]LogConfig: Applying CVar settings from Section [ShadowQuality@3] File [D:/Unreal projects/Portfolio Pieces/Project Clockwork Backup Desktop/Project_Clockwork/Book_Project/Saved/Config/Windows/Scalability.ini]
[2020.03.16-17.46.10:497][  0]LogConfig: Setting CVar [[r.LightFunctionQuality:1]]
[2020.03.16-17.46.10:497][  0]LogConfig: Setting CVar [[r.ShadowQuality:5]]
[2020.03.16-17.46.10:497][  0]LogConfig: Setting CVar [[r.Shadow.CSM.MaxCascades:10]]
[2020.03.16-17.46.10:497][  0]LogConfig: Setting CVar [[r.Shadow.MaxResolution:2048]]
[2020.03.16-17.46.10:497][  0]LogConfig: Setting CVar [[r.Shadow.MaxCSMResolution:2048]]
[2020.03.16-17.46.10:497][  0]LogConfig: Setting CVar [[r.Shadow.RadiusThreshold:0.01]]
[2020.03.16-17.46.10:497][  0]LogConfig: Setting CVar [[r.Shadow.DistanceScale:1.0]]
[2020.03.16-17.46.10:498][  0]LogConfig: Setting CVar [[r.Shadow.CSM.TransitionScale:1.0]]
[2020.03.16-17.46.10:498][  0]LogConfig: Setting CVar [[r.Shadow.PreShadowResolutionFactor:1.0]]
[2020.03.16-17.46.10:498][  0]LogConfig: Setting CVar [[r.DistanceFieldShadowing:1]]
[2020.03.16-17.46.10:498][  0]LogConfig: Setting CVar [[r.DistanceFieldAO:1]]
[2020.03.16-17.46.10:498][  0]LogConfig: Setting CVar [[r.AOQuality:2]]
[2020.03.16-17.46.10:498][  0]LogConfig: Setting CVar [[r.VolumetricFog:1]]
[2020.03.16-17.46.10:498][  0]LogConfig: Setting CVar [[r.VolumetricFog.GridPixelSize:8]]
[2020.03.16-17.46.10:498][  0]LogConfig: Setting CVar [[r.VolumetricFog.GridSizeZ:128]]
[2020.03.16-17.46.10:498][  0]LogConfig: Setting CVar [[r.VolumetricFog.HistoryMissSupersampleCount:4]]
[2020.03.16-17.46.10:498][  0]LogConfig: Setting CVar [[r.LightMaxDrawDistanceScale:1]]
[2020.03.16-17.46.10:498][  0]LogConfig: Setting CVar [[r.CapsuleShadows:1]]
[2020.03.16-17.46.10:498][  0]LogConfig: Applying CVar settings from Section [PostProcessQuality@2] File [D:/Unreal projects/Portfolio Pieces/Project Clockwork Backup Desktop/Project_Clockwork/Book_Project/Saved/Config/Windows/Scalability.ini]
[2020.03.16-17.46.10:498][  0]LogConfig: Setting CVar [[r.MotionBlurQuality:3]]
[2020.03.16-17.46.10:498][  0]LogConfig: Setting CVar [[r.AmbientOcclusionMipLevelFactor:0.6]]
[2020.03.16-17.46.10:498][  0]LogConfig: Setting CVar [[r.AmbientOcclusionMaxQuality:100]]
[2020.03.16-17.46.10:498][  0]LogConfig: Setting CVar [[r.AmbientOcclusionLevels:-1]]
[2020.03.16-17.46.10:498][  0]LogConfig: Setting CVar [[r.AmbientOcclusionRadiusScale:1.5]]
[2020.03.16-17.46.10:498][  0]LogConfig: Setting CVar [[r.DepthOfFieldQuality:2]]
[2020.03.16-17.46.10:498][  0]LogConfig: Setting CVar [[r.RenderTargetPoolMin:400]]
[2020.03.16-17.46.10:498][  0]LogConfig: Setting CVar [[r.LensFlareQuality:2]]
[2020.03.16-17.46.10:498][  0]LogConfig: Setting CVar [[r.SceneColorFringeQuality:1]]
[2020.03.16-17.46.10:498][  0]LogConfig: Setting CVar [[r.EyeAdaptationQuality:2]]
[2020.03.16-17.46.10:498][  0]LogConfig: Setting CVar [[r.BloomQuality:5]]
[2020.03.16-17.46.10:498][  0]LogConfig: Setting CVar [[r.FastBlurThreshold:3]]
[2020.03.16-17.46.10:498][  0]LogConfig: Setting CVar [[r.Upscale.Quality:2]]
[2020.03.16-17.46.10:498][  0]LogConfig: Setting CVar [[r.Tonemapper.GrainQuantization:1]]
[2020.03.16-17.46.10:498][  0]LogConfig: Setting CVar [[r.LightShaftQuality:1]]
[2020.03.16-17.46.10:498][  0]LogConfig: Setting CVar [[r.Filter.SizeScale:0.8]]
[2020.03.16-17.46.10:498][  0]LogConfig: Setting CVar [[r.Tonemapper.Quality:5]]
[2020.03.16-17.46.10:498][  0]LogConfig: Setting CVar [[r.DOF.Gather.AccumulatorQuality:0        ; lower gathering accumulator quality]]
[2020.03.16-17.46.10:498][  0]LogConfig: Setting CVar [[r.DOF.Gather.PostfilterMethod:2          ; Max3x3 postfilering method]]
[2020.03.16-17.46.10:498][  0]LogConfig: Setting CVar [[r.DOF.Gather.EnableBokehSettings:0       ; no bokeh simulation when gathering]]
[2020.03.16-17.46.10:498][  0]LogConfig: Setting CVar [[r.DOF.Gather.RingCount:4                 ; medium number of samples when gathering]]
[2020.03.16-17.46.10:498][  0]LogConfig: Setting CVar [[r.DOF.Scatter.ForegroundCompositing:1    ; additive foreground scattering]]
[2020.03.16-17.46.10:498][  0]LogConfig: Setting CVar [[r.DOF.Scatter.BackgroundCompositing:1    ; no background occlusion]]
[2020.03.16-17.46.10:498][  0]LogConfig: Setting CVar [[r.DOF.Scatter.EnableBokehSettings:0      ; no bokeh simulation when scattering]]
[2020.03.16-17.46.10:498][  0]LogConfig: Setting CVar [[r.DOF.Scatter.MaxSpriteRatio:0.04        ; only a maximum of 4% of scattered bokeh]]
[2020.03.16-17.46.10:498][  0]LogConfig: Setting CVar [[r.DOF.Recombine.Quality:0                ; no slight out of focus]]
[2020.03.16-17.46.10:498][  0]LogConfig: Setting CVar [[r.DOF.TemporalAAQuality:0                ; faster temporal accumulation]]
[2020.03.16-17.46.10:498][  0]LogConfig: Setting CVar [[r.DOF.Kernel.MaxForegroundRadius:0.012   ; required because of AccumulatorQuality=0]]
[2020.03.16-17.46.10:498][  0]LogConfig: Setting CVar [[r.DOF.Kernel.MaxBackgroundRadius:0.012   ; required because of AccumulatorQuality=0]]
[2020.03.16-17.46.10:498][  0]LogConfig: Applying CVar settings from Section [TextureQuality@2] File [D:/Unreal projects/Portfolio Pieces/Project Clockwork Backup Desktop/Project_Clockwork/Book_Project/Saved/Config/Windows/Scalability.ini]
[2020.03.16-17.46.10:498][  0]LogConfig: Setting CVar [[r.Streaming.MipBias:0]]
[2020.03.16-17.46.10:498][  0]LogConfig: Setting CVar [[r.Streaming.AmortizeCPUToGPUCopy:0]]
[2020.03.16-17.46.10:498][  0]LogConfig: Setting CVar [[r.Streaming.MaxNumTexturesToStreamPerFrame:0]]
[2020.03.16-17.46.10:498][  0]LogConfig: Setting CVar [[r.Streaming.Boost:1]]
[2020.03.16-17.46.10:498][  0]LogConfig: Setting CVar [[r.MaxAnisotropy:4]]
[2020.03.16-17.46.10:498][  0]LogConfig: Setting CVar [[r.Streaming.LimitPoolSizeToVRAM:1]]
[2020.03.16-17.46.10:498][  0]LogConfig: Setting CVar [[r.Streaming.PoolSize:800]]
[2020.03.16-17.46.10:498][  0]LogConfig: Setting CVar [[r.Streaming.MaxEffectiveScreenSize:0]]
[2020.03.16-17.46.10:498][  0]LogConfig: Applying CVar settings from Section [EffectsQuality@3] File [D:/Unreal projects/Portfolio Pieces/Project Clockwork Backup Desktop/Project_Clockwork/Book_Project/Saved/Config/Windows/Scalability.ini]
[2020.03.16-17.46.10:498][  0]LogConfig: Setting CVar [[r.TranslucencyLightingVolumeDim:64]]
[2020.03.16-17.46.10:498][  0]LogConfig: Setting CVar [[r.RefractionQuality:2]]
[2020.03.16-17.46.10:498][  0]LogConfig: Setting CVar [[r.SSR.Quality:3]]
[2020.03.16-17.46.10:498][  0]LogConfig: Setting CVar [[r.SceneColorFormat:4]]
[2020.03.16-17.46.10:498][  0]LogConfig: Setting CVar [[r.DetailMode:2]]
[2020.03.16-17.46.10:498][  0]LogConfig: Setting CVar [[r.TranslucencyVolumeBlur:1]]
[2020.03.16-17.46.10:498][  0]LogConfig: Setting CVar [[r.MaterialQualityLevel:1 ; High quality]]
[2020.03.16-17.46.10:499][  0]LogConfig: Setting CVar [[r.SSS.Scale:1]]
[2020.03.16-17.46.10:499][  0]LogConfig: Setting CVar [[r.SSS.SampleSet:2]]
[2020.03.16-17.46.10:499][  0]LogConfig: Setting CVar [[r.SSS.Quality:1]]
[2020.03.16-17.46.10:499][  0]LogConfig: Setting CVar [[r.SSS.HalfRes:1]]
[2020.03.16-17.46.10:499][  0]LogConfig: Setting CVar [[r.EmitterSpawnRateScale:1.0]]
[2020.03.16-17.46.10:499][  0]LogConfig: Setting CVar [[r.ParticleLightQuality:2]]
[2020.03.16-17.46.10:499][  0]LogConfig: Applying CVar settings from Section [FoliageQuality@2] File [D:/Unreal projects/Portfolio Pieces/Project Clockwork Backup Desktop/Project_Clockwork/Book_Project/Saved/Config/Windows/Scalability.ini]
[2020.03.16-17.46.10:499][  0]LogConfig: Setting CVar [[foliage.DensityScale:0.8]]
[2020.03.16-17.46.10:499][  0]LogConfig: Setting CVar [[grass.DensityScale:0.8]]
[2020.03.16-17.46.10:499][  0]LogConfig: Applying CVar settings from Section [Startup] File [../../../Engine/Config/ConsoleVariables.ini]
[2020.03.16-17.46.10:499][  0]LogConfig: Setting CVar [[net.UseAdaptiveNetUpdateFrequency:0]]
[2020.03.16-17.46.10:499][  0]LogConfig: Setting CVar [[p.chaos.AllowCreatePhysxBodies:1]]
[2020.03.16-17.46.10:499][  0]LogConfig: Applying CVar settings from Section [ConsoleVariables] File [D:/Unreal projects/Portfolio Pieces/Project Clockwork Backup Desktop/Project_Clockwork/Book_Project/Saved/Config/Windows/Engine.ini]
[2020.03.16-17.46.10:499][  0]LogInit: Computer: SAFARIS-PC
[2020.03.16-17.46.10:499][  0]LogInit: User: Safari
[2020.03.16-17.46.10:499][  0]LogInit: CPU Page size=4096, Cores=8
[2020.03.16-17.46.10:499][  0]LogInit: High frequency timer resolution =10.000000 MHz
[2020.03.16-17.46.10:499][  0]LogMemory: Memory total: Physical=15.9GB (16GB approx)
[2020.03.16-17.46.10:499][  0]LogMemory: Platform Memory Stats for Windows
[2020.03.16-17.46.10:499][  0]LogMemory: Process Physical Memory: 103.26 MB used, 103.26 MB peak
[2020.03.16-17.46.10:499][  0]LogMemory: Process Virtual Memory: 100.66 MB used, 100.66 MB peak
[2020.03.16-17.46.10:499][  0]LogMemory: Physical Memory: 5156.30 MB used,  11159.84 MB free, 16316.14 MB total
[2020.03.16-17.46.10:499][  0]LogMemory: Virtual Memory: 4701.65 MB used,  134213024.00 MB free, 134217728.00 MB total
[2020.03.16-17.46.10:504][  0]LogWindows: WindowsPlatformFeatures enabled
[2020.03.16-17.46.10:543][  0]LogInit: Using OS detected language (en-US).
[2020.03.16-17.46.10:543][  0]LogInit: Using OS detected locale (en-US).
[2020.03.16-17.46.10:544][  0]LogTextLocalizationManager: No specific localization for 'en-US' exists, so the 'en' localization will be used.
[2020.03.16-17.46.10:741][  0]LogInit: Setting process to per monitor DPI aware
[2020.03.16-17.46.10:790][  0]LogSlate: New Slate User Created.  User Index 0, Is Virtual User: 0
[2020.03.16-17.46.10:791][  0]LogSlate: Slate User Registered.  User Index 0, Is Virtual User: 0
[2020.03.16-17.46.11:004][  0]LogHMD: Failed to initialize OpenVR with code 110
[2020.03.16-17.46.11:004][  0]LogD3D11RHI: D3D11 adapters:
[2020.03.16-17.46.11:092][  0]LogD3D11RHI:    0. 'NVIDIA GeForce GTX 1050 Ti' (Feature Level 11_0)
[2020.03.16-17.46.11:092][  0]LogD3D11RHI:       4018/0/8158 MB DedicatedVideo/DedicatedSystem/SharedSystem, Outputs:1, VendorId:0x10de
[2020.03.16-17.46.11:095][  0]LogD3D11RHI:    1. 'Microsoft Basic Render Driver' (Feature Level 11_0)
[2020.03.16-17.46.11:095][  0]LogD3D11RHI:       0/0/8158 MB DedicatedVideo/DedicatedSystem/SharedSystem, Outputs:0, VendorId:0x1414
[2020.03.16-17.46.11:095][  0]LogD3D11RHI: Chosen D3D11 Adapter: 0
[2020.03.16-17.46.11:103][  0]LogD3D11RHI: Creating new Direct3DDevice
[2020.03.16-17.46.11:104][  0]LogD3D11RHI:     GPU DeviceId: 0x1c82 (for the marketing name, search the web for "GPU Device Id")
[2020.03.16-17.46.11:104][  0]LogWindows: EnumDisplayDevices:
[2020.03.16-17.46.11:104][  0]LogWindows:    0. 'NVIDIA GeForce GTX 1050 Ti' (P:1 D:1)
[2020.03.16-17.46.11:104][  0]LogWindows:    1. 'NVIDIA GeForce GTX 1050 Ti' (P:0 D:0)
[2020.03.16-17.46.11:104][  0]LogWindows:    2. 'NVIDIA GeForce GTX 1050 Ti' (P:0 D:0)
[2020.03.16-17.46.11:105][  0]LogWindows:    3. 'NVIDIA GeForce GTX 1050 Ti' (P:0 D:0)
[2020.03.16-17.46.11:105][  0]LogWindows: DebugString: FoundDriverCount:4 
[2020.03.16-17.46.11:105][  0]LogD3D11RHI:     Adapter Name: NVIDIA GeForce GTX 1050 Ti
[2020.03.16-17.46.11:105][  0]LogD3D11RHI:   Driver Version: 436.15 (internal:26.21.14.3615, unified:436.15)
[2020.03.16-17.46.11:105][  0]LogD3D11RHI:      Driver Date: 8-24-2019
[2020.03.16-17.46.11:105][  0]LogRHI: Texture pool is 2812 MB (70% of 4018 MB)
[2020.03.16-17.46.11:164][  0]LogD3D11RHI: Async texture creation enabled
[2020.03.16-17.46.11:182][  0]LogD3D11RHI: GPU Timing Frequency: 1000.000000 (Debug: 2 1)
[2020.03.16-17.46.11:485][  0]LogTemp: Display: Module 'AllDesktopTargetPlatform' loaded TargetPlatform 'AllDesktop'
[2020.03.16-17.46.11:497][  0]LogTemp: Display: Module 'MacClientTargetPlatform' loaded TargetPlatform 'MacClient'
[2020.03.16-17.46.11:509][  0]LogTemp: Display: Module 'MacNoEditorTargetPlatform' loaded TargetPlatform 'MacNoEditor'
[2020.03.16-17.46.11:520][  0]LogTemp: Display: Module 'MacServerTargetPlatform' loaded TargetPlatform 'MacServer'
[2020.03.16-17.46.11:532][  0]LogTemp: Display: Module 'MacTargetPlatform' loaded TargetPlatform 'Mac'
[2020.03.16-17.46.11:544][  0]LogTemp: Display: Module 'WindowsClientTargetPlatform' loaded TargetPlatform 'WindowsClient'
[2020.03.16-17.46.11:556][  0]LogTemp: Display: Module 'WindowsNoEditorTargetPlatform' loaded TargetPlatform 'WindowsNoEditor'
[2020.03.16-17.46.11:577][  0]LogTemp: Display: Module 'WindowsServerTargetPlatform' loaded TargetPlatform 'WindowsServer'
[2020.03.16-17.46.11:583][  0]LogTemp: Display: Module 'WindowsTargetPlatform' loaded TargetPlatform 'Windows'
[2020.03.16-17.46.11:625][  0]LogTemp: Display: Module 'AndroidTargetPlatform' loaded TargetPlatform 'Android'
[2020.03.16-17.46.11:625][  0]LogTemp: Display: Module 'AndroidTargetPlatform' loaded TargetPlatform 'Android_ASTC'
[2020.03.16-17.46.11:625][  0]LogTemp: Display: Module 'AndroidTargetPlatform' loaded TargetPlatform 'Android_ATC'
[2020.03.16-17.46.11:625][  0]LogTemp: Display: Module 'AndroidTargetPlatform' loaded TargetPlatform 'Android_DXT'
[2020.03.16-17.46.11:625][  0]LogTemp: Display: Module 'AndroidTargetPlatform' loaded TargetPlatform 'Android_ETC1'
[2020.03.16-17.46.11:625][  0]LogTemp: Display: Module 'AndroidTargetPlatform' loaded TargetPlatform 'Android_ETC1a'
[2020.03.16-17.46.11:626][  0]LogTemp: Display: Module 'AndroidTargetPlatform' loaded TargetPlatform 'Android_ETC2'
[2020.03.16-17.46.11:626][  0]LogTemp: Display: Module 'AndroidTargetPlatform' loaded TargetPlatform 'Android_PVRTC'
[2020.03.16-17.46.11:626][  0]LogTemp: Display: Module 'AndroidTargetPlatform' loaded TargetPlatform 'AndroidClient'
[2020.03.16-17.46.11:626][  0]LogTemp: Display: Module 'AndroidTargetPlatform' loaded TargetPlatform 'Android_ASTCClient'
[2020.03.16-17.46.11:626][  0]LogTemp: Display: Module 'AndroidTargetPlatform' loaded TargetPlatform 'Android_ATCClient'
[2020.03.16-17.46.11:626][  0]LogTemp: Display: Module 'AndroidTargetPlatform' loaded TargetPlatform 'Android_DXTClient'
[2020.03.16-17.46.11:626][  0]LogTemp: Display: Module 'AndroidTargetPlatform' loaded TargetPlatform 'Android_ETC1Client'
[2020.03.16-17.46.11:626][  0]LogTemp: Display: Module 'AndroidTargetPlatform' loaded TargetPlatform 'Android_ETC1aClient'
[2020.03.16-17.46.11:626][  0]LogTemp: Display: Module 'AndroidTargetPlatform' loaded TargetPlatform 'Android_ETC2Client'
[2020.03.16-17.46.11:626][  0]LogTemp: Display: Module 'AndroidTargetPlatform' loaded TargetPlatform 'Android_PVRTCClient'
[2020.03.16-17.46.11:626][  0]LogTemp: Display: Module 'AndroidTargetPlatform' loaded TargetPlatform 'Android_Multi'
[2020.03.16-17.46.11:626][  0]LogTemp: Display: Module 'AndroidTargetPlatform' loaded TargetPlatform 'Android_MultiClient'
[2020.03.16-17.46.11:628][  0]LogTemp: Display: Module 'HTML5TargetPlatform' loaded TargetPlatform 'HTML5'
[2020.03.16-17.46.11:656][  0]LogTemp: Display: Module 'IOSTargetPlatform' loaded TargetPlatform 'IOSClient'
[2020.03.16-17.46.11:656][  0]LogTemp: Display: Module 'IOSTargetPlatform' loaded TargetPlatform 'IOS'
[2020.03.16-17.46.11:674][  0]LogTemp: Display: Module 'TVOSTargetPlatform' loaded TargetPlatform 'TVOSClient'
[2020.03.16-17.46.11:674][  0]LogTemp: Display: Module 'TVOSTargetPlatform' loaded TargetPlatform 'TVOS'
[2020.03.16-17.46.11:684][  0]LogTemp: Display: Module 'LinuxClientTargetPlatform' loaded TargetPlatform 'LinuxClient'
[2020.03.16-17.46.11:693][  0]LogTemp: Display: Module 'LinuxNoEditorTargetPlatform' loaded TargetPlatform 'LinuxNoEditor'
[2020.03.16-17.46.11:702][  0]LogTemp: Display: Module 'LinuxServerTargetPlatform' loaded TargetPlatform 'LinuxServer'
[2020.03.16-17.46.11:712][  0]LogTemp: Display: Module 'LinuxTargetPlatform' loaded TargetPlatform 'Linux'
[2020.03.16-17.46.11:743][  0]LogTemp: Display: Module 'LuminTargetPlatform' loaded TargetPlatform 'Lumin'
[2020.03.16-17.46.11:744][  0]LogTemp: Display: Module 'LuminTargetPlatform' loaded TargetPlatform 'LuminClient'
[2020.03.16-17.46.11:744][  0]LogTargetPlatformManager: Display: Building Assets For Windows
[2020.03.16-17.46.11:757][  0]LogAudioDebug: Display: Lib vorbis DLL was dynamically loaded.
[2020.03.16-17.46.11:840][  0]LogShaderCompilers: Guid format shader working directory is -53 characters bigger than the processId version (D:/Unreal projects/Portfolio Pieces/Project Clockwork Backup Desktop/Project_Clockwork/Book_Project/Intermediate/Shaders/WorkingDirectory/13584/).
[2020.03.16-17.46.11:840][  0]LogShaderCompilers: Cleaned the shader compiler working directory 'C:/Users/Safari/AppData/Local/Temp/UnrealShaderWorkingDir/791BAB404D913D48BC31AC82D5FC05E9/'.
[2020.03.16-17.46.11:843][  0]LogXGEController: Cleaning working directory: C:/Users/Safari/AppData/Local/Temp/UnrealXGEWorkingDir/
[2020.03.16-17.46.11:844][  0]LogXGEController: Cannot use XGE Controller as Incredibuild is not installed on this machine.
[2020.03.16-17.46.11:844][  0]LogShaderCompilers: Cannot use XGE Shader Compiler as Incredibuild is not installed on this machine.
[2020.03.16-17.46.11:844][  0]LogShaderCompilers: Display: Using Local Shader Compiler.
[2020.03.16-17.46.12:545][  0]LogDerivedDataCache: Display: Max Cache Size: 512 MB
[2020.03.16-17.46.12:592][  0]LogDerivedDataCache: Loaded boot cache 0.05s 73MB C:/Users/Safari/AppData/Local/UnrealEngine/4.23/DerivedDataCache/Boot.ddc.
[2020.03.16-17.46.12:592][  0]LogDerivedDataCache: Display: Loaded Boot cache: C:/Users/Safari/AppData/Local/UnrealEngine/4.23/DerivedDataCache/Boot.ddc
[2020.03.16-17.46.12:592][  0]LogDerivedDataCache: FDerivedDataBackendGraph:  Pak pak cache file D:/Unreal projects/Portfolio Pieces/Project Clockwork Backup Desktop/Project_Clockwork/Book_Project/DerivedDataCache/DDC.ddp not found, will not use a pak cache.
[2020.03.16-17.46.12:592][  0]LogDerivedDataCache: Unable to find inner node Pak for hierarchical cache Hierarchy.
[2020.03.16-17.46.12:592][  0]LogDerivedDataCache: FDerivedDataBackendGraph:  CompressedPak pak cache file D:/Unreal projects/Portfolio Pieces/Project Clockwork Backup Desktop/Project_Clockwork/Book_Project/DerivedDataCache/Compressed.ddp not found, will not use a pak cache.
[2020.03.16-17.46.12:593][  0]LogDerivedDataCache: Unable to find inner node CompressedPak for hierarchical cache Hierarchy.
[2020.03.16-17.46.12:614][  0]LogDerivedDataCache: Display: Pak cache opened for reading ../../../Engine/DerivedDataCache/Compressed.ddp.
[2020.03.16-17.46.12:614][  0]LogDerivedDataCache: FDerivedDataBackendGraph:  EnterprisePak pak cache file ../../../Enterprise/DerivedDataCache/Compressed.ddp not found, will not use a pak cache.
[2020.03.16-17.46.12:614][  0]LogDerivedDataCache: Unable to find inner node EnterprisePak for hierarchical cache Hierarchy.
[2020.03.16-17.46.12:616][  0]LogDerivedDataCache: Using Local data cache path C:/Users/Safari/AppData/Local/UnrealEngine/Common/DerivedDataCache: Writable
[2020.03.16-17.46.12:616][  0]LogDerivedDataCache: Shared data cache path not found in *engine.ini, will not use an Shared cache.
[2020.03.16-17.46.12:616][  0]LogDerivedDataCache: Unable to find inner node Shared for hierarchical cache Hierarchy.
[2020.03.16-17.46.12:642][  0]LogMaterial: Verifying Global Shaders for PCD3D_SM5
[2020.03.16-17.46.12:646][  0]LogSlate: Using FreeType 2.6.0
[2020.03.16-17.46.12:646][  0]LogSlate: SlateFontServices - WITH_FREETYPE: 1, WITH_HARFBUZZ: 1
[2020.03.16-17.46.12:722][  0]LogAssetRegistry: FAssetRegistry took 0.0031 seconds to start up
[2020.03.16-17.46.13:061][  0]LogInit: Selected Device Profile: [Windows]
[2020.03.16-17.46.13:233][  0]LogMeshReduction: Using QuadricMeshReduction for automatic static mesh reduction
[2020.03.16-17.46.13:233][  0]LogMeshReduction: Using SimplygonMeshReduction for automatic skeletal mesh reduction
[2020.03.16-17.46.13:233][  0]LogMeshReduction: Using ProxyLODMeshReduction for automatic mesh merging
[2020.03.16-17.46.13:233][  0]LogMeshReduction: No distributed automatic mesh merging module available
[2020.03.16-17.46.13:233][  0]LogMeshMerging: No distributed automatic mesh merging module available
[2020.03.16-17.46.13:244][  0]LogNetVersion: Book_Project 1.0.0, NetCL: 8386587, EngineNetVer: 11, GameNetVer: 0 (Checksum: 4225194187)
[2020.03.16-17.46.13:754][  0]LogPackageLocalizationCache: Processed 12 localized package path(s) for 1 prioritized culture(s) in 0.072711 seconds
[2020.03.16-17.46.13:763][  0]LogUObjectArray: 43444 objects as part of root set at end of initial load.
[2020.03.16-17.46.13:763][  0]LogUObjectAllocator: 7548648 out of 0 bytes used by permanent object pool.
[2020.03.16-17.46.13:763][  0]LogUObjectArray: CloseDisregardForGC: 0/0 objects in disregard for GC pool
[2020.03.16-17.46.14:800][  0]LogTcpMessaging: Initializing TcpMessaging bridge
[2020.03.16-17.46.14:805][  0]LogUdpMessaging: Initializing bridge on interface 0.0.0.0:0 to multicast group 230.0.0.1:6666.
[2020.03.16-17.46.14:883][  0]SourceControl: Source control is disabled
[2020.03.16-17.46.14:883][  0]SourceControl: Source control is disabled
[2020.03.16-17.46.14:884][  0]SourceControl: Source control is disabled
[2020.03.16-17.46.14:885][  0]SourceControl: Source control is disabled
[2020.03.16-17.46.15:015][  0]LogAndroidPermission: UAndroidPermissionCallbackProxy::GetInstance
[2020.03.16-17.46.15:167][  0]LogOcInput: OculusInput pre-init called
[2020.03.16-17.46.15:176][  0]LogWindows: Failed to load 'OVRPlugin.dll' (GetLastError=126)
[2020.03.16-17.46.15:176][  0]LogWindows: File 'OVRPlugin.dll' does not exist
[2020.03.16-17.46.15:263][  0]LogEngine: Initializing Engine...
[2020.03.16-17.46.15:264][  0]LogHMD: Failed to initialize OpenVR with code 110
[2020.03.16-17.46.15:265][  0]LogStats: UGameplayTagsManager::InitializeManager -  0.000 s
[2020.03.16-17.46.15:519][  0]LogInit: Initializing FReadOnlyCVARCache
[2020.03.16-17.46.15:538][  0]LogAIModule: Creating AISystem for world Untitled
[2020.03.16-17.46.15:558][  0]LogInit: XAudio2 using 'Headphones (2- Razer Kraken USB)' : 2 channels at 48 kHz using 16 bits per sample (channel mask 0x3)
[2020.03.16-17.46.15:592][  0]LogInit: FAudioDevice initialized.
[2020.03.16-17.46.15:593][  0]LogNetVersion: Set ProjectVersion to 1.0.0.0. Version Checksum will be recalculated on next use.
[2020.03.16-17.46.15:683][  0]LogDerivedDataCache: Saved boot cache 0.09s 73MB C:/Users/Safari/AppData/Local/UnrealEngine/4.23/DerivedDataCache/Boot.ddc.
[2020.03.16-17.46.15:691][  0]LogInit: Texture streaming: Enabled
[2020.03.16-17.46.15:718][  0]LogEngineSessionManager: EngineSessionManager initialized
[2020.03.16-17.46.15:719][  0]LogEngineSessionManager: EngineSessionManager sent abnormal shutdown report. Type=Crashed, SessionId={180EA796-4AFD-4155-DDEA-DD99ADC9943B}
[2020.03.16-17.46.15:719][  0]LogEditorSessionSummary: Verbose: Initializing EditorSessionSummaryWriter for editor session tracking
[2020.03.16-17.46.15:721][  0]LogEditorSessionSummary: EditorSessionSummaryWriter initialized
[2020.03.16-17.46.15:830][  0]LogInit: Transaction tracking system initialized
[2020.03.16-17.46.15:876][  0]BlueprintLog: New page: Editor Load
[2020.03.16-17.46.15:991][  0]LocalizationService: Localization service is disabled
[2020.03.16-17.46.16:298][  0]LogFileCache: Scanning file cache for directory 'D:/Unreal projects/Portfolio Pieces/Project Clockwork Backup Desktop/Project_Clockwork/Book_Project/Content/' took 0.01s
[2020.03.16-17.46.16:298][  0]LogCook: Display: Max memory allowance for cook 16384mb min free memory 0mb
[2020.03.16-17.46.16:298][  0]LogCook: Display: Mobile HDR setting 1
[2020.03.16-17.46.16:524][  0]SourceControl: Source control is disabled
[2020.03.16-17.46.16:525][  0]LightingResults: New page: Lighting Build
[2020.03.16-17.46.16:529][  0]LogWorld: UWorld::CleanupWorld for Untitled, bSessionEnded=true, bCleanupResources=true
[2020.03.16-17.46.16:529][  0]MapCheck: New page: Map Check
[2020.03.16-17.46.16:529][  0]LightingResults: New page: Lighting Build
[2020.03.16-17.46.16:574][  0]LogUObjectHash: Compacting FUObjectHashTables data took   2.00ms
[2020.03.16-17.46.17:839][  0]LogAIModule: Creating AISystem for world Dev_Playground
[2020.03.16-17.46.17:851][  0]LogMaterial: Display: Material /Game/StarterContent/Props/Materials/M_Frame.M_Frame needed to have new flag set bUsedWithSplineMeshes !
[2020.03.16-17.46.17:860][  0]LogMaterial: Display: Missing cached shader map for material M_Frame, compiling. 
[2020.03.16-17.46.17:976][  0]MapCheck: Warning: M_Frame Material /Game/StarterContent/Props/Materials/M_Frame.M_Frame was missing the usage flag bUsedWithSplineMeshes. If the material asset is not re-saved, it may not render correctly when run outside the editor. Fix
[2020.03.16-17.46.18:256][  0]LogShaderCompilers: Display: Worker (1/13): shaders left to compile 59
[2020.03.16-17.46.18:256][  0]LogShaderCompilers: Display: Worker (2/13): shaders left to compile 54
[2020.03.16-17.46.18:256][  0]LogShaderCompilers: Display: Worker (3/13): shaders left to compile 49
[2020.03.16-17.46.18:256][  0]LogShaderCompilers: Display: Worker (4/13): shaders left to compile 44
[2020.03.16-17.46.18:256][  0]LogShaderCompilers: Display: Worker (5/13): shaders left to compile 39
[2020.03.16-17.46.18:256][  0]LogShaderCompilers: Display: Worker (6/13): shaders left to compile 34
[2020.03.16-17.46.18:256][  0]LogShaderCompilers: Display: Worker (7/13): shaders left to compile 29
[2020.03.16-17.46.18:256][  0]LogShaderCompilers: Display: Worker (8/13): shaders left to compile 24
[2020.03.16-17.46.18:256][  0]LogShaderCompilers: Display: Worker (9/13): shaders left to compile 19
[2020.03.16-17.46.18:256][  0]LogShaderCompilers: Display: Worker (10/13): shaders left to compile 14
[2020.03.16-17.46.18:256][  0]LogShaderCompilers: Display: Worker (11/13): shaders left to compile 9
[2020.03.16-17.46.18:256][  0]LogShaderCompilers: Display: Worker (12/13): shaders left to compile 4
[2020.03.16-17.46.18:256][  0]LogPrimitiveComponent: Warning: CreateDynamicMaterialInstance on /Game/StarterContent/Maps/Dev_Playground.Dev_Playground:PersistentLevel.BP_Ability_Shards_2.Frag 2: Material index 0 is invalid.
[2020.03.16-17.46.18:256][  0]LogPrimitiveComponent: Warning: CreateDynamicMaterialInstance on /Game/StarterContent/Maps/Dev_Playground.Dev_Playground:PersistentLevel.BP_Ability_Shards_2.Frag 3: Material index 0 is invalid.
[2020.03.16-17.46.18:258][  0]LogPrimitiveComponent: Warning: CreateDynamicMaterialInstance on /Game/StarterContent/Maps/Dev_Playground.Dev_Playground:PersistentLevel.BP_Ability_Shards2_5.Frag 2: Material index 0 is invalid.
[2020.03.16-17.46.18:258][  0]LogPrimitiveComponent: Warning: CreateDynamicMaterialInstance on /Game/StarterContent/Maps/Dev_Playground.Dev_Playground:PersistentLevel.BP_Ability_Shards2_5.Frag 3: Material index 0 is invalid.
[2020.03.16-17.46.18:271][  0]LogEditorServer: Finished looking for orphan Actors (0.000 secs)
[2020.03.16-17.46.18:322][  0]LogUObjectHash: Compacting FUObjectHashTables data took   4.93ms
[2020.03.16-17.46.18:323][  0]Cmd: MAP CHECKDEP NOCLEARLOG
[2020.03.16-17.46.18:323][  0]MapCheck: Map check complete: 0 Error(s), 1 Warning(s), took 0.167ms to complete.
[2020.03.16-17.46.18:330][  0]LogFileHelpers: Loading map 'Dev_Playground' took 1.806
[2020.03.16-17.46.18:527][  0]LogSlate: Updating window title bar state: overlay mode, drag disabled, window buttons hidden, title bar hidden
[2020.03.16-17.46.18:549][  0]LogSlate: Updating window title bar state: overlay mode, drag disabled, window buttons hidden, title bar hidden
[2020.03.16-17.46.18:572][  0]LogSlate: Updating window title bar state: overlay mode, drag disabled, window buttons hidden, title bar hidden
[2020.03.16-17.46.18:588][  0]LogSlate: Updating window title bar state: overlay mode, drag disabled, window buttons hidden, title bar hidden
[2020.03.16-17.46.18:603][  0]LogCollectionManager: Loaded 0 collections in 0.004307 seconds
[2020.03.16-17.46.18:623][  0]LogFileCache: Scanning file cache for directory 'D:/Unreal projects/Portfolio Pieces/Project Clockwork Backup Desktop/Project_Clockwork/Book_Project/Saved/Collections/' took 0.00s
[2020.03.16-17.46.18:623][  0]LogFileCache: Scanning file cache for directory 'D:/Unreal projects/Portfolio Pieces/Project Clockwork Backup Desktop/Project_Clockwork/Book_Project/Content/Developers/Safari/Collections/' took 0.00s
[2020.03.16-17.46.18:623][  0]LogFileCache: Scanning file cache for directory 'D:/Unreal projects/Portfolio Pieces/Project Clockwork Backup Desktop/Project_Clockwork/Book_Project/Content/Collections/' took 0.00s
[2020.03.16-17.46.18:623][  0]LogCollectionManager: Rebuilt the GUID cache for 0 collections in 0.000012 seconds
[2020.03.16-17.46.18:651][  0]LogContentBrowser: Native class hierarchy populated in 0.0279 seconds. Added 2915 classes and 682 folders.
[2020.03.16-17.46.18:674][  0]LogContentBrowser: Native class hierarchy updated for 'WidgetCarousel' in 0.0008 seconds. Added 0 classes and 0 folders.
[2020.03.16-17.46.18:793][  0]LogContentBrowser: Native class hierarchy updated for 'AddContentDialog' in 0.0009 seconds. Added 0 classes and 0 folders.
[2020.03.16-17.46.18:992][  0]LogContentBrowser: Native class hierarchy updated for 'SceneOutliner' in 0.0009 seconds. Added 1 classes and 2 folders.
[2020.03.16-17.46.19:010][  0]LogSlate: Took 0.000270 seconds to synchronously load lazily loaded font '../../../Engine/Content/Slate/Fonts/Roboto-Regular.ttf' (155K)
[2020.03.16-17.46.19:014][  0]LogSlate: Took 0.000342 seconds to synchronously load lazily loaded font '../../../Engine/Content/Slate/Fonts/Roboto-Bold.ttf' (160K)
[2020.03.16-17.46.19:024][  0]LogSlate: Took 0.000363 seconds to synchronously load lazily loaded font '../../../Engine/Content/Editor/Slate/Fonts/FontAwesome.ttf' (139K)
[2020.03.16-17.46.19:171][  0]LogRenderer: Reallocating scene render targets to support 1196x572 Format 10 NumSamples 1 (Frame:1).
[2020.03.16-17.46.19:446][  0]LogContentBrowser: Native class hierarchy updated for 'HierarchicalLODOutliner' in 0.0009 seconds. Added 0 classes and 0 folders.
[2020.03.16-17.46.19:447][  0]LogLoad: (Engine Initialization) Total time: 10.57 seconds
[2020.03.16-17.46.19:447][  0]LogLoad: (Engine Initialization) Total Blueprint compile time: 0.00 seconds
[2020.03.16-17.46.19:516][  0]LogContentStreaming: Texture pool size now 800 MB
[2020.03.16-17.46.19:587][  0]LogSlate: Took 0.000265 seconds to synchronously load lazily loaded font '../../../Engine/Content/Slate/Fonts/Roboto-Light.ttf' (167K)
[2020.03.16-17.46.19:756][  2]LogAssetRegistry: Asset discovery search completed in 7.0343 seconds
[2020.03.16-17.46.19:767][  2]LogCollectionManager: Rebuilt the object cache for 0 collections in 0.000016 seconds (found 0 objects)
[2020.03.16-17.46.19:767][  2]LogCollectionManager: Fixed up redirectors for 0 collections in 0.000288 seconds (updated 0 objects)
[2020.03.16-17.46.20:515][ 37]LogSlate: Took 0.000471 seconds to synchronously load lazily loaded font '../../../Engine/Content/Slate/Fonts/Roboto-Light.ttf' (167K)
[2020.03.16-17.46.31:452][306]LogSlate: FSceneViewport::OnFocusLost() reason 0
[2020.03.16-17.46.40:448][280]LogAIModule: Creating AISystem for world Triad_Level
[2020.03.16-17.46.40:457][280]LogPrimitiveComponent: Warning: CreateDynamicMaterialInstance on /Game/StarterContent/Maps/Triad_Level.Triad_Level:PersistentLevel.BP_Ability_Shards_2.Frag 2: Material index 0 is invalid.
[2020.03.16-17.46.40:457][280]LogPrimitiveComponent: Warning: CreateDynamicMaterialInstance on /Game/StarterContent/Maps/Triad_Level.Triad_Level:PersistentLevel.BP_Ability_Shards_2.Frag 3: Material index 0 is invalid.
[2020.03.16-17.46.40:474][280]LogAssetEditorManager: Opening Asset editor for World /Game/StarterContent/Maps/Triad_Level.Triad_Level
[2020.03.16-17.46.40:522][280]LogUObjectHash: Compacting FUObjectHashTables data took   3.33ms
[2020.03.16-17.46.40:523][280]LightingResults: New page: Lighting Build
[2020.03.16-17.46.40:524][280]LoadErrors: New page: Loading map: Triad_Level.umap
[2020.03.16-17.46.40:526][280]LogWorld: UWorld::CleanupWorld for Dev_Playground, bSessionEnded=true, bCleanupResources=true
[2020.03.16-17.46.40:527][280]MapCheck: New page: Map Check
[2020.03.16-17.46.40:527][280]LightingResults: New page: Lighting Build
[2020.03.16-17.46.40:573][280]LogUObjectHash: Compacting FUObjectHashTables data took   2.80ms
[2020.03.16-17.46.40:584][280]LogPrimitiveComponent: Warning: CreateDynamicMaterialInstance on /Game/StarterContent/Maps/Triad_Level.Triad_Level:PersistentLevel.BP_Ability_Shards_2.Frag 2: Material index 0 is invalid.
[2020.03.16-17.46.40:584][280]LogPrimitiveComponent: Warning: CreateDynamicMaterialInstance on /Game/StarterContent/Maps/Triad_Level.Triad_Level:PersistentLevel.BP_Ability_Shards_2.Frag 3: Material index 0 is invalid.
[2020.03.16-17.46.40:734][280]LogEditorServer: Finished looking for orphan Actors (0.000 secs)
[2020.03.16-17.46.40:783][280]LogUObjectHash: Compacting FUObjectHashTables data took   2.29ms
[2020.03.16-17.46.40:829][280]Cmd: MAP CHECKDEP NOCLEARLOG
[2020.03.16-17.46.40:829][280]MapCheck: Map check complete: 0 Error(s), 0 Warning(s), took 0.131ms to complete.
[2020.03.16-17.46.40:829][280]LogFileHelpers: Loading map 'Triad_Level' took 0.307
[2020.03.16-17.47.42:674][727]LogEditorViewport: Clicking on Actor (LMB): BP_Enemy_Spawner_C (BP_Enemy_Spawner)
[2020.03.16-17.47.55:615][180]LogSlate: FSceneViewport::OnFocusLost() reason 5
[2020.03.16-17.47.56:469][275]LogUObjectHash: Compacting FUObjectHashTables data took   1.98ms
[2020.03.16-17.47.56:476][275]LogSlate: FSceneViewport::OnFocusLost() reason 5
[2020.03.16-17.47.56:527][275]LogUObjectHash: Compacting FUObjectHashTables data took   0.93ms
[2020.03.16-17.47.56:794][275]LogSavePackage: Moving 'D:/Unreal projects/Portfolio Pieces/Project Clockwork Backup Desktop/Project_Clockwork/Book_Project/Saved/Triad_Level9A85CA4A4B95A7F33D464EB9583F0CFF.tmp' to 'D:/Unreal projects/Portfolio Pieces/Project Clockwork Backup Desktop/Project_Clockwork/Book_Project/Content/StarterContent/Maps/Triad_Level.umap'
[2020.03.16-17.47.56:843][275]LogFileHelpers: Saving map 'Triad_Level' took 0.361
[2020.03.16-17.47.57:456][328]LogSlate: FSceneViewport::OnFocusLost() reason 0
[2020.03.16-17.47.57:539][338]LogTemp: Repeating last play command: Selected Viewport
[2020.03.16-17.47.57:562][338]LogBlueprintUserMessages: Early PlayInEditor Detection: Level '/Game/StarterContent/Maps/Triad_Level.Triad_Level:PersistentLevel' has LevelScriptBlueprint '/Game/StarterContent/Maps/Triad_Level.Triad_Level:PersistentLevel.Triad_Level' with GeneratedClass '/Game/StarterContent/Maps/Triad_Level.Triad_Level_C' with ClassGeneratedBy '/Game/StarterContent/Maps/Triad_Level.Triad_Level:PersistentLevel.Triad_Level'
[2020.03.16-17.47.57:563][338]LogPlayLevel: PlayLevel: No blueprints needed recompiling
[2020.03.16-17.47.57:563][338]PIE: New page: PIE session: Triad_Level (Mar 16, 2020, 7:47:57 AM)
[2020.03.16-17.47.57:564][338]LogOnline: OSS: Creating online subsystem instance for: NULL
[2020.03.16-17.47.57:565][338]LogPlayLevel: Creating play world package: /Game/StarterContent/Maps/UEDPIE_0_Triad_Level
[2020.03.16-17.47.57:580][338]LogPlayLevel: PIE: StaticDuplicateObject took: (0.014288s)
[2020.03.16-17.47.57:581][338]LogAIModule: Creating AISystem for world Triad_Level
[2020.03.16-17.47.57:581][338]LogPlayLevel: PIE: World Init took: (0.001149s)
[2020.03.16-17.47.57:581][338]LogPlayLevel: PIE: Created PIE world by copying editor world from /Game/StarterContent/Maps/Triad_Level.Triad_Level to /Game/StarterContent/Maps/UEDPIE_0_Triad_Level.Triad_Level (0.015707s)
[2020.03.16-17.47.57:629][338]LogUObjectHash: Compacting FUObjectHashTables data took   2.59ms
[2020.03.16-17.47.57:644][338]LogInit: XAudio2 using 'Headphones (2- Razer Kraken USB)' : 2 channels at 48 kHz using 16 bits per sample (channel mask 0x3)
[2020.03.16-17.47.57:656][338]LogInit: FAudioDevice initialized.
[2020.03.16-17.47.57:692][338]LogLoad: Game class is 'BP_GameModeBook_C'
[2020.03.16-17.47.57:698][338]LogWorld: Bringing World /Game/StarterContent/Maps/UEDPIE_0_Triad_Level.Triad_Level up for play (max tick rate 0) at 2020.03.16-12.47.57
[2020.03.16-17.47.57:699][338]LogWorld: Bringing up level for play took: 0.004876
[2020.03.16-17.47.57:699][338]LogOnline: OSS: Creating online subsystem instance for: :Context_7
[2020.03.16-17.47.57:709][338]LogContentBrowser: Native class hierarchy updated for 'MovieSceneCapture' in 0.0006 seconds. Added 20 classes and 0 folders.
[2020.03.16-17.47.57:713][338]PIE: Play in editor start time for /Game/StarterContent/Maps/UEDPIE_0_Triad_Level 0.359
[2020.03.16-17.47.57:714][338]LogBlueprintUserMessages: Late PlayInEditor Detection: Level '/Game/StarterContent/Maps/Triad_Level.Triad_Level:PersistentLevel' has LevelScriptBlueprint '/Game/StarterContent/Maps/Triad_Level.Triad_Level:PersistentLevel.Triad_Level' with GeneratedClass '/Game/StarterContent/Maps/Triad_Level.Triad_Level_C' with ClassGeneratedBy '/Game/StarterContent/Maps/Triad_Level.Triad_Level:PersistentLevel.Triad_Level'
[2020.03.16-17.48.11:687][  8]LogBlueprintUserMessages: Early EndPlayMap Detection: Level '/Game/StarterContent/Maps/Triad_Level.Triad_Level:PersistentLevel' has LevelScriptBlueprint '/Game/StarterContent/Maps/Triad_Level.Triad_Level:PersistentLevel.Triad_Level' with GeneratedClass '/Game/StarterContent/Maps/Triad_Level.Triad_Level_C' with ClassGeneratedBy '/Game/StarterContent/Maps/Triad_Level.Triad_Level:PersistentLevel.Triad_Level'
[2020.03.16-17.48.11:688][  8]LogSlate: Updating window title bar state: overlay mode, drag disabled, window buttons hidden, title bar hidden
[2020.03.16-17.48.11:688][  8]LogWorld: BeginTearingDown for /Game/StarterContent/Maps/UEDPIE_0_Triad_Level
[2020.03.16-17.48.11:688][  8]LogWorld: UWorld::CleanupWorld for Triad_Level, bSessionEnded=true, bCleanupResources=true
[2020.03.16-17.48.11:696][  8]LogPlayLevel: Display: Shutting down PIE online subsystems
[2020.03.16-17.48.11:696][  8]LogBlueprintUserMessages: Late EndPlayMap Detection: Level '/Game/StarterContent/Maps/Triad_Level.Triad_Level:PersistentLevel' has LevelScriptBlueprint '/Game/StarterContent/Maps/Triad_Level.Triad_Level:PersistentLevel.Triad_Level' with GeneratedClass '/Game/StarterContent/Maps/Triad_Level.Triad_Level_C' with ClassGeneratedBy '/Game/StarterContent/Maps/Triad_Level.Triad_Level:PersistentLevel.Triad_Level'
[2020.03.16-17.48.11:746][  8]LogSlate: Updating window title bar state: overlay mode, drag disabled, window buttons hidden, title bar hidden
[2020.03.16-17.48.11:750][  8]LogUObjectHash: Compacting FUObjectHashTables data took   2.74ms
[2020.03.16-17.48.11:793][ 10]LogPlayLevel: Display: Destroying online subsystem :Context_7
[2020.03.16-17.48.16:060][521]LogEditorViewport: Clicking on Actor (LMB): BP_Enemy_Spawner_C (BP_Enemy_Spawner)
[2020.03.16-17.48.20:937][ 91]LogSlate: FSceneViewport::OnFocusLost() reason 0
[2020.03.16-17.48.21:006][ 99]LogTemp: Repeating last play command: Selected Viewport
[2020.03.16-17.48.21:030][ 99]LogBlueprintUserMessages: Early PlayInEditor Detection: Level '/Game/StarterContent/Maps/Triad_Level.Triad_Level:PersistentLevel' has LevelScriptBlueprint '/Game/StarterContent/Maps/Triad_Level.Triad_Level:PersistentLevel.Triad_Level' with GeneratedClass '/Game/StarterContent/Maps/Triad_Level.Triad_Level_C' with ClassGeneratedBy '/Game/StarterContent/Maps/Triad_Level.Triad_Level:PersistentLevel.Triad_Level'
[2020.03.16-17.48.21:030][ 99]LogPlayLevel: PlayLevel: No blueprints needed recompiling
[2020.03.16-17.48.21:030][ 99]PIE: New page: PIE session: Triad_Level (Mar 16, 2020, 7:48:21 AM)
[2020.03.16-17.48.21:031][ 99]LogPlayLevel: Creating play world package: /Game/StarterContent/Maps/UEDPIE_0_Triad_Level
[2020.03.16-17.48.21:045][ 99]LogPlayLevel: PIE: StaticDuplicateObject took: (0.014057s)
[2020.03.16-17.48.21:046][ 99]LogAIModule: Creating AISystem for world Triad_Level
[2020.03.16-17.48.21:046][ 99]LogPlayLevel: PIE: World Init took: (0.001205s)
[2020.03.16-17.48.21:046][ 99]LogPlayLevel: PIE: Created PIE world by copying editor world from /Game/StarterContent/Maps/Triad_Level.Triad_Level to /Game/StarterContent/Maps/UEDPIE_0_Triad_Level.Triad_Level (0.015463s)
[2020.03.16-17.48.21:088][ 99]LogUObjectHash: Compacting FUObjectHashTables data took   1.96ms
[2020.03.16-17.48.21:103][ 99]LogInit: XAudio2 using 'Headphones (2- Razer Kraken USB)' : 2 channels at 48 kHz using 16 bits per sample (channel mask 0x3)
[2020.03.16-17.48.21:114][ 99]LogInit: FAudioDevice initialized.
[2020.03.16-17.48.21:128][ 99]LogLoad: Game class is 'BP_GameModeBook_C'
[2020.03.16-17.48.21:133][ 99]LogWorld: Bringing World /Game/StarterContent/Maps/UEDPIE_0_Triad_Level.Triad_Level up for play (max tick rate 0) at 2020.03.16-12.48.21
[2020.03.16-17.48.21:133][ 99]LogWorld: Bringing up level for play took: 0.005122
[2020.03.16-17.48.21:133][ 99]LogOnline: OSS: Creating online subsystem instance for: :Context_8
[2020.03.16-17.48.21:139][ 99]PIE: Play in editor start time for /Game/StarterContent/Maps/UEDPIE_0_Triad_Level -0.215
[2020.03.16-17.48.21:139][ 99]LogBlueprintUserMessages: Late PlayInEditor Detection: Level '/Game/StarterContent/Maps/Triad_Level.Triad_Level:PersistentLevel' has LevelScriptBlueprint '/Game/StarterContent/Maps/Triad_Level.Triad_Level:PersistentLevel.Triad_Level' with GeneratedClass '/Game/StarterContent/Maps/Triad_Level.Triad_Level_C' with ClassGeneratedBy '/Game/StarterContent/Maps/Triad_Level.Triad_Level:PersistentLevel.Triad_Level'
[2020.03.16-17.48.42:348][639]LogActor: Warning: BP_Punch_Projectile_C /Game/StarterContent/Maps/UEDPIE_0_Triad_Level.Triad_Level:PersistentLevel.BP_Punch_Projectile_C_0 has natively added scene component(s), but none of them were set as the actor's RootComponent - picking one arbitrarily
[2020.03.16-17.48.42:491][656]LogSlate: FSceneViewport::OnFocusLost() reason 2
[2020.03.16-17.48.42:593][668]LogActor: Warning: BP_Punch_Projectile_C /Game/StarterContent/Maps/UEDPIE_0_Triad_Level.Triad_Level:PersistentLevel.BP_Punch_Projectile_C_1 has natively added scene component(s), but none of them were set as the actor's RootComponent - picking one arbitrarily
[2020.03.16-17.48.45:726][  1]LogEditorViewport: Clicking on Actor (LMB): BP_Power_Source_Enemy_C (BP_Power_Source_Enemy)
[2020.03.16-17.48.49:392][319]LogSlate: FSceneViewport::OnFocusLost() reason 0
[2020.03.16-17.49.03:107][736]LogBlueprintUserMessages: Early EndPlayMap Detection: Level '/Game/StarterContent/Maps/Triad_Level.Triad_Level:PersistentLevel' has LevelScriptBlueprint '/Game/StarterContent/Maps/Triad_Level.Triad_Level:PersistentLevel.Triad_Level' with GeneratedClass '/Game/StarterContent/Maps/Triad_Level.Triad_Level_C' with ClassGeneratedBy '/Game/StarterContent/Maps/Triad_Level.Triad_Level:PersistentLevel.Triad_Level'
[2020.03.16-17.49.03:108][736]LogSlate: Updating window title bar state: overlay mode, drag disabled, window buttons hidden, title bar hidden
[2020.03.16-17.49.03:108][736]LogWorld: BeginTearingDown for /Game/StarterContent/Maps/UEDPIE_0_Triad_Level
[2020.03.16-17.49.03:110][736]LogWorld: UWorld::CleanupWorld for Triad_Level, bSessionEnded=true, bCleanupResources=true
[2020.03.16-17.49.03:120][736]LogPlayLevel: Display: Shutting down PIE online subsystems
[2020.03.16-17.49.03:120][736]LogBlueprintUserMessages: Late EndPlayMap Detection: Level '/Game/StarterContent/Maps/Triad_Level.Triad_Level:PersistentLevel' has LevelScriptBlueprint '/Game/StarterContent/Maps/Triad_Level.Triad_Level:PersistentLevel.Triad_Level' with GeneratedClass '/Game/StarterContent/Maps/Triad_Level.Triad_Level_C' with ClassGeneratedBy '/Game/StarterContent/Maps/Triad_Level.Triad_Level:PersistentLevel.Triad_Level'
[2020.03.16-17.49.03:170][736]LogSlate: Updating window title bar state: overlay mode, drag disabled, window buttons hidden, title bar hidden
[2020.03.16-17.49.03:175][736]LogUObjectHash: Compacting FUObjectHashTables data took   2.30ms
[2020.03.16-17.49.03:221][738]LogPlayLevel: Display: Destroying online subsystem :Context_8
[2020.03.16-17.49.16:827][344]LogEditorViewport: Clicking on Actor (LMB): NavMeshBoundsVolume (NavMeshBoundsVolume)
[2020.03.16-17.49.29:623][863]LogEditorViewport: Clicking on Actor (context menu): StaticMeshActor (Floor18)
[2020.03.16-17.49.29:668][863]LogSlate: FSceneViewport::OnFocusLost() reason 5
[2020.03.16-17.49.33:202][243]LogUObjectHash: Compacting FUObjectHashTables data took   0.93ms
[2020.03.16-17.49.33:261][243]LogUObjectHash: Compacting FUObjectHashTables data took   0.94ms
[2020.03.16-17.49.33:516][243]LogSavePackage: Moving 'D:/Unreal projects/Portfolio Pieces/Project Clockwork Backup Desktop/Project_Clockwork/Book_Project/Saved/Triad_LevelC6167D88457450691EB406BCFB6A033B.tmp' to 'D:/Unreal projects/Portfolio Pieces/Project Clockwork Backup Desktop/Project_Clockwork/Book_Project/Content/StarterContent/Maps/Triad_Level.umap'
[2020.03.16-17.49.33:565][243]LogFileHelpers: Saving map 'Triad_Level' took 0.351
[2020.03.16-17.49.34:626][357]LogTemp: Repeating last play command: Selected Viewport
[2020.03.16-17.49.34:652][357]LogBlueprintUserMessages: Early PlayInEditor Detection: Level '/Game/StarterContent/Maps/Triad_Level.Triad_Level:PersistentLevel' has LevelScriptBlueprint '/Game/StarterContent/Maps/Triad_Level.Triad_Level:PersistentLevel.Triad_Level' with GeneratedClass '/Game/StarterContent/Maps/Triad_Level.Triad_Level_C' with ClassGeneratedBy '/Game/StarterContent/Maps/Triad_Level.Triad_Level:PersistentLevel.Triad_Level'
[2020.03.16-17.49.34:652][357]LogPlayLevel: PlayLevel: No blueprints needed recompiling
[2020.03.16-17.49.34:652][357]PIE: New page: PIE session: Triad_Level (Mar 16, 2020, 7:49:34 AM)
[2020.03.16-17.49.34:653][357]LogPlayLevel: Creating play world package: /Game/StarterContent/Maps/UEDPIE_0_Triad_Level
[2020.03.16-17.49.34:667][357]LogPlayLevel: PIE: StaticDuplicateObject took: (0.014445s)
[2020.03.16-17.49.34:668][357]LogAIModule: Creating AISystem for world Triad_Level
[2020.03.16-17.49.34:669][357]LogPlayLevel: PIE: World Init took: (0.001092s)
[2020.03.16-17.49.34:669][357]LogPlayLevel: PIE: Created PIE world by copying editor world from /Game/StarterContent/Maps/Triad_Level.Triad_Level to /Game/StarterContent/Maps/UEDPIE_0_Triad_Level.Triad_Level (0.015763s)
[2020.03.16-17.49.34:711][357]LogUObjectHash: Compacting FUObjectHashTables data took   2.59ms
[2020.03.16-17.49.34:725][357]LogInit: XAudio2 using 'Headphones (2- Razer Kraken USB)' : 2 channels at 48 kHz using 16 bits per sample (channel mask 0x3)
[2020.03.16-17.49.34:736][357]LogInit: FAudioDevice initialized.
[2020.03.16-17.49.34:744][357]LogLoad: Game class is 'BP_GameModeBook_C'
[2020.03.16-17.49.34:749][357]LogWorld: Bringing World /Game/StarterContent/Maps/UEDPIE_0_Triad_Level.Triad_Level up for play (max tick rate 0) at 2020.03.16-12.49.34
[2020.03.16-17.49.34:749][357]LogWorld: Bringing up level for play took: 0.004746
[2020.03.16-17.49.34:750][357]LogOnline: OSS: Creating online subsystem instance for: :Context_9
[2020.03.16-17.49.34:755][357]PIE: Play in editor start time for /Game/StarterContent/Maps/UEDPIE_0_Triad_Level -0.598
[2020.03.16-17.49.34:756][357]LogBlueprintUserMessages: Late PlayInEditor Detection: Level '/Game/StarterContent/Maps/Triad_Level.Triad_Level:PersistentLevel' has LevelScriptBlueprint '/Game/StarterContent/Maps/Triad_Level.Triad_Level:PersistentLevel.Triad_Level' with GeneratedClass '/Game/StarterContent/Maps/Triad_Level.Triad_Level_C' with ClassGeneratedBy '/Game/StarterContent/Maps/Triad_Level.Triad_Level:PersistentLevel.Triad_Level'
[2020.03.16-17.49.46:907][677]LogWindows: Error: === Critical error: ===
[2020.03.16-17.49.46:907][677]LogWindows: Error: 
[2020.03.16-17.49.46:907][677]LogWindows: Error: Fatal error!
[2020.03.16-17.49.46:907][677]LogWindows: Error: 
[2020.03.16-17.49.46:907][677]LogWindows: Error: Unhandled Exception: EXCEPTION_ACCESS_VIOLATION reading address 0x0000042b
[2020.03.16-17.49.46:907][677]LogWindows: Error: 
[2020.03.16-17.49.46:907][677]LogWindows: Error: [Callstack] 0x00007ffd06e18851 UE4Editor-Book_Project-8392.dll!APower_Source_Enemy::Collision() [d:\unreal projects\portfolio pieces\project clockwork backup desktop\project_clockwork\book_project\source\book_project\power_source_enemy.cpp:39]
[2020.03.16-17.49.46:907][677]LogWindows: Error: [Callstack] 0x00007ffd06e27bad UE4Editor-Book_Project-8392.dll!APower_Source_Enemy::execCollision() [d:\unreal projects\portfolio pieces\project clockwork backup desktop\project_clockwork\book_project\source\book_project\power_source_enemy.h:15]
[2020.03.16-17.49.46:907][677]LogWindows: Error: [Callstack] 0x00007ffd219e84b8 UE4Editor-CoreUObject.dll!UnknownFunction []
[2020.03.16-17.49.46:907][677]LogWindows: Error: [Callstack] 0x00007ffd21c212b7 UE4Editor-CoreUObject.dll!UnknownFunction []
[2020.03.16-17.49.46:907][677]LogWindows: Error: [Callstack] 0x00007ffd1ed0aa33 UE4Editor-Engine.dll!UnknownFunction []
[2020.03.16-17.49.46:907][677]LogWindows: Error: [Callstack] 0x00007ffd1ecaeed2 UE4Editor-Engine.dll!UnknownFunction []
[2020.03.16-17.49.46:907][677]LogWindows: Error: [Callstack] 0x00007ffd1f0fb9dc UE4Editor-Engine.dll!UnknownFunction []
[2020.03.16-17.49.46:907][677]LogWindows: Error: [Callstack] 0x00007ffd1f0fb465 UE4Editor-Engine.dll!UnknownFunction []
[2020.03.16-17.49.46:907][677]LogWindows: Error: [Callstack] 0x00007ffd1f13a860 UE4Editor-Engine.dll!UnknownFunction []
[2020.03.16-17.49.46:907][677]LogWindows: Error: [Callstack] 0x00007ffd1f1605ae UE4Editor-Engine.dll!UnknownFunction []
[2020.03.16-17.49.46:907][677]LogWindows: Error: [Callstack] 0x00007ffd1f14a603 UE4Editor-Engine.dll!UnknownFunction []
[2020.03.16-17.49.46:907][677]LogWindows: Error: [Callstack] 0x00007ffd1f0b5cf3 UE4Editor-Engine.dll!UnknownFunction []
[2020.03.16-17.49.46:907][677]LogWindows: Error: [Callstack] 0x00007ffd1f0e0179 UE4Editor-Engine.dll!UnknownFunction []
[2020.03.16-17.49.46:907][677]LogWindows: Error: [Callstack] 0x00007ffd1f0664c0 UE4Editor-Engine.dll!UnknownFunction []
[2020.03.16-17.49.46:907][677]LogWindows: Error: [Callstack] 0x00007ffd1f094bd4 UE4Editor-Engine.dll!UnknownFunction []
[2020.03.16-17.49.46:907][677]LogWindows: Error: [Callstack] 0x00007ffd1fd864d3 UE4Editor-Engine.dll!UnknownFunction []
[2020.03.16-17.49.46:907][677]LogWindows: Error: [Callstack] 0x00007ffd1fd93757 UE4Editor-Engine.dll!UnknownFunction []
[2020.03.16-17.49.46:907][677]LogWindows: Error: [Callstack] 0x00007ffd21f94e4a UE4Editor-Core.dll!UnknownFunction []
[2020.03.16-17.49.46:907][677]LogWindows: Error: [Callstack] 0x00007ffd21f951f3 UE4Editor-Core.dll!UnknownFunction []
[2020.03.16-17.49.46:907][677]LogWindows: Error: [Callstack] 0x00007ffd21fa51f9 UE4Editor-Core.dll!UnknownFunction []
[2020.03.16-17.49.46:907][677]LogWindows: Error: [Callstack] 0x00007ffd1fdb2b50 UE4Editor-Engine.dll!UnknownFunction []
[2020.03.16-17.49.46:907][677]LogWindows: Error: [Callstack] 0x00007ffd1fdb8a82 UE4Editor-Engine.dll!UnknownFunction []
[2020.03.16-17.49.46:907][677]LogWindows: Error: [Callstack] 0x00007ffd1f5ad6ef UE4Editor-Engine.dll!UnknownFunction []
[2020.03.16-17.49.46:907][677]LogWindows: Error: [Callstack] 0x00007ffd1f5b8808 UE4Editor-Engine.dll!UnknownFunction []
[2020.03.16-17.49.46:907][677]LogWindows: Error: [Callstack] 0x00007ffd1d7be00b UE4Editor-UnrealEd.dll!UnknownFunction []
[2020.03.16-17.49.46:907][677]LogWindows: Error: [Callstack] 0x00007ffd1e015296 UE4Editor-UnrealEd.dll!UnknownFunction []
[2020.03.16-17.49.46:907][677]LogWindows: Error: [Callstack] 0x00007ff7b1e07b0a UE4Editor.exe!UnknownFunction []
[2020.03.16-17.49.46:907][677]LogWindows: Error: [Callstack] 0x00007ff7b1e1a91c UE4Editor.exe!UnknownFunction []
[2020.03.16-17.49.46:907][677]LogWindows: Error: [Callstack] 0x00007ff7b1e1a9fa UE4Editor.exe!UnknownFunction []
[2020.03.16-17.49.46:907][677]LogWindows: Error: [Callstack] 0x00007ff7b1e2b92c UE4Editor.exe!UnknownFunction []
[2020.03.16-17.49.46:907][677]LogWindows: Error: [Callstack] 0x00007ff7b1e2e60e UE4Editor.exe!UnknownFunction []
[2020.03.16-17.49.46:907][677]LogWindows: Error: [Callstack] 0x00007ffd6b287bd4 KERNEL32.DLL!UnknownFunction []
[2020.03.16-17.49.46:907][677]LogWindows: Error: [Callstack] 0x00007ffd6ceeced1 ntdll.dll!UnknownFunction []
[2020.03.16-17.49.46:907][677]LogWindows: Error: 
[2020.03.16-17.49.46:925][677]LogExit: Executing StaticShutdownAfterError
[2020.03.16-17.49.46:929][677]LogWindows: FPlatformMisc::RequestExit(1)
[2020.03.16-17.49.46:940][677]Log file closed, 03/16/20 12:49:46
