Log file open, 01/25/20 15:48:14
LogWindows: Failed to load 'aqProf.dll' (GetLastError=126)
LogWindows: File 'aqProf.dll' does not exist
LogWindows: Failed to load 'VtuneApi.dll' (GetLastError=126)
LogWindows: File 'VtuneApi.dll' does not exist
LogWindows: Failed to load 'VtuneApi32e.dll' (GetLastError=126)
LogWindows: File 'VtuneApi32e.dll' does not exist
LogConsoleResponse: Display: Failed to find resolution value strings in scalability ini. Falling back to default.
LogInit: Display: Running engine for game: Book_Project
LogPlatformFile: Not using cached read wrapper
LogTaskGraph: Started task graph with 5 named threads and 47 total threads with 3 sets of task threads.
LogStats: Stats thread started at 0.093915
LogD3D11RHI: Loaded GFSDK_Aftermath_Lib.x64.dll
LogICUInternationalization: ICU TimeZone Detection - Raw Offset: -6:00, Platform Override: ''
LogPluginManager: Mounting plugin Paper2D
LogPluginManager: Mounting plugin AISupport
LogPluginManager: Mounting plugin LightPropagationVolume
LogPluginManager: Mounting plugin ActorLayerUtilities
LogPluginManager: Mounting plugin AnimationSharing
LogPluginManager: Mounting plugin CLionSourceCodeAccess
LogPluginManager: Mounting plugin CodeLiteSourceCodeAccess
LogPluginManager: Mounting plugin GitSourceControl
LogPluginManager: Mounting plugin KDevelopSourceCodeAccess
LogPluginManager: Mounting plugin NullSourceCodeAccess
LogPluginManager: Mounting plugin PerforceSourceControl
LogPluginManager: Mounting plugin SubversionSourceControl
LogPluginManager: Mounting plugin UObjectPlugin
LogPluginManager: Mounting plugin VisualStudioCodeSourceCodeAccess
LogPluginManager: Mounting plugin VisualStudioSourceCodeAccess
LogPluginManager: Mounting plugin XCodeSourceCodeAccess
LogPluginManager: Mounting plugin AssetManagerEditor
LogPluginManager: Mounting plugin CryptoKeys
LogPluginManager: Mounting plugin CurveEditorTools
LogPluginManager: Mounting plugin DataValidation
LogPluginManager: Mounting plugin FacialAnimation
LogPluginManager: Mounting plugin GameplayTagsEditor
LogPluginManager: Mounting plugin MacGraphicsSwitching
LogPluginManager: Mounting plugin MaterialAnalyzer
LogPluginManager: Mounting plugin MobileLauncherProfileWizard
LogPluginManager: Mounting plugin PluginBrowser
LogPluginManager: Mounting plugin SpeedTreeImporter
LogPluginManager: Mounting plugin DatasmithContent
LogPluginManager: Mounting plugin VariantManagerContent
LogPluginManager: Mounting plugin AlembicImporter
LogPluginManager: Mounting plugin AutomationUtils
LogPluginManager: Mounting plugin BackChannel
LogPluginManager: Mounting plugin CharacterAI
LogPluginManager: Mounting plugin GeometryCache
LogPluginManager: Mounting plugin HTML5Networking
LogPluginManager: Mounting plugin PlatformCrypto
LogPluginManager: Mounting plugin ProxyLODPlugin
LogPluginManager: Mounting plugin SkeletalReduction
LogPluginManager: Mounting plugin MagicLeap
LogPluginManager: Mounting plugin MagicLeapMedia
LogPluginManager: Mounting plugin AndroidMedia
LogPluginManager: Mounting plugin AvfMedia
LogPluginManager: Mounting plugin ImgMedia
LogPluginManager: Mounting plugin MediaCompositing
LogPluginManager: Mounting plugin MediaPlayerEditor
LogPluginManager: Mounting plugin WebMMedia
LogPluginManager: Mounting plugin WmfMedia
LogPluginManager: Mounting plugin TcpMessaging
LogPluginManager: Mounting plugin UdpMessaging
LogPluginManager: Mounting plugin ActorSequence
LogPluginManager: Mounting plugin LevelSequenceEditor
LogPluginManager: Mounting plugin MatineeToLevelSequence
LogPluginManager: Mounting plugin NetcodeUnitTest
LogPluginManager: Mounting plugin NUTUnrealEngine4
LogPluginManager: Mounting plugin OnlineSubsystemGooglePlay
LogPluginManager: Mounting plugin OnlineSubsystemIOS
LogPluginManager: Mounting plugin OnlineSubsystem
LogPluginManager: Mounting plugin OnlineSubsystemNull
LogPluginManager: Mounting plugin OnlineSubsystemUtils
LogPluginManager: Mounting plugin LauncherChunkInstaller
LogPluginManager: Mounting plugin AndroidDeviceProfileSelector
LogPluginManager: Mounting plugin AndroidMoviePlayer
LogPluginManager: Mounting plugin AndroidPermission
LogPluginManager: Mounting plugin AppleImageUtils
LogPluginManager: Mounting plugin AppleMoviePlayer
LogPluginManager: Mounting plugin ArchVisCharacter
LogPluginManager: Mounting plugin AudioCapture
LogPluginManager: Mounting plugin CableComponent
LogPluginManager: Mounting plugin CustomMeshComponent
LogPluginManager: Mounting plugin EditableMesh
LogPluginManager: Mounting plugin ExampleDeviceProfileSelector
LogPluginManager: Mounting plugin GoogleCloudMessaging
LogPluginManager: Mounting plugin IOSDeviceProfileSelector
LogPluginManager: Mounting plugin LinuxDeviceProfileSelector
LogPluginManager: Mounting plugin LocationServicesBPLibrary
LogPluginManager: Mounting plugin MobilePatchingUtils
LogPluginManager: Mounting plugin OculusVR
LogPluginManager: Mounting plugin PhysXVehicles
LogPluginManager: Mounting plugin ProceduralMeshComponent
LogPluginManager: Mounting plugin RuntimePhysXCooking
LogPluginManager: Mounting plugin SignificanceManager
LogPluginManager: Mounting plugin SteamVR
LogPluginManager: Mounting plugin WebMMoviePlayer
LogPluginManager: Mounting plugin WindowsMoviePlayer
LogPluginManager: Mounting plugin ScreenshotTools
LogInit: Using libcurl 7.55.1-DEV
LogInit:  - built for x86_64-pc-win32
LogInit:  - supports SSL with OpenSSL/1.1.1
LogInit:  - supports HTTP deflate (compression) using libz 1.2.8
LogInit:  - other features:
LogInit:      CURL_VERSION_SSL
LogInit:      CURL_VERSION_LIBZ
LogInit:      CURL_VERSION_IPV6
LogInit:      CURL_VERSION_ASYNCHDNS
LogInit:      CURL_VERSION_LARGEFILE
LogInit:      CURL_VERSION_IDN
LogInit:  CurlRequestOptions (configurable via config and command line):
LogInit:  - bVerifyPeer = true  - Libcurl will verify peer certificate
LogInit:  - bUseHttpProxy = false  - Libcurl will NOT use HTTP proxy
LogInit:  - bDontReuseConnections = false  - Libcurl will reuse connections
LogInit:  - MaxHostConnections = 16  - Libcurl will limit the number of connections to a host
LogInit:  - LocalHostAddr = Default
LogInit:  - BufferSize = 65536
LogOnline: OSS: Creating online subsystem instance for: NULL
LogInit: WinSock: version 1.1 (2.2), MaxSocks=32767, MaxUdp=65467
LogInit: Build: ++UE4+Release-4.23-CL-9631420
LogInit: Engine Version: 4.23.1-9631420+++UE4+Release-4.23
LogInit: Compatible Engine Version: 4.23.0-8386587+++UE4+Release-4.23
LogInit: Net CL: 8386587
LogInit: OS: Windows 10 (Release 1903) (), CPU: AMD Ryzen 7 1700 Eight-Core Processor          , GPU: NVIDIA GeForce GTX 1050 Ti
LogInit: Compiled (64-bit): Oct 18 2019 02:07:44
LogInit: Compiled with Visual C++: 19.16.27030.01
LogInit: Build Configuration: Development
LogInit: Branch Name: ++UE4+Release-4.23
LogInit: Command Line: 
LogInit: Base Directory: C:/UE_4_23/UE_4.23/Engine/Binaries/Win64/
LogInit: Installed Engine Build: 1
LogDevObjectVersion: Number of dev versions registered: 23
LogDevObjectVersion:   Dev-Blueprints (B0D832E4-1F89-4F0D-ACCF-7EB736FD4AA2): 10
LogDevObjectVersion:   Dev-Build (E1C64328-A22C-4D53-A36C-8E866417BD8C): 0
LogDevObjectVersion:   Dev-Core (375EC13C-06E4-48FB-B500-84F0262A717E): 3
LogDevObjectVersion:   Dev-Editor (E4B068ED-F494-42E9-A231-DA0B2E46BB41): 34
LogDevObjectVersion:   Dev-Framework (CFFC743F-43B0-4480-9391-14DF171D2073): 35
LogDevObjectVersion:   Dev-Mobile (B02B49B5-BB20-44E9-A304-32B752E40360): 2
LogDevObjectVersion:   Dev-Networking (A4E4105C-59A1-49B5-A7C5-40C4547EDFEE): 0
LogDevObjectVersion:   Dev-Online (39C831C9-5AE6-47DC-9A44-9C173E1C8E7C): 0
LogDevObjectVersion:   Dev-Physics (78F01B33-EBEA-4F98-B9B4-84EACCB95AA2): 0
LogDevObjectVersion:   Dev-Platform (6631380F-2D4D-43E0-8009-CF276956A95A): 0
LogDevObjectVersion:   Dev-Rendering (12F88B9F-8875-4AFC-A67C-D90C383ABD29): 31
LogDevObjectVersion:   Dev-Sequencer (7B5AE74C-D270-4C10-A958-57980B212A5A): 11
LogDevObjectVersion:   Dev-VR (D7296918-1DD6-4BDD-9DE2-64A83CC13884): 2
LogDevObjectVersion:   Dev-LoadTimes (C2A15278-BFE7-4AFE-6C17-90FF531DF755): 1
LogDevObjectVersion:   Private-Geometry (6EACA3D4-40EC-4CC1-B786-8BED09428FC5): 3
LogDevObjectVersion:   Dev-AnimPhys (29E575DD-E0A3-4627-9D10-D276232CDCEA): 17
LogDevObjectVersion:   Dev-Anim (AF43A65D-7FD3-4947-9873-3E8ED9C1BB05): 2
LogDevObjectVersion:   Dev-ReflectionCapture (6B266CEC-1EC7-4B8F-A30B-E4D90942FC07): 1
LogDevObjectVersion:   Dev-Automation (0DF73D61-A23F-47EA-B727-89E90C41499A): 1
LogDevObjectVersion:   FortniteMain (601D1886-AC64-4F84-AA16-D3DE0DEAC7D6): 27
LogDevObjectVersion:   Dev-Enterprise (9DFFBCD6-494F-0158-E221-12823C92A888): 6
LogDevObjectVersion:   Dev-Niagara (F2AED0AC-9AFE-416F-8664-AA7FFA26D6FC): 1
LogDevObjectVersion:   Dev-Destruction (174F1F0B-B4C6-45A5-B13F-2EE8D0FB917D): 9
LogInit: Presizing for max 16777216 objects, including 0 objects not considered by GC, pre-allocating 0 bytes for permanent pool.
LogInit: Object subsystem initialized
LogConfig: Setting CVar [[con.DebugEarlyDefault:1]]
LogConfig: Setting CVar [[r.setres:1280x720]]
[2020.01.25-21.48.14:768][  0]LogConfig: Setting CVar [[r.VSync:0]]
[2020.01.25-21.48.14:768][  0]LogConfig: Setting CVar [[r.RHICmdBypass:0]]
[2020.01.25-21.48.14:768][  0]LogConfig: Applying CVar settings from Section [/Script/Engine.RendererSettings] File [D:/Unreal projects/Portfolio Pieces/Project Clockwork Backup Desktop/Project_Clockwork/Book_Project/Saved/Config/Windows/Engine.ini]
[2020.01.25-21.48.14:768][  0]LogConfig: Setting CVar [[r.GPUCrashDebugging:0]]
[2020.01.25-21.48.14:768][  0]LogConfig: Applying CVar settings from Section [/Script/Engine.RendererOverrideSettings] File [D:/Unreal projects/Portfolio Pieces/Project Clockwork Backup Desktop/Project_Clockwork/Book_Project/Saved/Config/Windows/Engine.ini]
[2020.01.25-21.48.14:768][  0]LogConfig: Applying CVar settings from Section [/Script/Engine.StreamingSettings] File [D:/Unreal projects/Portfolio Pieces/Project Clockwork Backup Desktop/Project_Clockwork/Book_Project/Saved/Config/Windows/Engine.ini]
[2020.01.25-21.48.14:768][  0]LogConfig: Setting CVar [[s.MinBulkDataSizeForAsyncLoading:131072]]
[2020.01.25-21.48.14:768][  0]LogConfig: Setting CVar [[s.AsyncLoadingThreadEnabled:0]]
[2020.01.25-21.48.14:768][  0]LogConfig: Setting CVar [[s.EventDrivenLoaderEnabled:1]]
[2020.01.25-21.48.14:768][  0]LogConfig: Setting CVar [[s.WarnIfTimeLimitExceeded:0]]
[2020.01.25-21.48.14:768][  0]LogConfig: Setting CVar [[s.TimeLimitExceededMultiplier:1.5]]
[2020.01.25-21.48.14:768][  0]LogConfig: Setting CVar [[s.TimeLimitExceededMinTime:0.005]]
[2020.01.25-21.48.14:768][  0]LogConfig: Setting CVar [[s.UseBackgroundLevelStreaming:1]]
[2020.01.25-21.48.14:768][  0]LogConfig: Setting CVar [[s.PriorityAsyncLoadingExtraTime:15.0]]
[2020.01.25-21.48.14:768][  0]LogConfig: Setting CVar [[s.LevelStreamingActorsUpdateTimeLimit:5.0]]
[2020.01.25-21.48.14:768][  0]LogConfig: Setting CVar [[s.PriorityLevelStreamingActorsUpdateExtraTime:5.0]]
[2020.01.25-21.48.14:768][  0]LogConfig: Setting CVar [[s.LevelStreamingComponentsRegistrationGranularity:10]]
[2020.01.25-21.48.14:768][  0]LogConfig: Setting CVar [[s.UnregisterComponentsTimeLimit:1.0]]
[2020.01.25-21.48.14:768][  0]LogConfig: Setting CVar [[s.LevelStreamingComponentsUnregistrationGranularity:5]]
[2020.01.25-21.48.14:768][  0]LogConfig: Applying CVar settings from Section [/Script/Engine.GarbageCollectionSettings] File [D:/Unreal projects/Portfolio Pieces/Project Clockwork Backup Desktop/Project_Clockwork/Book_Project/Saved/Config/Windows/Engine.ini]
[2020.01.25-21.48.14:768][  0]LogConfig: Setting CVar [[gc.MaxObjectsNotConsideredByGC:1]]
[2020.01.25-21.48.14:768][  0]LogConfig: Setting CVar [[gc.SizeOfPermanentObjectPool:0]]
[2020.01.25-21.48.14:768][  0]LogConfig: Setting CVar [[gc.FlushStreamingOnGC:0]]
[2020.01.25-21.48.14:768][  0]LogConfig: Setting CVar [[gc.NumRetriesBeforeForcingGC:10]]
[2020.01.25-21.48.14:768][  0]LogConfig: Setting CVar [[gc.AllowParallelGC:1]]
[2020.01.25-21.48.14:768][  0]LogConfig: Setting CVar [[gc.TimeBetweenPurgingPendingKillObjects:61.1]]
[2020.01.25-21.48.14:768][  0]LogConfig: Setting CVar [[gc.MaxObjectsInEditor:16777216]]
[2020.01.25-21.48.14:769][  0]LogConfig: Setting CVar [[gc.IncrementalBeginDestroyEnabled:1]]
[2020.01.25-21.48.14:769][  0]LogConfig: Setting CVar [[gc.CreateGCClusters:1]]
[2020.01.25-21.48.14:769][  0]LogConfig: Setting CVar [[gc.MinGCClusterSize:5]]
[2020.01.25-21.48.14:769][  0]LogConfig: Setting CVar [[gc.ActorClusteringEnabled:0]]
[2020.01.25-21.48.14:769][  0]LogConfig: Setting CVar [[gc.BlueprintClusteringEnabled:0]]
[2020.01.25-21.48.14:769][  0]LogConfig: Setting CVar [[gc.UseDisregardForGCOnDedicatedServers:0]]
[2020.01.25-21.48.14:769][  0]LogConfig: Applying CVar settings from Section [/Script/Engine.NetworkSettings] File [D:/Unreal projects/Portfolio Pieces/Project Clockwork Backup Desktop/Project_Clockwork/Book_Project/Saved/Config/Windows/Engine.ini]
[2020.01.25-21.48.14:769][  0]LogConfig: Applying CVar settings from Section [/Script/UnrealEd.CookerSettings] File [D:/Unreal projects/Portfolio Pieces/Project Clockwork Backup Desktop/Project_Clockwork/Book_Project/Saved/Config/Windows/Engine.ini]
[2020.01.25-21.48.14:771][  0]LogConfig: Applying CVar settings from Section [ViewDistanceQuality@3] File [D:/Unreal projects/Portfolio Pieces/Project Clockwork Backup Desktop/Project_Clockwork/Book_Project/Saved/Config/Windows/Scalability.ini]
[2020.01.25-21.48.14:771][  0]LogConfig: Setting CVar [[r.SkeletalMeshLODBias:0]]
[2020.01.25-21.48.14:771][  0]LogConfig: Setting CVar [[r.ViewDistanceScale:1.0]]
[2020.01.25-21.48.14:771][  0]LogConfig: Applying CVar settings from Section [AntiAliasingQuality@3] File [D:/Unreal projects/Portfolio Pieces/Project Clockwork Backup Desktop/Project_Clockwork/Book_Project/Saved/Config/Windows/Scalability.ini]
[2020.01.25-21.48.14:771][  0]LogConfig: Setting CVar [[r.PostProcessAAQuality:4]]
[2020.01.25-21.48.14:771][  0]LogConfig: Applying CVar settings from Section [ShadowQuality@3] File [D:/Unreal projects/Portfolio Pieces/Project Clockwork Backup Desktop/Project_Clockwork/Book_Project/Saved/Config/Windows/Scalability.ini]
[2020.01.25-21.48.14:771][  0]LogConfig: Setting CVar [[r.LightFunctionQuality:1]]
[2020.01.25-21.48.14:771][  0]LogConfig: Setting CVar [[r.ShadowQuality:5]]
[2020.01.25-21.48.14:771][  0]LogConfig: Setting CVar [[r.Shadow.CSM.MaxCascades:10]]
[2020.01.25-21.48.14:771][  0]LogConfig: Setting CVar [[r.Shadow.MaxResolution:2048]]
[2020.01.25-21.48.14:771][  0]LogConfig: Setting CVar [[r.Shadow.MaxCSMResolution:2048]]
[2020.01.25-21.48.14:771][  0]LogConfig: Setting CVar [[r.Shadow.RadiusThreshold:0.01]]
[2020.01.25-21.48.14:771][  0]LogConfig: Setting CVar [[r.Shadow.DistanceScale:1.0]]
[2020.01.25-21.48.14:771][  0]LogConfig: Setting CVar [[r.Shadow.CSM.TransitionScale:1.0]]
[2020.01.25-21.48.14:771][  0]LogConfig: Setting CVar [[r.Shadow.PreShadowResolutionFactor:1.0]]
[2020.01.25-21.48.14:771][  0]LogConfig: Setting CVar [[r.DistanceFieldShadowing:1]]
[2020.01.25-21.48.14:771][  0]LogConfig: Setting CVar [[r.DistanceFieldAO:1]]
[2020.01.25-21.48.14:771][  0]LogConfig: Setting CVar [[r.AOQuality:2]]
[2020.01.25-21.48.14:771][  0]LogConfig: Setting CVar [[r.VolumetricFog:1]]
[2020.01.25-21.48.14:771][  0]LogConfig: Setting CVar [[r.VolumetricFog.GridPixelSize:8]]
[2020.01.25-21.48.14:771][  0]LogConfig: Setting CVar [[r.VolumetricFog.GridSizeZ:128]]
[2020.01.25-21.48.14:771][  0]LogConfig: Setting CVar [[r.VolumetricFog.HistoryMissSupersampleCount:4]]
[2020.01.25-21.48.14:771][  0]LogConfig: Setting CVar [[r.LightMaxDrawDistanceScale:1]]
[2020.01.25-21.48.14:771][  0]LogConfig: Setting CVar [[r.CapsuleShadows:1]]
[2020.01.25-21.48.14:771][  0]LogConfig: Applying CVar settings from Section [PostProcessQuality@3] File [D:/Unreal projects/Portfolio Pieces/Project Clockwork Backup Desktop/Project_Clockwork/Book_Project/Saved/Config/Windows/Scalability.ini]
[2020.01.25-21.48.14:771][  0]LogConfig: Setting CVar [[r.MotionBlurQuality:4]]
[2020.01.25-21.48.14:771][  0]LogConfig: Setting CVar [[r.AmbientOcclusionMipLevelFactor:0.4]]
[2020.01.25-21.48.14:771][  0]LogConfig: Setting CVar [[r.AmbientOcclusionMaxQuality:100]]
[2020.01.25-21.48.14:771][  0]LogConfig: Setting CVar [[r.AmbientOcclusionLevels:-1]]
[2020.01.25-21.48.14:771][  0]LogConfig: Setting CVar [[r.AmbientOcclusionRadiusScale:1.0]]
[2020.01.25-21.48.14:771][  0]LogConfig: Setting CVar [[r.DepthOfFieldQuality:2]]
[2020.01.25-21.48.14:771][  0]LogConfig: Setting CVar [[r.RenderTargetPoolMin:400]]
[2020.01.25-21.48.14:772][  0]LogConfig: Setting CVar [[r.LensFlareQuality:2]]
[2020.01.25-21.48.14:772][  0]LogConfig: Setting CVar [[r.SceneColorFringeQuality:1]]
[2020.01.25-21.48.14:772][  0]LogConfig: Setting CVar [[r.EyeAdaptationQuality:2]]
[2020.01.25-21.48.14:772][  0]LogConfig: Setting CVar [[r.BloomQuality:5]]
[2020.01.25-21.48.14:772][  0]LogConfig: Setting CVar [[r.FastBlurThreshold:100]]
[2020.01.25-21.48.14:772][  0]LogConfig: Setting CVar [[r.Upscale.Quality:3]]
[2020.01.25-21.48.14:772][  0]LogConfig: Setting CVar [[r.Tonemapper.GrainQuantization:1]]
[2020.01.25-21.48.14:772][  0]LogConfig: Setting CVar [[r.LightShaftQuality:1]]
[2020.01.25-21.48.14:772][  0]LogConfig: Setting CVar [[r.Filter.SizeScale:1]]
[2020.01.25-21.48.14:772][  0]LogConfig: Setting CVar [[r.Tonemapper.Quality:5]]
[2020.01.25-21.48.14:772][  0]LogConfig: Setting CVar [[r.DOF.Gather.AccumulatorQuality:1        ; higher gathering accumulator quality]]
[2020.01.25-21.48.14:772][  0]LogConfig: Setting CVar [[r.DOF.Gather.PostfilterMethod:1          ; Median3x3 postfilering method]]
[2020.01.25-21.48.14:772][  0]LogConfig: Setting CVar [[r.DOF.Gather.EnableBokehSettings:0       ; no bokeh simulation when gathering]]
[2020.01.25-21.48.14:772][  0]LogConfig: Setting CVar [[r.DOF.Gather.RingCount:4                 ; medium number of samples when gathering]]
[2020.01.25-21.48.14:772][  0]LogConfig: Setting CVar [[r.DOF.Scatter.ForegroundCompositing:1    ; additive foreground scattering]]
[2020.01.25-21.48.14:772][  0]LogConfig: Setting CVar [[r.DOF.Scatter.BackgroundCompositing:2    ; additive background scattering]]
[2020.01.25-21.48.14:772][  0]LogConfig: Setting CVar [[r.DOF.Scatter.EnableBokehSettings:1      ; bokeh simulation when scattering]]
[2020.01.25-21.48.14:772][  0]LogConfig: Setting CVar [[r.DOF.Scatter.MaxSpriteRatio:0.1         ; only a maximum of 10% of scattered bokeh]]
[2020.01.25-21.48.14:772][  0]LogConfig: Setting CVar [[r.DOF.Recombine.Quality:1                ; cheap slight out of focus]]
[2020.01.25-21.48.14:772][  0]LogConfig: Setting CVar [[r.DOF.Recombine.EnableBokehSettings:0    ; no bokeh simulation on slight out of focus]]
[2020.01.25-21.48.14:772][  0]LogConfig: Setting CVar [[r.DOF.TemporalAAQuality:1                ; more stable temporal accumulation]]
[2020.01.25-21.48.14:772][  0]LogConfig: Setting CVar [[r.DOF.Kernel.MaxForegroundRadius:0.025]]
[2020.01.25-21.48.14:772][  0]LogConfig: Setting CVar [[r.DOF.Kernel.MaxBackgroundRadius:0.025]]
[2020.01.25-21.48.14:772][  0]LogConfig: Applying CVar settings from Section [TextureQuality@3] File [D:/Unreal projects/Portfolio Pieces/Project Clockwork Backup Desktop/Project_Clockwork/Book_Project/Saved/Config/Windows/Scalability.ini]
[2020.01.25-21.48.14:772][  0]LogConfig: Setting CVar [[r.Streaming.MipBias:0]]
[2020.01.25-21.48.14:772][  0]LogConfig: Setting CVar [[r.Streaming.AmortizeCPUToGPUCopy:0]]
[2020.01.25-21.48.14:772][  0]LogConfig: Setting CVar [[r.Streaming.MaxNumTexturesToStreamPerFrame:0]]
[2020.01.25-21.48.14:772][  0]LogConfig: Setting CVar [[r.Streaming.Boost:1]]
[2020.01.25-21.48.14:772][  0]LogConfig: Setting CVar [[r.MaxAnisotropy:8]]
[2020.01.25-21.48.14:772][  0]LogConfig: Setting CVar [[r.Streaming.LimitPoolSizeToVRAM:0]]
[2020.01.25-21.48.14:772][  0]LogConfig: Setting CVar [[r.Streaming.PoolSize:1000]]
[2020.01.25-21.48.14:772][  0]LogConfig: Setting CVar [[r.Streaming.MaxEffectiveScreenSize:0]]
[2020.01.25-21.48.14:772][  0]LogConfig: Applying CVar settings from Section [EffectsQuality@3] File [D:/Unreal projects/Portfolio Pieces/Project Clockwork Backup Desktop/Project_Clockwork/Book_Project/Saved/Config/Windows/Scalability.ini]
[2020.01.25-21.48.14:772][  0]LogConfig: Setting CVar [[r.TranslucencyLightingVolumeDim:64]]
[2020.01.25-21.48.14:772][  0]LogConfig: Setting CVar [[r.RefractionQuality:2]]
[2020.01.25-21.48.14:772][  0]LogConfig: Setting CVar [[r.SSR.Quality:3]]
[2020.01.25-21.48.14:772][  0]LogConfig: Setting CVar [[r.SceneColorFormat:4]]
[2020.01.25-21.48.14:772][  0]LogConfig: Setting CVar [[r.DetailMode:2]]
[2020.01.25-21.48.14:772][  0]LogConfig: Setting CVar [[r.TranslucencyVolumeBlur:1]]
[2020.01.25-21.48.14:772][  0]LogConfig: Setting CVar [[r.MaterialQualityLevel:1 ; High quality]]
[2020.01.25-21.48.14:772][  0]LogConfig: Setting CVar [[r.SSS.Scale:1]]
[2020.01.25-21.48.14:772][  0]LogConfig: Setting CVar [[r.SSS.SampleSet:2]]
[2020.01.25-21.48.14:772][  0]LogConfig: Setting CVar [[r.SSS.Quality:1]]
[2020.01.25-21.48.14:772][  0]LogConfig: Setting CVar [[r.SSS.HalfRes:1]]
[2020.01.25-21.48.14:772][  0]LogConfig: Setting CVar [[r.EmitterSpawnRateScale:1.0]]
[2020.01.25-21.48.14:772][  0]LogConfig: Setting CVar [[r.ParticleLightQuality:2]]
[2020.01.25-21.48.14:772][  0]LogConfig: Applying CVar settings from Section [FoliageQuality@3] File [D:/Unreal projects/Portfolio Pieces/Project Clockwork Backup Desktop/Project_Clockwork/Book_Project/Saved/Config/Windows/Scalability.ini]
[2020.01.25-21.48.14:772][  0]LogConfig: Setting CVar [[foliage.DensityScale:1.0]]
[2020.01.25-21.48.14:772][  0]LogConfig: Setting CVar [[grass.DensityScale:1.0]]
[2020.01.25-21.48.14:772][  0]LogInit: Selected Device Profile: [Windows]
[2020.01.25-21.48.14:772][  0]LogInit: Applying CVar settings loaded from the selected device profile: [Windows]
[2020.01.25-21.48.14:776][  0]LogHAL: Display: Platform has ~ 16 GB [17108713472 / 17179869184 / 16], which maps to Larger [LargestMinGB=32, LargerMinGB=12, DefaultMinGB=8, SmallerMinGB=6, SmallestMinGB=0)
[2020.01.25-21.48.14:776][  0]LogInit: Going up to parent DeviceProfile []
[2020.01.25-21.48.14:776][  0]LogConfig: Applying CVar settings from Section [ViewDistanceQuality@3] File [D:/Unreal projects/Portfolio Pieces/Project Clockwork Backup Desktop/Project_Clockwork/Book_Project/Saved/Config/Windows/Scalability.ini]
[2020.01.25-21.48.14:776][  0]LogConfig: Setting CVar [[r.SkeletalMeshLODBias:0]]
[2020.01.25-21.48.14:776][  0]LogConfig: Setting CVar [[r.ViewDistanceScale:1.0]]
[2020.01.25-21.48.14:776][  0]LogConfig: Applying CVar settings from Section [AntiAliasingQuality@2] File [D:/Unreal projects/Portfolio Pieces/Project Clockwork Backup Desktop/Project_Clockwork/Book_Project/Saved/Config/Windows/Scalability.ini]
[2020.01.25-21.48.14:776][  0]LogConfig: Setting CVar [[r.PostProcessAAQuality:3]]
[2020.01.25-21.48.14:776][  0]LogConfig: Applying CVar settings from Section [ShadowQuality@3] File [D:/Unreal projects/Portfolio Pieces/Project Clockwork Backup Desktop/Project_Clockwork/Book_Project/Saved/Config/Windows/Scalability.ini]
[2020.01.25-21.48.14:776][  0]LogConfig: Setting CVar [[r.LightFunctionQuality:1]]
[2020.01.25-21.48.14:776][  0]LogConfig: Setting CVar [[r.ShadowQuality:5]]
[2020.01.25-21.48.14:776][  0]LogConfig: Setting CVar [[r.Shadow.CSM.MaxCascades:10]]
[2020.01.25-21.48.14:776][  0]LogConfig: Setting CVar [[r.Shadow.MaxResolution:2048]]
[2020.01.25-21.48.14:776][  0]LogConfig: Setting CVar [[r.Shadow.MaxCSMResolution:2048]]
[2020.01.25-21.48.14:776][  0]LogConfig: Setting CVar [[r.Shadow.RadiusThreshold:0.01]]
[2020.01.25-21.48.14:776][  0]LogConfig: Setting CVar [[r.Shadow.DistanceScale:1.0]]
[2020.01.25-21.48.14:776][  0]LogConfig: Setting CVar [[r.Shadow.CSM.TransitionScale:1.0]]
[2020.01.25-21.48.14:776][  0]LogConfig: Setting CVar [[r.Shadow.PreShadowResolutionFactor:1.0]]
[2020.01.25-21.48.14:776][  0]LogConfig: Setting CVar [[r.DistanceFieldShadowing:1]]
[2020.01.25-21.48.14:776][  0]LogConfig: Setting CVar [[r.DistanceFieldAO:1]]
[2020.01.25-21.48.14:776][  0]LogConfig: Setting CVar [[r.AOQuality:2]]
[2020.01.25-21.48.14:776][  0]LogConfig: Setting CVar [[r.VolumetricFog:1]]
[2020.01.25-21.48.14:776][  0]LogConfig: Setting CVar [[r.VolumetricFog.GridPixelSize:8]]
[2020.01.25-21.48.14:776][  0]LogConfig: Setting CVar [[r.VolumetricFog.GridSizeZ:128]]
[2020.01.25-21.48.14:777][  0]LogConfig: Setting CVar [[r.VolumetricFog.HistoryMissSupersampleCount:4]]
[2020.01.25-21.48.14:777][  0]LogConfig: Setting CVar [[r.LightMaxDrawDistanceScale:1]]
[2020.01.25-21.48.14:777][  0]LogConfig: Setting CVar [[r.CapsuleShadows:1]]
[2020.01.25-21.48.14:777][  0]LogConfig: Applying CVar settings from Section [PostProcessQuality@2] File [D:/Unreal projects/Portfolio Pieces/Project Clockwork Backup Desktop/Project_Clockwork/Book_Project/Saved/Config/Windows/Scalability.ini]
[2020.01.25-21.48.14:777][  0]LogConfig: Setting CVar [[r.MotionBlurQuality:3]]
[2020.01.25-21.48.14:777][  0]LogConfig: Setting CVar [[r.AmbientOcclusionMipLevelFactor:0.6]]
[2020.01.25-21.48.14:777][  0]LogConfig: Setting CVar [[r.AmbientOcclusionMaxQuality:100]]
[2020.01.25-21.48.14:777][  0]LogConfig: Setting CVar [[r.AmbientOcclusionLevels:-1]]
[2020.01.25-21.48.14:777][  0]LogConfig: Setting CVar [[r.AmbientOcclusionRadiusScale:1.5]]
[2020.01.25-21.48.14:777][  0]LogConfig: Setting CVar [[r.DepthOfFieldQuality:2]]
[2020.01.25-21.48.14:777][  0]LogConfig: Setting CVar [[r.RenderTargetPoolMin:400]]
[2020.01.25-21.48.14:777][  0]LogConfig: Setting CVar [[r.LensFlareQuality:2]]
[2020.01.25-21.48.14:777][  0]LogConfig: Setting CVar [[r.SceneColorFringeQuality:1]]
[2020.01.25-21.48.14:777][  0]LogConfig: Setting CVar [[r.EyeAdaptationQuality:2]]
[2020.01.25-21.48.14:777][  0]LogConfig: Setting CVar [[r.BloomQuality:5]]
[2020.01.25-21.48.14:777][  0]LogConfig: Setting CVar [[r.FastBlurThreshold:3]]
[2020.01.25-21.48.14:777][  0]LogConfig: Setting CVar [[r.Upscale.Quality:2]]
[2020.01.25-21.48.14:777][  0]LogConfig: Setting CVar [[r.Tonemapper.GrainQuantization:1]]
[2020.01.25-21.48.14:777][  0]LogConfig: Setting CVar [[r.LightShaftQuality:1]]
[2020.01.25-21.48.14:777][  0]LogConfig: Setting CVar [[r.Filter.SizeScale:0.8]]
[2020.01.25-21.48.14:777][  0]LogConfig: Setting CVar [[r.Tonemapper.Quality:5]]
[2020.01.25-21.48.14:777][  0]LogConfig: Setting CVar [[r.DOF.Gather.AccumulatorQuality:0        ; lower gathering accumulator quality]]
[2020.01.25-21.48.14:777][  0]LogConfig: Setting CVar [[r.DOF.Gather.PostfilterMethod:2          ; Max3x3 postfilering method]]
[2020.01.25-21.48.14:777][  0]LogConfig: Setting CVar [[r.DOF.Gather.EnableBokehSettings:0       ; no bokeh simulation when gathering]]
[2020.01.25-21.48.14:777][  0]LogConfig: Setting CVar [[r.DOF.Gather.RingCount:4                 ; medium number of samples when gathering]]
[2020.01.25-21.48.14:777][  0]LogConfig: Setting CVar [[r.DOF.Scatter.ForegroundCompositing:1    ; additive foreground scattering]]
[2020.01.25-21.48.14:777][  0]LogConfig: Setting CVar [[r.DOF.Scatter.BackgroundCompositing:1    ; no background occlusion]]
[2020.01.25-21.48.14:777][  0]LogConfig: Setting CVar [[r.DOF.Scatter.EnableBokehSettings:0      ; no bokeh simulation when scattering]]
[2020.01.25-21.48.14:777][  0]LogConfig: Setting CVar [[r.DOF.Scatter.MaxSpriteRatio:0.04        ; only a maximum of 4% of scattered bokeh]]
[2020.01.25-21.48.14:777][  0]LogConfig: Setting CVar [[r.DOF.Recombine.Quality:0                ; no slight out of focus]]
[2020.01.25-21.48.14:777][  0]LogConfig: Setting CVar [[r.DOF.TemporalAAQuality:0                ; faster temporal accumulation]]
[2020.01.25-21.48.14:777][  0]LogConfig: Setting CVar [[r.DOF.Kernel.MaxForegroundRadius:0.012   ; required because of AccumulatorQuality=0]]
[2020.01.25-21.48.14:777][  0]LogConfig: Setting CVar [[r.DOF.Kernel.MaxBackgroundRadius:0.012   ; required because of AccumulatorQuality=0]]
[2020.01.25-21.48.14:777][  0]LogConfig: Applying CVar settings from Section [TextureQuality@2] File [D:/Unreal projects/Portfolio Pieces/Project Clockwork Backup Desktop/Project_Clockwork/Book_Project/Saved/Config/Windows/Scalability.ini]
[2020.01.25-21.48.14:777][  0]LogConfig: Setting CVar [[r.Streaming.MipBias:0]]
[2020.01.25-21.48.14:777][  0]LogConfig: Setting CVar [[r.Streaming.AmortizeCPUToGPUCopy:0]]
[2020.01.25-21.48.14:777][  0]LogConfig: Setting CVar [[r.Streaming.MaxNumTexturesToStreamPerFrame:0]]
[2020.01.25-21.48.14:777][  0]LogConfig: Setting CVar [[r.Streaming.Boost:1]]
[2020.01.25-21.48.14:777][  0]LogConfig: Setting CVar [[r.MaxAnisotropy:4]]
[2020.01.25-21.48.14:777][  0]LogConfig: Setting CVar [[r.Streaming.LimitPoolSizeToVRAM:1]]
[2020.01.25-21.48.14:777][  0]LogConfig: Setting CVar [[r.Streaming.PoolSize:800]]
[2020.01.25-21.48.14:777][  0]LogConfig: Setting CVar [[r.Streaming.MaxEffectiveScreenSize:0]]
[2020.01.25-21.48.14:777][  0]LogConfig: Applying CVar settings from Section [EffectsQuality@3] File [D:/Unreal projects/Portfolio Pieces/Project Clockwork Backup Desktop/Project_Clockwork/Book_Project/Saved/Config/Windows/Scalability.ini]
[2020.01.25-21.48.14:777][  0]LogConfig: Setting CVar [[r.TranslucencyLightingVolumeDim:64]]
[2020.01.25-21.48.14:777][  0]LogConfig: Setting CVar [[r.RefractionQuality:2]]
[2020.01.25-21.48.14:777][  0]LogConfig: Setting CVar [[r.SSR.Quality:3]]
[2020.01.25-21.48.14:777][  0]LogConfig: Setting CVar [[r.SceneColorFormat:4]]
[2020.01.25-21.48.14:777][  0]LogConfig: Setting CVar [[r.DetailMode:2]]
[2020.01.25-21.48.14:777][  0]LogConfig: Setting CVar [[r.TranslucencyVolumeBlur:1]]
[2020.01.25-21.48.14:777][  0]LogConfig: Setting CVar [[r.MaterialQualityLevel:1 ; High quality]]
[2020.01.25-21.48.14:777][  0]LogConfig: Setting CVar [[r.SSS.Scale:1]]
[2020.01.25-21.48.14:777][  0]LogConfig: Setting CVar [[r.SSS.SampleSet:2]]
[2020.01.25-21.48.14:777][  0]LogConfig: Setting CVar [[r.SSS.Quality:1]]
[2020.01.25-21.48.14:777][  0]LogConfig: Setting CVar [[r.SSS.HalfRes:1]]
[2020.01.25-21.48.14:777][  0]LogConfig: Setting CVar [[r.EmitterSpawnRateScale:1.0]]
[2020.01.25-21.48.14:777][  0]LogConfig: Setting CVar [[r.ParticleLightQuality:2]]
[2020.01.25-21.48.14:777][  0]LogConfig: Applying CVar settings from Section [FoliageQuality@2] File [D:/Unreal projects/Portfolio Pieces/Project Clockwork Backup Desktop/Project_Clockwork/Book_Project/Saved/Config/Windows/Scalability.ini]
[2020.01.25-21.48.14:777][  0]LogConfig: Setting CVar [[foliage.DensityScale:0.8]]
[2020.01.25-21.48.14:777][  0]LogConfig: Setting CVar [[grass.DensityScale:0.8]]
[2020.01.25-21.48.14:778][  0]LogConfig: Applying CVar settings from Section [Startup] File [../../../Engine/Config/ConsoleVariables.ini]
[2020.01.25-21.48.14:778][  0]LogConfig: Setting CVar [[net.UseAdaptiveNetUpdateFrequency:0]]
[2020.01.25-21.48.14:778][  0]LogConfig: Setting CVar [[p.chaos.AllowCreatePhysxBodies:1]]
[2020.01.25-21.48.14:778][  0]LogConfig: Applying CVar settings from Section [ConsoleVariables] File [D:/Unreal projects/Portfolio Pieces/Project Clockwork Backup Desktop/Project_Clockwork/Book_Project/Saved/Config/Windows/Engine.ini]
[2020.01.25-21.48.14:778][  0]LogInit: Computer: SAFARIS-PC
[2020.01.25-21.48.14:778][  0]LogInit: User: Safari
[2020.01.25-21.48.14:778][  0]LogInit: CPU Page size=4096, Cores=8
[2020.01.25-21.48.14:778][  0]LogInit: High frequency timer resolution =10.000000 MHz
[2020.01.25-21.48.14:778][  0]LogMemory: Memory total: Physical=15.9GB (16GB approx)
[2020.01.25-21.48.14:778][  0]LogMemory: Platform Memory Stats for Windows
[2020.01.25-21.48.14:778][  0]LogMemory: Process Physical Memory: 103.39 MB used, 103.40 MB peak
[2020.01.25-21.48.14:778][  0]LogMemory: Process Virtual Memory: 100.66 MB used, 100.66 MB peak
[2020.01.25-21.48.14:778][  0]LogMemory: Physical Memory: 5575.55 MB used,  10740.59 MB free, 16316.14 MB total
[2020.01.25-21.48.14:778][  0]LogMemory: Virtual Memory: 4701.62 MB used,  134213024.00 MB free, 134217728.00 MB total
[2020.01.25-21.48.14:782][  0]LogWindows: WindowsPlatformFeatures enabled
[2020.01.25-21.48.14:814][  0]LogInit: Using OS detected language (en-US).
[2020.01.25-21.48.14:814][  0]LogInit: Using OS detected locale (en-US).
[2020.01.25-21.48.14:815][  0]LogTextLocalizationManager: No specific localization for 'en-US' exists, so the 'en' localization will be used.
[2020.01.25-21.48.15:007][  0]LogInit: Setting process to per monitor DPI aware
[2020.01.25-21.48.15:046][  0]LogSlate: New Slate User Created.  User Index 0, Is Virtual User: 0
[2020.01.25-21.48.15:046][  0]LogSlate: Slate User Registered.  User Index 0, Is Virtual User: 0
[2020.01.25-21.48.15:263][  0]LogHMD: Failed to initialize OpenVR with code 110
[2020.01.25-21.48.15:263][  0]LogD3D11RHI: D3D11 adapters:
[2020.01.25-21.48.15:344][  0]LogD3D11RHI:    0. 'NVIDIA GeForce GTX 1050 Ti' (Feature Level 11_0)
[2020.01.25-21.48.15:344][  0]LogD3D11RHI:       4018/0/8158 MB DedicatedVideo/DedicatedSystem/SharedSystem, Outputs:1, VendorId:0x10de
[2020.01.25-21.48.15:346][  0]LogD3D11RHI:    1. 'Microsoft Basic Render Driver' (Feature Level 11_0)
[2020.01.25-21.48.15:346][  0]LogD3D11RHI:       0/0/8158 MB DedicatedVideo/DedicatedSystem/SharedSystem, Outputs:0, VendorId:0x1414
[2020.01.25-21.48.15:346][  0]LogD3D11RHI: Chosen D3D11 Adapter: 0
[2020.01.25-21.48.15:356][  0]LogD3D11RHI: Creating new Direct3DDevice
[2020.01.25-21.48.15:356][  0]LogD3D11RHI:     GPU DeviceId: 0x1c82 (for the marketing name, search the web for "GPU Device Id")
[2020.01.25-21.48.15:356][  0]LogWindows: EnumDisplayDevices:
[2020.01.25-21.48.15:356][  0]LogWindows:    0. 'NVIDIA GeForce GTX 1050 Ti' (P:1 D:1)
[2020.01.25-21.48.15:356][  0]LogWindows:    1. 'NVIDIA GeForce GTX 1050 Ti' (P:0 D:0)
[2020.01.25-21.48.15:356][  0]LogWindows:    2. 'NVIDIA GeForce GTX 1050 Ti' (P:0 D:0)
[2020.01.25-21.48.15:357][  0]LogWindows:    3. 'NVIDIA GeForce GTX 1050 Ti' (P:0 D:0)
[2020.01.25-21.48.15:357][  0]LogWindows: DebugString: FoundDriverCount:4 
[2020.01.25-21.48.15:357][  0]LogD3D11RHI:     Adapter Name: NVIDIA GeForce GTX 1050 Ti
[2020.01.25-21.48.15:357][  0]LogD3D11RHI:   Driver Version: 436.15 (internal:26.21.14.3615, unified:436.15)
[2020.01.25-21.48.15:357][  0]LogD3D11RHI:      Driver Date: 8-24-2019
[2020.01.25-21.48.15:357][  0]LogRHI: Texture pool is 2812 MB (70% of 4018 MB)
[2020.01.25-21.48.15:425][  0]LogD3D11RHI: Async texture creation enabled
[2020.01.25-21.48.15:444][  0]LogD3D11RHI: GPU Timing Frequency: 1000.000000 (Debug: 2 1)
[2020.01.25-21.48.15:759][  0]LogTemp: Display: Module 'AllDesktopTargetPlatform' loaded TargetPlatform 'AllDesktop'
[2020.01.25-21.48.15:771][  0]LogTemp: Display: Module 'MacClientTargetPlatform' loaded TargetPlatform 'MacClient'
[2020.01.25-21.48.15:785][  0]LogTemp: Display: Module 'MacNoEditorTargetPlatform' loaded TargetPlatform 'MacNoEditor'
[2020.01.25-21.48.15:796][  0]LogTemp: Display: Module 'MacServerTargetPlatform' loaded TargetPlatform 'MacServer'
[2020.01.25-21.48.15:808][  0]LogTemp: Display: Module 'MacTargetPlatform' loaded TargetPlatform 'Mac'
[2020.01.25-21.48.15:821][  0]LogTemp: Display: Module 'WindowsClientTargetPlatform' loaded TargetPlatform 'WindowsClient'
[2020.01.25-21.48.15:833][  0]LogTemp: Display: Module 'WindowsNoEditorTargetPlatform' loaded TargetPlatform 'WindowsNoEditor'
[2020.01.25-21.48.15:845][  0]LogTemp: Display: Module 'WindowsServerTargetPlatform' loaded TargetPlatform 'WindowsServer'
[2020.01.25-21.48.15:852][  0]LogTemp: Display: Module 'WindowsTargetPlatform' loaded TargetPlatform 'Windows'
[2020.01.25-21.48.15:892][  0]LogTemp: Display: Module 'AndroidTargetPlatform' loaded TargetPlatform 'Android'
[2020.01.25-21.48.15:892][  0]LogTemp: Display: Module 'AndroidTargetPlatform' loaded TargetPlatform 'Android_ASTC'
[2020.01.25-21.48.15:892][  0]LogTemp: Display: Module 'AndroidTargetPlatform' loaded TargetPlatform 'Android_ATC'
[2020.01.25-21.48.15:892][  0]LogTemp: Display: Module 'AndroidTargetPlatform' loaded TargetPlatform 'Android_DXT'
[2020.01.25-21.48.15:892][  0]LogTemp: Display: Module 'AndroidTargetPlatform' loaded TargetPlatform 'Android_ETC1'
[2020.01.25-21.48.15:892][  0]LogTemp: Display: Module 'AndroidTargetPlatform' loaded TargetPlatform 'Android_ETC1a'
[2020.01.25-21.48.15:892][  0]LogTemp: Display: Module 'AndroidTargetPlatform' loaded TargetPlatform 'Android_ETC2'
[2020.01.25-21.48.15:892][  0]LogTemp: Display: Module 'AndroidTargetPlatform' loaded TargetPlatform 'Android_PVRTC'
[2020.01.25-21.48.15:893][  0]LogTemp: Display: Module 'AndroidTargetPlatform' loaded TargetPlatform 'AndroidClient'
[2020.01.25-21.48.15:893][  0]LogTemp: Display: Module 'AndroidTargetPlatform' loaded TargetPlatform 'Android_ASTCClient'
[2020.01.25-21.48.15:893][  0]LogTemp: Display: Module 'AndroidTargetPlatform' loaded TargetPlatform 'Android_ATCClient'
[2020.01.25-21.48.15:893][  0]LogTemp: Display: Module 'AndroidTargetPlatform' loaded TargetPlatform 'Android_DXTClient'
[2020.01.25-21.48.15:893][  0]LogTemp: Display: Module 'AndroidTargetPlatform' loaded TargetPlatform 'Android_ETC1Client'
[2020.01.25-21.48.15:893][  0]LogTemp: Display: Module 'AndroidTargetPlatform' loaded TargetPlatform 'Android_ETC1aClient'
[2020.01.25-21.48.15:893][  0]LogTemp: Display: Module 'AndroidTargetPlatform' loaded TargetPlatform 'Android_ETC2Client'
[2020.01.25-21.48.15:893][  0]LogTemp: Display: Module 'AndroidTargetPlatform' loaded TargetPlatform 'Android_PVRTCClient'
[2020.01.25-21.48.15:893][  0]LogTemp: Display: Module 'AndroidTargetPlatform' loaded TargetPlatform 'Android_Multi'
[2020.01.25-21.48.15:893][  0]LogTemp: Display: Module 'AndroidTargetPlatform' loaded TargetPlatform 'Android_MultiClient'
[2020.01.25-21.48.15:895][  0]LogTemp: Display: Module 'HTML5TargetPlatform' loaded TargetPlatform 'HTML5'
[2020.01.25-21.48.15:919][  0]LogTemp: Display: Module 'IOSTargetPlatform' loaded TargetPlatform 'IOSClient'
[2020.01.25-21.48.15:919][  0]LogTemp: Display: Module 'IOSTargetPlatform' loaded TargetPlatform 'IOS'
[2020.01.25-21.48.15:938][  0]LogTemp: Display: Module 'TVOSTargetPlatform' loaded TargetPlatform 'TVOSClient'
[2020.01.25-21.48.15:938][  0]LogTemp: Display: Module 'TVOSTargetPlatform' loaded TargetPlatform 'TVOS'
[2020.01.25-21.48.15:947][  0]LogTemp: Display: Module 'LinuxClientTargetPlatform' loaded TargetPlatform 'LinuxClient'
[2020.01.25-21.48.15:956][  0]LogTemp: Display: Module 'LinuxNoEditorTargetPlatform' loaded TargetPlatform 'LinuxNoEditor'
[2020.01.25-21.48.15:966][  0]LogTemp: Display: Module 'LinuxServerTargetPlatform' loaded TargetPlatform 'LinuxServer'
[2020.01.25-21.48.15:976][  0]LogTemp: Display: Module 'LinuxTargetPlatform' loaded TargetPlatform 'Linux'
[2020.01.25-21.48.16:008][  0]LogTemp: Display: Module 'LuminTargetPlatform' loaded TargetPlatform 'Lumin'
[2020.01.25-21.48.16:008][  0]LogTemp: Display: Module 'LuminTargetPlatform' loaded TargetPlatform 'LuminClient'
[2020.01.25-21.48.16:008][  0]LogTargetPlatformManager: Display: Building Assets For Windows
[2020.01.25-21.48.16:021][  0]LogAudioDebug: Display: Lib vorbis DLL was dynamically loaded.
[2020.01.25-21.48.16:095][  0]LogShaderCompilers: Guid format shader working directory is -53 characters bigger than the processId version (D:/Unreal projects/Portfolio Pieces/Project Clockwork Backup Desktop/Project_Clockwork/Book_Project/Intermediate/Shaders/WorkingDirectory/18976/).
[2020.01.25-21.48.16:095][  0]LogShaderCompilers: Cleaned the shader compiler working directory 'C:/Users/Safari/AppData/Local/Temp/UnrealShaderWorkingDir/2009B42C41F2E4E311F046A7FC4A2B03/'.
[2020.01.25-21.48.16:098][  0]LogXGEController: Cleaning working directory: C:/Users/Safari/AppData/Local/Temp/UnrealXGEWorkingDir/
[2020.01.25-21.48.16:099][  0]LogXGEController: Cannot use XGE Controller as Incredibuild is not installed on this machine.
[2020.01.25-21.48.16:099][  0]LogShaderCompilers: Cannot use XGE Shader Compiler as Incredibuild is not installed on this machine.
[2020.01.25-21.48.16:099][  0]LogShaderCompilers: Display: Using Local Shader Compiler.
[2020.01.25-21.48.16:810][  0]LogDerivedDataCache: Display: Max Cache Size: 512 MB
[2020.01.25-21.48.16:856][  0]LogDerivedDataCache: Loaded boot cache 0.05s 73MB C:/Users/Safari/AppData/Local/UnrealEngine/4.23/DerivedDataCache/Boot.ddc.
[2020.01.25-21.48.16:856][  0]LogDerivedDataCache: Display: Loaded Boot cache: C:/Users/Safari/AppData/Local/UnrealEngine/4.23/DerivedDataCache/Boot.ddc
[2020.01.25-21.48.16:856][  0]LogDerivedDataCache: FDerivedDataBackendGraph:  Pak pak cache file D:/Unreal projects/Portfolio Pieces/Project Clockwork Backup Desktop/Project_Clockwork/Book_Project/DerivedDataCache/DDC.ddp not found, will not use a pak cache.
[2020.01.25-21.48.16:856][  0]LogDerivedDataCache: Unable to find inner node Pak for hierarchical cache Hierarchy.
[2020.01.25-21.48.16:857][  0]LogDerivedDataCache: FDerivedDataBackendGraph:  CompressedPak pak cache file D:/Unreal projects/Portfolio Pieces/Project Clockwork Backup Desktop/Project_Clockwork/Book_Project/DerivedDataCache/Compressed.ddp not found, will not use a pak cache.
[2020.01.25-21.48.16:857][  0]LogDerivedDataCache: Unable to find inner node CompressedPak for hierarchical cache Hierarchy.
[2020.01.25-21.48.16:872][  0]LogDerivedDataCache: Display: Pak cache opened for reading ../../../Engine/DerivedDataCache/Compressed.ddp.
[2020.01.25-21.48.16:872][  0]LogDerivedDataCache: FDerivedDataBackendGraph:  EnterprisePak pak cache file ../../../Enterprise/DerivedDataCache/Compressed.ddp not found, will not use a pak cache.
[2020.01.25-21.48.16:872][  0]LogDerivedDataCache: Unable to find inner node EnterprisePak for hierarchical cache Hierarchy.
[2020.01.25-21.48.16:874][  0]LogDerivedDataCache: Using Local data cache path C:/Users/Safari/AppData/Local/UnrealEngine/Common/DerivedDataCache: Writable
[2020.01.25-21.48.16:874][  0]LogDerivedDataCache: Shared data cache path not found in *engine.ini, will not use an Shared cache.
[2020.01.25-21.48.16:874][  0]LogDerivedDataCache: Unable to find inner node Shared for hierarchical cache Hierarchy.
[2020.01.25-21.48.16:907][  0]LogMaterial: Verifying Global Shaders for PCD3D_SM5
[2020.01.25-21.48.16:911][  0]LogSlate: Using FreeType 2.6.0
[2020.01.25-21.48.16:911][  0]LogSlate: SlateFontServices - WITH_FREETYPE: 1, WITH_HARFBUZZ: 1
[2020.01.25-21.48.16:979][  0]LogAssetRegistry: FAssetRegistry took 0.0033 seconds to start up
[2020.01.25-21.48.17:310][  0]LogInit: Selected Device Profile: [Windows]
[2020.01.25-21.48.17:488][  0]LogMeshReduction: Using QuadricMeshReduction for automatic static mesh reduction
[2020.01.25-21.48.17:488][  0]LogMeshReduction: Using SimplygonMeshReduction for automatic skeletal mesh reduction
[2020.01.25-21.48.17:488][  0]LogMeshReduction: Using ProxyLODMeshReduction for automatic mesh merging
[2020.01.25-21.48.17:488][  0]LogMeshReduction: No distributed automatic mesh merging module available
[2020.01.25-21.48.17:488][  0]LogMeshMerging: No distributed automatic mesh merging module available
[2020.01.25-21.48.17:499][  0]LogNetVersion: Book_Project 1.0.0, NetCL: 8386587, EngineNetVer: 11, GameNetVer: 0 (Checksum: 4225194187)
[2020.01.25-21.48.17:992][  0]LogPackageLocalizationCache: Processed 12 localized package path(s) for 1 prioritized culture(s) in 0.064128 seconds
[2020.01.25-21.48.18:000][  0]LogUObjectArray: 43444 objects as part of root set at end of initial load.
[2020.01.25-21.48.18:000][  0]LogUObjectAllocator: 7548648 out of 0 bytes used by permanent object pool.
[2020.01.25-21.48.18:000][  0]LogUObjectArray: CloseDisregardForGC: 0/0 objects in disregard for GC pool
[2020.01.25-21.48.19:037][  0]LogTcpMessaging: Initializing TcpMessaging bridge
[2020.01.25-21.48.19:041][  0]LogUdpMessaging: Initializing bridge on interface 0.0.0.0:0 to multicast group 230.0.0.1:6666.
[2020.01.25-21.48.19:389][  0]LogStats: FPlatformStackWalk::StackWalkAndDump -  0.309 s
[2020.01.25-21.48.19:389][  0]LogOutputDevice: Error: === Handled ensure: ===
[2020.01.25-21.48.19:389][  0]LogOutputDevice: Error: 
[2020.01.25-21.48.19:389][  0]LogOutputDevice: Error: Ensure condition failed: this->IsBound() [File:C:\UE_4_23\UE_4.23\Engine\Source\Runtime\Core\Public\Delegates/DelegateSignatureImpl.inl] [Line: 1136]
[2020.01.25-21.48.19:389][  0]LogOutputDevice: Error: Unable to bind delegate to 'Teleport' (function might not be marked as a UFUNCTION or object may be pending kill)
[2020.01.25-21.48.19:389][  0]LogOutputDevice: Error: Stack: 
[2020.01.25-21.48.19:389][  0]LogOutputDevice: Error: [Callstack] 0x00007ffec09e7311 UE4Editor-Book_Project-8837.dll!DispatchCheckVerify<bool,<lambda_2498fc5d6a3a630d3a964272300a8d53> >() [c:\ue_4_23\ue_4.23\engine\source\runtime\core\public\misc\assertionmacros.h:164]
[2020.01.25-21.48.19:389][  0]LogOutputDevice: Error: [Callstack] 0x00007ffec09d796e UE4Editor-Book_Project-8837.dll!ATeleporter::ATeleporter() [d:\unreal projects\portfolio pieces\project clockwork backup desktop\project_clockwork\book_project\source\book_project\teleporter.cpp:20]
[2020.01.25-21.48.19:389][  0]LogOutputDevice: Error: [Callstack] 0x00007ffeddb809a5 UE4Editor-CoreUObject.dll!UnknownFunction []
[2020.01.25-21.48.19:389][  0]LogOutputDevice: Error: [Callstack] 0x00007ffedddf3e5a UE4Editor-CoreUObject.dll!UnknownFunction []
[2020.01.25-21.48.19:389][  0]LogOutputDevice: Error: [Callstack] 0x00007ffedddd2246 UE4Editor-CoreUObject.dll!UnknownFunction []
[2020.01.25-21.48.19:389][  0]LogOutputDevice: Error: [Callstack] 0x00007ffeddd04fd5 UE4Editor-CoreUObject.dll!UnknownFunction []
[2020.01.25-21.48.19:389][  0]LogOutputDevice: Error: [Callstack] 0x00007ffede5c83d7 UE4Editor-Core.dll!UnknownFunction []
[2020.01.25-21.48.19:389][  0]LogOutputDevice: Error: [Callstack] 0x00007ffede5e0ccb UE4Editor-Core.dll!UnknownFunction []
[2020.01.25-21.48.19:389][  0]LogOutputDevice: Error: [Callstack] 0x00007fff16778fa7 UE4Editor-Projects.dll!UnknownFunction []
[2020.01.25-21.48.19:389][  0]LogOutputDevice: Error: [Callstack] 0x00007fff16779299 UE4Editor-Projects.dll!UnknownFunction []
[2020.01.25-21.48.19:389][  0]LogOutputDevice: Error: [Callstack] 0x00007ff6015bda01 UE4Editor.exe!UnknownFunction []
[2020.01.25-21.48.19:389][  0]LogOutputDevice: Error: [Callstack] 0x00007ff6015c49f1 UE4Editor.exe!UnknownFunction []
[2020.01.25-21.48.19:389][  0]LogOutputDevice: Error: [Callstack] 0x00007ff6015ba667 UE4Editor.exe!UnknownFunction []
[2020.01.25-21.48.19:389][  0]LogOutputDevice: Error: [Callstack] 0x00007ff6015ba9fa UE4Editor.exe!UnknownFunction []
[2020.01.25-21.48.19:389][  0]LogOutputDevice: Error: [Callstack] 0x00007ff6015cb92c UE4Editor.exe!UnknownFunction []
[2020.01.25-21.48.19:389][  0]LogOutputDevice: Error: [Callstack] 0x00007ff6015ce60e UE4Editor.exe!UnknownFunction []
[2020.01.25-21.48.19:389][  0]LogOutputDevice: Error: [Callstack] 0x00007fff264d7bd4 KERNEL32.DLL!UnknownFunction []
[2020.01.25-21.48.19:389][  0]LogOutputDevice: Error: [Callstack] 0x00007fff2730ced1 ntdll.dll!UnknownFunction []
[2020.01.25-21.48.19:389][  0]LogOutputDevice: Error: 
[2020.01.25-21.48.19:400][  0]LogStats:                SubmitErrorReport -  0.000 s
[2020.01.25-21.48.19:836][  0]LogStats:                    SendNewReport -  0.435 s
[2020.01.25-21.48.19:836][  0]LogStats:             FDebug::EnsureFailed -  0.756 s
[2020.01.25-21.48.19:875][  0]SourceControl: Source control is disabled
[2020.01.25-21.48.19:875][  0]SourceControl: Source control is disabled
[2020.01.25-21.48.19:877][  0]SourceControl: Source control is disabled
[2020.01.25-21.48.19:878][  0]SourceControl: Source control is disabled
[2020.01.25-21.48.19:998][  0]LogAndroidPermission: UAndroidPermissionCallbackProxy::GetInstance
[2020.01.25-21.48.20:154][  0]LogOcInput: OculusInput pre-init called
[2020.01.25-21.48.20:164][  0]LogWindows: Failed to load 'OVRPlugin.dll' (GetLastError=126)
[2020.01.25-21.48.20:164][  0]LogWindows: File 'OVRPlugin.dll' does not exist
[2020.01.25-21.48.20:250][  0]LogEngine: Initializing Engine...
[2020.01.25-21.48.20:251][  0]LogHMD: Failed to initialize OpenVR with code 110
[2020.01.25-21.48.20:252][  0]LogStats: UGameplayTagsManager::InitializeManager -  0.000 s
[2020.01.25-21.48.20:497][  0]LogInit: Initializing FReadOnlyCVARCache
[2020.01.25-21.48.20:518][  0]LogAIModule: Creating AISystem for world Untitled
[2020.01.25-21.48.20:538][  0]LogInit: XAudio2 using 'Headphones (2- Razer Kraken USB)' : 2 channels at 48 kHz using 16 bits per sample (channel mask 0x3)
[2020.01.25-21.48.20:574][  0]LogInit: FAudioDevice initialized.
[2020.01.25-21.48.20:574][  0]LogNetVersion: Set ProjectVersion to 1.0.0.0. Version Checksum will be recalculated on next use.
[2020.01.25-21.48.20:660][  0]LogDerivedDataCache: Saved boot cache 0.09s 73MB C:/Users/Safari/AppData/Local/UnrealEngine/4.23/DerivedDataCache/Boot.ddc.
[2020.01.25-21.48.20:666][  0]LogInit: Texture streaming: Enabled
[2020.01.25-21.48.20:695][  0]LogEngineSessionManager: EngineSessionManager initialized
[2020.01.25-21.48.20:696][  0]LogEngineSessionManager: EngineSessionManager sent abnormal shutdown report. Type=Crashed, SessionId={20EAA6FE-41B8-75EF-8CBA-FD801D79614C}
[2020.01.25-21.48.20:696][  0]LogEditorSessionSummary: Verbose: Initializing EditorSessionSummaryWriter for editor session tracking
[2020.01.25-21.48.20:696][  0]LogEditorSessionSummary: EditorSessionSummaryWriter initialized
[2020.01.25-21.48.20:780][  0]LogInit: Transaction tracking system initialized
[2020.01.25-21.48.20:829][  0]BlueprintLog: New page: Editor Load
[2020.01.25-21.48.20:948][  0]LocalizationService: Localization service is disabled
[2020.01.25-21.48.21:252][  0]LogFileCache: Scanning file cache for directory 'D:/Unreal projects/Portfolio Pieces/Project Clockwork Backup Desktop/Project_Clockwork/Book_Project/Content/' took 0.01s
[2020.01.25-21.48.21:252][  0]LogCook: Display: Max memory allowance for cook 16384mb min free memory 0mb
[2020.01.25-21.48.21:252][  0]LogCook: Display: Mobile HDR setting 1
[2020.01.25-21.48.21:495][  0]SourceControl: Source control is disabled
[2020.01.25-21.48.21:495][  0]Cmd: MAP LOAD FILE="D:/Unreal projects/Portfolio Pieces/Project Clockwork Backup Desktop/Project_Clockwork/Book_Project/Content/StarterContent/Maps/Time_Jail.umap" TEMPLATE=0 SHOWPROGRESS=1 FEATURELEVEL=3
[2020.01.25-21.48.21:495][  0]LightingResults: New page: Lighting Build
[2020.01.25-21.48.21:499][  0]LogWorld: UWorld::CleanupWorld for Untitled, bSessionEnded=true, bCleanupResources=true
[2020.01.25-21.48.21:500][  0]MapCheck: New page: Map Check
[2020.01.25-21.48.21:500][  0]LightingResults: New page: Lighting Build
[2020.01.25-21.48.21:545][  0]LogUObjectHash: Compacting FUObjectHashTables data took   2.01ms
[2020.01.25-21.48.22:160][  0]LogAIModule: Creating AISystem for world Time_Jail
[2020.01.25-21.48.22:169][  0]LogEditorServer: Finished looking for orphan Actors (0.000 secs)
[2020.01.25-21.48.22:218][  0]LogUObjectHash: Compacting FUObjectHashTables data took   2.92ms
[2020.01.25-21.48.22:218][  0]Cmd: MAP CHECKDEP NOCLEARLOG
[2020.01.25-21.48.22:218][  0]MapCheck: Map check complete: 0 Error(s), 0 Warning(s), took 0.141ms to complete.
[2020.01.25-21.48.22:218][  0]LogFileHelpers: Loading map 'Time_Jail' took 0.724
[2020.01.25-21.48.22:337][  0]LogSlate: Updating window title bar state: overlay mode, drag disabled, window buttons hidden, title bar hidden
[2020.01.25-21.48.22:345][  0]LogSlate: Updating window title bar state: overlay mode, drag disabled, window buttons hidden, title bar hidden
[2020.01.25-21.48.22:354][  0]LogSlate: Updating window title bar state: overlay mode, drag disabled, window buttons hidden, title bar hidden
[2020.01.25-21.48.22:362][  0]LogSlate: Updating window title bar state: overlay mode, drag disabled, window buttons hidden, title bar hidden
[2020.01.25-21.48.22:371][  0]LogCollectionManager: Loaded 0 collections in 0.003331 seconds
[2020.01.25-21.48.22:381][  0]LogFileCache: Scanning file cache for directory 'D:/Unreal projects/Portfolio Pieces/Project Clockwork Backup Desktop/Project_Clockwork/Book_Project/Saved/Collections/' took 0.00s
[2020.01.25-21.48.22:381][  0]LogFileCache: Scanning file cache for directory 'D:/Unreal projects/Portfolio Pieces/Project Clockwork Backup Desktop/Project_Clockwork/Book_Project/Content/Developers/Safari/Collections/' took 0.00s
[2020.01.25-21.48.22:381][  0]LogFileCache: Scanning file cache for directory 'D:/Unreal projects/Portfolio Pieces/Project Clockwork Backup Desktop/Project_Clockwork/Book_Project/Content/Collections/' took 0.00s
[2020.01.25-21.48.22:381][  0]LogCollectionManager: Rebuilt the GUID cache for 0 collections in 0.000002 seconds
[2020.01.25-21.48.22:394][  0]LogContentBrowser: Native class hierarchy populated in 0.0128 seconds. Added 2888 classes and 682 folders.
[2020.01.25-21.48.22:404][  0]LogContentBrowser: Native class hierarchy updated for 'WidgetCarousel' in 0.0005 seconds. Added 0 classes and 0 folders.
[2020.01.25-21.48.22:467][  0]LogContentBrowser: Native class hierarchy updated for 'AddContentDialog' in 0.0005 seconds. Added 0 classes and 0 folders.
[2020.01.25-21.48.22:560][  0]LogContentBrowser: Native class hierarchy updated for 'SceneOutliner' in 0.0006 seconds. Added 1 classes and 2 folders.
[2020.01.25-21.48.23:731][  0]LogSlate: Only BGRA pngs, bmps or icos are supported in by External Image Picker
[2020.01.25-21.48.23:751][  0]LogSlate: Took 0.000292 seconds to synchronously load lazily loaded font '../../../Engine/Content/Slate/Fonts/Roboto-Regular.ttf' (155K)
[2020.01.25-21.48.23:754][  0]LogSlate: Took 0.000291 seconds to synchronously load lazily loaded font '../../../Engine/Content/Slate/Fonts/Roboto-Bold.ttf' (160K)
[2020.01.25-21.48.23:831][  0]LogRenderer: Reallocating scene render targets to support 1152x576 Format 10 NumSamples 1 (Frame:1).
[2020.01.25-21.48.23:912][  0]LogContentBrowser: Native class hierarchy updated for 'HierarchicalLODOutliner' in 0.0006 seconds. Added 0 classes and 0 folders.
[2020.01.25-21.48.23:913][  0]LogLoad: (Engine Initialization) Total time: 10.83 seconds
[2020.01.25-21.48.23:913][  0]LogLoad: (Engine Initialization) Total Blueprint compile time: 0.00 seconds
[2020.01.25-21.48.24:008][  0]LogContentStreaming: Texture pool size now 800 MB
[2020.01.25-21.48.24:039][  1]LogAssetRegistry: Asset discovery search completed in 7.0601 seconds
[2020.01.25-21.48.24:042][  1]LogCollectionManager: Rebuilt the object cache for 0 collections in 0.000005 seconds (found 0 objects)
[2020.01.25-21.48.24:042][  1]LogCollectionManager: Fixed up redirectors for 0 collections in 0.000083 seconds (updated 0 objects)
[2020.01.25-21.48.43:158][438]LogSlate: FSceneViewport::OnFocusLost() reason 0
[2020.01.25-21.48.43:247][447]Candidate modules for hot reload:
[2020.01.25-21.48.43:247][447]  Book_Project
[2020.01.25-21.48.43:247][447]Launching UnrealBuildTool... [C:/UE_4_23/UE_4.23/Engine/Binaries/DotNET/UnrealBuildTool.exe  -ModuleWithSuffix=Book_Project,8721 Win64 Development -TargetType=Editor -Project="D:/Unreal projects/Portfolio Pieces/Project Clockwork Backup Desktop/Project_Clockwork/Book_Project/Book_Project.uproject" "D:/Unreal projects/Portfolio Pieces/Project Clockwork Backup Desktop/Project_Clockwork/Book_Project/Book_Project.uproject"  -IgnoreJunk]
[2020.01.25-21.48.43:249][447]Warning: Starting HotReload took  0.0s.
[2020.01.25-21.48.53:857][709]CompilerResultsLog: New page: Compilation - Jan 25, 2020, 9:48:53 AM
[2020.01.25-21.48.53:857][709]CompilerResultsLog: Using 'git status' to determine working set for adaptive non-unity build (D:\Unreal projects\Portfolio Pieces\Project Clockwork Backup Desktop\Project_Clockwork).
[2020.01.25-21.48.53:857][709]CompilerResultsLog: Parsing headers for Book_ProjectEditor
[2020.01.25-21.48.53:857][709]CompilerResultsLog:   Running UnrealHeaderTool "D:\Unreal projects\Portfolio Pieces\Project Clockwork Backup Desktop\Project_Clockwork\Book_Project\Book_Project.uproject" "D:\Unreal projects\Portfolio Pieces\Project Clockwork Backup Desktop\Project_Clockwork\Book_Project\Intermediate\Build\Win64\Book_ProjectEditor\Development\Book_ProjectEditor.uhtmanifest" -LogCmds="loginit warning, logexit warning, logdatabase error" -Unattended -WarningsAsErrors -installed
[2020.01.25-21.48.53:857][709]CompilerResultsLog: Reflection code generated for Book_ProjectEditor in 7.6074766 seconds
[2020.01.25-21.48.53:857][709]CompilerResultsLog: Using Visual Studio 2017 14.16.27023 toolchain (D:\Program Files (x86)\Microsoft Visual Studio\2017\Community\VC\Tools\MSVC\14.16.27023) and Windows 10.0.17763.0 SDK (C:\Program Files (x86)\Windows Kits\10).
[2020.01.25-21.48.53:857][709]CompilerResultsLog: Building 3 actions with 16 processes...
[2020.01.25-21.48.53:857][709]CompilerResultsLog:   [1/3] UE4Editor-Book_Project-8721.lib
[2020.01.25-21.48.53:857][709]CompilerResultsLog:      Creating library D:\Unreal projects\Portfolio Pieces\Project Clockwork Backup Desktop\Project_Clockwork\Book_Project\Intermediate\Build\Win64\UE4Editor\Development\Book_Project\UE4Editor-Book_Project-8721.lib and object D:\Unreal projects\Portfolio Pieces\Project Clockwork Backup Desktop\Project_Clockwork\Book_Project\Intermediate\Build\Win64\UE4Editor\Development\Book_Project\UE4Editor-Book_Project-8721.exp
[2020.01.25-21.48.53:857][709]CompilerResultsLog:   [2/3] UE4Editor-Book_Project-8721.dll
[2020.01.25-21.48.53:857][709]CompilerResultsLog:      Creating library D:\Unreal projects\Portfolio Pieces\Project Clockwork Backup Desktop\Project_Clockwork\Book_Project\Intermediate\Build\Win64\UE4Editor\Development\Book_Project\UE4Editor-Book_Project-8721.suppressed.lib and object D:\Unreal projects\Portfolio Pieces\Project Clockwork Backup Desktop\Project_Clockwork\Book_Project\Intermediate\Build\Win64\UE4Editor\Development\Book_Project\UE4Editor-Book_Project-8721.suppressed.exp
[2020.01.25-21.48.53:857][709]CompilerResultsLog:   [3/3] Book_ProjectEditor.target
[2020.01.25-21.48.53:857][709]CompilerResultsLog: Total time in Parallel executor: 1.61 seconds
[2020.01.25-21.48.53:857][709]CompilerResultsLog: Total execution time: 10.51 seconds
[2020.01.25-21.48.53:857][709]LogMainFrame: MainFrame: Module compiling took 10.613 seconds
[2020.01.25-21.48.53:901][709]LogUObjectHash: Compacting FUObjectHashTables data took   0.88ms
[2020.01.25-21.48.53:963][709]LogClass: ECharacterState HotReload.
[2020.01.25-21.48.53:963][709]LogClass: ETextType HotReload.
[2020.01.25-21.48.53:963][709]LogClass: EPickupType HotReload.
[2020.01.25-21.48.53:964][709]LogClass: EInteractionType HotReload.
[2020.01.25-21.48.53:964][709]LogClass: EProjectileType HotReload.
[2020.01.25-21.48.53:964][709]LogClass: EDIRECTIONOFMOVEMENT HotReload.
[2020.01.25-21.48.53:964][709]LogClass: ETurretType HotReload.
[2020.01.25-21.48.53:981][709]LogOutputDevice: Warning: 

Script Stack (0 frames):

[2020.01.25-21.48.54:156][709]LogStats: FPlatformStackWalk::StackWalkAndDump -  0.174 s
[2020.01.25-21.48.54:156][709]LogOutputDevice: Error: === Handled ensure: ===
[2020.01.25-21.48.54:156][709]LogOutputDevice: Error: 
[2020.01.25-21.48.54:156][709]LogOutputDevice: Error: Ensure condition failed: this->IsBound() [File:C:\UE_4_23\UE_4.23\Engine\Source\Runtime\Core\Public\Delegates/DelegateSignatureImpl.inl] [Line: 1136]
[2020.01.25-21.48.54:156][709]LogOutputDevice: Error: Unable to bind delegate to 'Teleport' (function might not be marked as a UFUNCTION or object may be pending kill)
[2020.01.25-21.48.54:156][709]LogOutputDevice: Error: Stack: 
[2020.01.25-21.48.54:156][709]LogOutputDevice: Error: [Callstack] 0x00007ffef6e57311 UE4Editor-Book_Project-8721.dll!DispatchCheckVerify<bool,<lambda_2498fc5d6a3a630d3a964272300a8d53> >() [c:\ue_4_23\ue_4.23\engine\source\runtime\core\public\misc\assertionmacros.h:164]
[2020.01.25-21.48.54:156][709]LogOutputDevice: Error: [Callstack] 0x00007ffef6e4796e UE4Editor-Book_Project-8721.dll!ATeleporter::ATeleporter() [d:\unreal projects\portfolio pieces\project clockwork backup desktop\project_clockwork\book_project\source\book_project\teleporter.cpp:20]
[2020.01.25-21.48.54:156][709]LogOutputDevice: Error: [Callstack] 0x00007ffec1304061 UE4Editor-HotReload.dll!UnknownFunction []
[2020.01.25-21.48.54:156][709]LogOutputDevice: Error: [Callstack] 0x00007ffec12f541a UE4Editor-HotReload.dll!UnknownFunction []
[2020.01.25-21.48.54:156][709]LogOutputDevice: Error: [Callstack] 0x00007ffec12fc48d UE4Editor-HotReload.dll!UnknownFunction []
[2020.01.25-21.48.54:156][709]LogOutputDevice: Error: [Callstack] 0x00007ffec13067d9 UE4Editor-HotReload.dll!UnknownFunction []
[2020.01.25-21.48.54:156][709]LogOutputDevice: Error: [Callstack] 0x00007ffec1306b64 UE4Editor-HotReload.dll!UnknownFunction []
[2020.01.25-21.48.54:156][709]LogOutputDevice: Error: [Callstack] 0x00007ffec12ff3d6 UE4Editor-HotReload.dll!UnknownFunction []
[2020.01.25-21.48.54:156][709]LogOutputDevice: Error: [Callstack] 0x00007ffeddaeac0b UE4Editor-CoreUObject.dll!UnknownFunction []
[2020.01.25-21.48.54:156][709]LogOutputDevice: Error: [Callstack] 0x00007ffedddf1be7 UE4Editor-CoreUObject.dll!UnknownFunction []
[2020.01.25-21.48.54:156][709]LogOutputDevice: Error: [Callstack] 0x00007ffedddd2361 UE4Editor-CoreUObject.dll!UnknownFunction []
[2020.01.25-21.48.54:156][709]LogOutputDevice: Error: [Callstack] 0x00007ffeddd04fd5 UE4Editor-CoreUObject.dll!UnknownFunction []
[2020.01.25-21.48.54:156][709]LogOutputDevice: Error: [Callstack] 0x00007ffede5c83d7 UE4Editor-Core.dll!UnknownFunction []
[2020.01.25-21.48.54:156][709]LogOutputDevice: Error: [Callstack] 0x00007ffede5e0ccb UE4Editor-Core.dll!UnknownFunction []
[2020.01.25-21.48.54:156][709]LogOutputDevice: Error: [Callstack] 0x00007ffede5dfe63 UE4Editor-Core.dll!UnknownFunction []
[2020.01.25-21.48.54:156][709]LogOutputDevice: Error: [Callstack] 0x00007ffec12fd5c3 UE4Editor-HotReload.dll!UnknownFunction []
[2020.01.25-21.48.54:156][709]LogOutputDevice: Error: [Callstack] 0x00007ffec12fb267 UE4Editor-HotReload.dll!UnknownFunction []
[2020.01.25-21.48.54:156][709]LogOutputDevice: Error: [Callstack] 0x00007ffec12fbc86 UE4Editor-HotReload.dll!UnknownFunction []
[2020.01.25-21.48.54:156][709]LogOutputDevice: Error: [Callstack] 0x00007ffec130c48f UE4Editor-HotReload.dll!UnknownFunction []
[2020.01.25-21.48.54:157][709]LogOutputDevice: Error: [Callstack] 0x00007ffede37382d UE4Editor-Core.dll!UnknownFunction []
[2020.01.25-21.48.54:157][709]LogOutputDevice: Error: [Callstack] 0x00007ff6015aa93e UE4Editor.exe!UnknownFunction []
[2020.01.25-21.48.54:157][709]LogOutputDevice: Error: [Callstack] 0x00007ff6015ba91c UE4Editor.exe!UnknownFunction []
[2020.01.25-21.48.54:157][709]LogOutputDevice: Error: [Callstack] 0x00007ff6015ba9fa UE4Editor.exe!UnknownFunction []
[2020.01.25-21.48.54:157][709]LogOutputDevice: Error: [Callstack] 0x00007ff6015cb92c UE4Editor.exe!UnknownFunction []
[2020.01.25-21.48.54:157][709]LogOutputDevice: Error: [Callstack] 0x00007ff6015ce60e UE4Editor.exe!UnknownFunction []
[2020.01.25-21.48.54:157][709]LogOutputDevice: Error: [Callstack] 0x00007fff264d7bd4 KERNEL32.DLL!UnknownFunction []
[2020.01.25-21.48.54:157][709]LogOutputDevice: Error: [Callstack] 0x00007fff2730ced1 ntdll.dll!UnknownFunction []
[2020.01.25-21.48.54:157][709]LogOutputDevice: Error: 
[2020.01.25-21.48.54:195][709]LogStats:                SubmitErrorReport -  0.000 s
[2020.01.25-21.48.54:740][709]LogStats:                    SendNewReport -  0.546 s
[2020.01.25-21.48.54:741][709]LogStats:             FDebug::EnsureFailed -  0.759 s
[2020.01.25-21.48.54:743][709]LogHotReload: Re-instancing Working_Bouncepad after hot-reload.
[2020.01.25-21.48.54:747][709]LogActor: Warning: BP_New_Working_Bouncepad_C /Game/StarterContent/Maps/Time_Jail.Time_Jail:PersistentLevel.BP_New_Working_Bouncepad_2 has natively added scene component(s), but none of them were set as the actor's RootComponent - picking one arbitrarily
[2020.01.25-21.48.54:871][709]LogActor: Warning: Working_Bouncepad /Game/StarterContent/Maps/Time_Jail.Time_Jail:PersistentLevel.Working_Bouncepad_1 has natively added scene component(s), but none of them were set as the actor's RootComponent - picking one arbitrarily
[2020.01.25-21.48.55:015][709]LogContentBrowser: Native class hierarchy updated for 'Book_Project' in 0.0006 seconds. Added 25 classes and 2 folders.
[2020.01.25-21.48.55:019][709]Display: HotReload successful (22 functions remapped  0 scriptstructs remapped)
[2020.01.25-21.48.55:108][709]LogUObjectHash: Compacting FUObjectHashTables data took   2.56ms
[2020.01.25-21.48.55:125][709]LogContentBrowser: Native class hierarchy populated in 0.0111 seconds. Added 2889 classes and 684 folders.
[2020.01.25-21.48.55:125][709]Display: HotReload took 11.9s.
[2020.01.25-21.48.56:592][876]LogTemp: Repeating last play command: Selected Viewport
[2020.01.25-21.48.56:615][876]LogBlueprintUserMessages: Early PlayInEditor Detection: Level '/Game/StarterContent/Maps/Time_Jail.Time_Jail:PersistentLevel' has LevelScriptBlueprint '/Game/StarterContent/Maps/Time_Jail.Time_Jail:PersistentLevel.Time_Jail' with GeneratedClass '/Game/StarterContent/Maps/Time_Jail.Time_Jail_C' with ClassGeneratedBy '/Game/StarterContent/Maps/Time_Jail.Time_Jail:PersistentLevel.Time_Jail'
[2020.01.25-21.48.56:616][876]LogPlayLevel: PlayLevel: No blueprints needed recompiling
[2020.01.25-21.48.56:616][876]PIE: New page: PIE session: Time_Jail (Jan 25, 2020, 9:48:56 AM)
[2020.01.25-21.48.56:617][876]LogOnline: OSS: Creating online subsystem instance for: NULL
[2020.01.25-21.48.56:620][876]LogPlayLevel: Creating play world package: /Game/StarterContent/Maps/UEDPIE_0_Time_Jail
[2020.01.25-21.48.56:627][876]LogPlayLevel: PIE: StaticDuplicateObject took: (0.007314s)
[2020.01.25-21.48.56:628][876]LogAIModule: Creating AISystem for world Time_Jail
[2020.01.25-21.48.56:628][876]LogPlayLevel: PIE: World Init took: (0.001216s)
[2020.01.25-21.48.56:628][876]LogPlayLevel: PIE: Created PIE world by copying editor world from /Game/StarterContent/Maps/Time_Jail.Time_Jail to /Game/StarterContent/Maps/UEDPIE_0_Time_Jail.Time_Jail (0.008833s)
[2020.01.25-21.48.56:675][876]LogUObjectHash: Compacting FUObjectHashTables data took   1.78ms
[2020.01.25-21.48.56:689][876]LogInit: XAudio2 using 'Headphones (2- Razer Kraken USB)' : 2 channels at 48 kHz using 16 bits per sample (channel mask 0x3)
[2020.01.25-21.48.56:702][876]LogInit: FAudioDevice initialized.
[2020.01.25-21.48.56:711][876]LogLoad: Game class is 'BP_GameModeBook_C'
[2020.01.25-21.48.56:714][876]LogWorld: Bringing World /Game/StarterContent/Maps/UEDPIE_0_Time_Jail.Time_Jail up for play (max tick rate 0) at 2020.01.25-15.48.56
[2020.01.25-21.48.56:715][876]LogWorld: Bringing up level for play took: 0.002922
[2020.01.25-21.48.56:715][876]LogOnline: OSS: Creating online subsystem instance for: :Context_2
[2020.01.25-21.48.56:755][876]LogContentBrowser: Native class hierarchy updated for 'MovieSceneCapture' in 0.0007 seconds. Added 20 classes and 0 folders.
[2020.01.25-21.48.57:644][876]LogWindows: Error: === Critical error: ===
[2020.01.25-21.48.57:644][876]LogWindows: Error: 
[2020.01.25-21.48.57:644][876]LogWindows: Error: Unhandled Exception: EXCEPTION_ACCESS_VIOLATION writing address 0x00000318
[2020.01.25-21.48.57:644][876]LogWindows: Error: 
[2020.01.25-21.48.57:644][876]LogWindows: Error: [Callstack] 0x00007ffef6e3c370 UE4Editor-Book_Project-8721.dll!ABlock_Switch_Controller_01::BeginPlay() [d:\unreal projects\portfolio pieces\project clockwork backup desktop\project_clockwork\book_project\source\book_project\block_switch_controller_01.cpp:32]
[2020.01.25-21.48.57:644][876]LogWindows: Error: [Callstack] 0x00007ffedae906b6 UE4Editor-Engine.dll!UnknownFunction []
[2020.01.25-21.48.57:644][876]LogWindows: Error: [Callstack] 0x00007ffedc0f4710 UE4Editor-Engine.dll!UnknownFunction []
[2020.01.25-21.48.57:644][876]LogWindows: Error: [Callstack] 0x00007ffedb588d81 UE4Editor-Engine.dll!UnknownFunction []
[2020.01.25-21.48.57:644][876]LogWindows: Error: [Callstack] 0x00007ffedc0a244e UE4Editor-Engine.dll!UnknownFunction []
[2020.01.25-21.48.57:644][876]LogWindows: Error: [Callstack] 0x00007ffedb54ad29 UE4Editor-Engine.dll!UnknownFunction []
[2020.01.25-21.48.57:644][876]LogWindows: Error: [Callstack] 0x00007ffed99450b3 UE4Editor-UnrealEd.dll!UnknownFunction []
[2020.01.25-21.48.57:645][876]LogWindows: Error: [Callstack] 0x00007ffed9964361 UE4Editor-UnrealEd.dll!UnknownFunction []
[2020.01.25-21.48.57:645][876]LogWindows: Error: [Callstack] 0x00007ffed997e265 UE4Editor-UnrealEd.dll!UnknownFunction []
[2020.01.25-21.48.57:645][876]LogWindows: Error: [Callstack] 0x00007ffed943d9b4 UE4Editor-UnrealEd.dll!UnknownFunction []
[2020.01.25-21.48.57:645][876]LogWindows: Error: [Callstack] 0x00007ffed9c95296 UE4Editor-UnrealEd.dll!UnknownFunction []
[2020.01.25-21.48.57:645][876]LogWindows: Error: [Callstack] 0x00007ff6015a7b0a UE4Editor.exe!UnknownFunction []
[2020.01.25-21.48.57:645][876]LogWindows: Error: [Callstack] 0x00007ff6015ba91c UE4Editor.exe!UnknownFunction []
[2020.01.25-21.48.57:645][876]LogWindows: Error: [Callstack] 0x00007ff6015ba9fa UE4Editor.exe!UnknownFunction []
[2020.01.25-21.48.57:645][876]LogWindows: Error: [Callstack] 0x00007ff6015cb92c UE4Editor.exe!UnknownFunction []
[2020.01.25-21.48.57:645][876]LogWindows: Error: [Callstack] 0x00007ff6015ce60e UE4Editor.exe!UnknownFunction []
[2020.01.25-21.48.57:645][876]LogWindows: Error: [Callstack] 0x00007fff264d7bd4 KERNEL32.DLL!UnknownFunction []
[2020.01.25-21.48.57:645][876]LogWindows: Error: [Callstack] 0x00007fff2730ced1 ntdll.dll!UnknownFunction []
[2020.01.25-21.48.57:645][876]LogWindows: Error: 
[2020.01.25-21.48.57:663][876]LogExit: Executing StaticShutdownAfterError
[2020.01.25-21.48.57:666][876]LogWindows: FPlatformMisc::RequestExit(1)
[2020.01.25-21.48.57:678][876]Log file closed, 01/25/20 15:48:57
