Log file open, 03/06/20 18:58:27
LogWindows: Failed to load 'aqProf.dll' (GetLastError=126)
LogWindows: File 'aqProf.dll' does not exist
LogWindows: Failed to load 'VtuneApi.dll' (GetLastError=126)
LogWindows: File 'VtuneApi.dll' does not exist
LogWindows: Failed to load 'VtuneApi32e.dll' (GetLastError=126)
LogWindows: File 'VtuneApi32e.dll' does not exist
LogConsoleResponse: Display: Failed to find resolution value strings in scalability ini. Falling back to default.
LogInit: Display: Running engine for game: Book_Project
LogPlatformFile: Not using cached read wrapper
LogTaskGraph: Started task graph with 5 named threads and 47 total threads with 3 sets of task threads.
LogStats: Stats thread started at 0.092319
LogD3D11RHI: Loaded GFSDK_Aftermath_Lib.x64.dll
LogICUInternationalization: ICU TimeZone Detection - Raw Offset: -6:00, Platform Override: ''
LogPluginManager: Mounting plugin Paper2D
LogPluginManager: Mounting plugin AISupport
LogPluginManager: Mounting plugin LightPropagationVolume
LogPluginManager: Mounting plugin ActorLayerUtilities
LogPluginManager: Mounting plugin AnimationSharing
LogPluginManager: Mounting plugin CLionSourceCodeAccess
LogPluginManager: Mounting plugin CodeLiteSourceCodeAccess
LogPluginManager: Mounting plugin GitSourceControl
LogPluginManager: Mounting plugin KDevelopSourceCodeAccess
LogPluginManager: Mounting plugin NullSourceCodeAccess
LogPluginManager: Mounting plugin PerforceSourceControl
LogPluginManager: Mounting plugin SubversionSourceControl
LogPluginManager: Mounting plugin UObjectPlugin
LogPluginManager: Mounting plugin VisualStudioCodeSourceCodeAccess
LogPluginManager: Mounting plugin VisualStudioSourceCodeAccess
LogPluginManager: Mounting plugin XCodeSourceCodeAccess
LogPluginManager: Mounting plugin AssetManagerEditor
LogPluginManager: Mounting plugin CryptoKeys
LogPluginManager: Mounting plugin CurveEditorTools
LogPluginManager: Mounting plugin DataValidation
LogPluginManager: Mounting plugin FacialAnimation
LogPluginManager: Mounting plugin GameplayTagsEditor
LogPluginManager: Mounting plugin MacGraphicsSwitching
LogPluginManager: Mounting plugin MaterialAnalyzer
LogPluginManager: Mounting plugin MobileLauncherProfileWizard
LogPluginManager: Mounting plugin PluginBrowser
LogPluginManager: Mounting plugin SpeedTreeImporter
LogPluginManager: Mounting plugin DatasmithContent
LogPluginManager: Mounting plugin VariantManagerContent
LogPluginManager: Mounting plugin AlembicImporter
LogPluginManager: Mounting plugin AutomationUtils
LogPluginManager: Mounting plugin BackChannel
LogPluginManager: Mounting plugin CharacterAI
LogPluginManager: Mounting plugin GeometryCache
LogPluginManager: Mounting plugin HTML5Networking
LogPluginManager: Mounting plugin PlatformCrypto
LogPluginManager: Mounting plugin ProxyLODPlugin
LogPluginManager: Mounting plugin SkeletalReduction
LogPluginManager: Mounting plugin MagicLeap
LogPluginManager: Mounting plugin MagicLeapMedia
LogPluginManager: Mounting plugin AndroidMedia
LogPluginManager: Mounting plugin AvfMedia
LogPluginManager: Mounting plugin ImgMedia
LogPluginManager: Mounting plugin MediaCompositing
LogPluginManager: Mounting plugin MediaPlayerEditor
LogPluginManager: Mounting plugin WebMMedia
LogPluginManager: Mounting plugin WmfMedia
LogPluginManager: Mounting plugin TcpMessaging
LogPluginManager: Mounting plugin UdpMessaging
LogPluginManager: Mounting plugin ActorSequence
LogPluginManager: Mounting plugin LevelSequenceEditor
LogPluginManager: Mounting plugin MatineeToLevelSequence
LogPluginManager: Mounting plugin NetcodeUnitTest
LogPluginManager: Mounting plugin NUTUnrealEngine4
LogPluginManager: Mounting plugin OnlineSubsystemGooglePlay
LogPluginManager: Mounting plugin OnlineSubsystemIOS
LogPluginManager: Mounting plugin OnlineSubsystem
LogPluginManager: Mounting plugin OnlineSubsystemNull
LogPluginManager: Mounting plugin OnlineSubsystemUtils
LogPluginManager: Mounting plugin LauncherChunkInstaller
LogPluginManager: Mounting plugin AndroidDeviceProfileSelector
LogPluginManager: Mounting plugin AndroidMoviePlayer
LogPluginManager: Mounting plugin AndroidPermission
LogPluginManager: Mounting plugin AppleImageUtils
LogPluginManager: Mounting plugin AppleMoviePlayer
LogPluginManager: Mounting plugin ArchVisCharacter
LogPluginManager: Mounting plugin AudioCapture
LogPluginManager: Mounting plugin CableComponent
LogPluginManager: Mounting plugin CustomMeshComponent
LogPluginManager: Mounting plugin EditableMesh
LogPluginManager: Mounting plugin ExampleDeviceProfileSelector
LogPluginManager: Mounting plugin GoogleCloudMessaging
LogPluginManager: Mounting plugin IOSDeviceProfileSelector
LogPluginManager: Mounting plugin LinuxDeviceProfileSelector
LogPluginManager: Mounting plugin LocationServicesBPLibrary
LogPluginManager: Mounting plugin MobilePatchingUtils
LogPluginManager: Mounting plugin OculusVR
LogPluginManager: Mounting plugin PhysXVehicles
LogPluginManager: Mounting plugin ProceduralMeshComponent
LogPluginManager: Mounting plugin RuntimePhysXCooking
LogPluginManager: Mounting plugin SignificanceManager
LogPluginManager: Mounting plugin SteamVR
LogPluginManager: Mounting plugin WebMMoviePlayer
LogPluginManager: Mounting plugin WindowsMoviePlayer
LogPluginManager: Mounting plugin ScreenshotTools
LogInit: Using libcurl 7.55.1-DEV
LogInit:  - built for x86_64-pc-win32
LogInit:  - supports SSL with OpenSSL/1.1.1
LogInit:  - supports HTTP deflate (compression) using libz 1.2.8
LogInit:  - other features:
LogInit:      CURL_VERSION_SSL
LogInit:      CURL_VERSION_LIBZ
LogInit:      CURL_VERSION_IPV6
LogInit:      CURL_VERSION_ASYNCHDNS
LogInit:      CURL_VERSION_LARGEFILE
LogInit:      CURL_VERSION_IDN
LogInit:  CurlRequestOptions (configurable via config and command line):
LogInit:  - bVerifyPeer = true  - Libcurl will verify peer certificate
LogInit:  - bUseHttpProxy = false  - Libcurl will NOT use HTTP proxy
LogInit:  - bDontReuseConnections = false  - Libcurl will reuse connections
LogInit:  - MaxHostConnections = 16  - Libcurl will limit the number of connections to a host
LogInit:  - LocalHostAddr = Default
LogInit:  - BufferSize = 65536
LogOnline: OSS: Creating online subsystem instance for: NULL
LogInit: WinSock: version 1.1 (2.2), MaxSocks=32767, MaxUdp=65467
LogInit: Build: ++UE4+Release-4.23-CL-9631420
LogInit: Engine Version: 4.23.1-9631420+++UE4+Release-4.23
LogInit: Compatible Engine Version: 4.23.0-8386587+++UE4+Release-4.23
LogInit: Net CL: 8386587
LogInit: OS: Windows 10 (Release 1903) (), CPU: AMD Ryzen 7 1700 Eight-Core Processor          , GPU: NVIDIA GeForce GTX 1050 Ti
LogInit: Compiled (64-bit): Oct 18 2019 02:07:44
LogInit: Compiled with Visual C++: 19.16.27030.01
LogInit: Build Configuration: Development
LogInit: Branch Name: ++UE4+Release-4.23
LogInit: Command Line: 
LogInit: Base Directory: C:/UE_4_23/UE_4.23/Engine/Binaries/Win64/
LogInit: Installed Engine Build: 1
LogDevObjectVersion: Number of dev versions registered: 23
LogDevObjectVersion:   Dev-Blueprints (B0D832E4-1F89-4F0D-ACCF-7EB736FD4AA2): 10
LogDevObjectVersion:   Dev-Build (E1C64328-A22C-4D53-A36C-8E866417BD8C): 0
LogDevObjectVersion:   Dev-Core (375EC13C-06E4-48FB-B500-84F0262A717E): 3
LogDevObjectVersion:   Dev-Editor (E4B068ED-F494-42E9-A231-DA0B2E46BB41): 34
LogDevObjectVersion:   Dev-Framework (CFFC743F-43B0-4480-9391-14DF171D2073): 35
LogDevObjectVersion:   Dev-Mobile (B02B49B5-BB20-44E9-A304-32B752E40360): 2
LogDevObjectVersion:   Dev-Networking (A4E4105C-59A1-49B5-A7C5-40C4547EDFEE): 0
LogDevObjectVersion:   Dev-Online (39C831C9-5AE6-47DC-9A44-9C173E1C8E7C): 0
LogDevObjectVersion:   Dev-Physics (78F01B33-EBEA-4F98-B9B4-84EACCB95AA2): 0
LogDevObjectVersion:   Dev-Platform (6631380F-2D4D-43E0-8009-CF276956A95A): 0
LogDevObjectVersion:   Dev-Rendering (12F88B9F-8875-4AFC-A67C-D90C383ABD29): 31
LogDevObjectVersion:   Dev-Sequencer (7B5AE74C-D270-4C10-A958-57980B212A5A): 11
LogDevObjectVersion:   Dev-VR (D7296918-1DD6-4BDD-9DE2-64A83CC13884): 2
LogDevObjectVersion:   Dev-LoadTimes (C2A15278-BFE7-4AFE-6C17-90FF531DF755): 1
LogDevObjectVersion:   Private-Geometry (6EACA3D4-40EC-4CC1-B786-8BED09428FC5): 3
LogDevObjectVersion:   Dev-AnimPhys (29E575DD-E0A3-4627-9D10-D276232CDCEA): 17
LogDevObjectVersion:   Dev-Anim (AF43A65D-7FD3-4947-9873-3E8ED9C1BB05): 2
LogDevObjectVersion:   Dev-ReflectionCapture (6B266CEC-1EC7-4B8F-A30B-E4D90942FC07): 1
LogDevObjectVersion:   Dev-Automation (0DF73D61-A23F-47EA-B727-89E90C41499A): 1
LogDevObjectVersion:   FortniteMain (601D1886-AC64-4F84-AA16-D3DE0DEAC7D6): 27
LogDevObjectVersion:   Dev-Enterprise (9DFFBCD6-494F-0158-E221-12823C92A888): 6
LogDevObjectVersion:   Dev-Niagara (F2AED0AC-9AFE-416F-8664-AA7FFA26D6FC): 1
LogDevObjectVersion:   Dev-Destruction (174F1F0B-B4C6-45A5-B13F-2EE8D0FB917D): 9
LogInit: Presizing for max 16777216 objects, including 0 objects not considered by GC, pre-allocating 0 bytes for permanent pool.
LogInit: Object subsystem initialized
LogConfig: Setting CVar [[con.DebugEarlyDefault:1]]
LogConfig: Setting CVar [[r.setres:1280x720]]
[2020.03.07-00.58.27:520][  0]LogConfig: Setting CVar [[r.VSync:0]]
[2020.03.07-00.58.27:520][  0]LogConfig: Setting CVar [[r.RHICmdBypass:0]]
[2020.03.07-00.58.27:520][  0]LogConfig: Applying CVar settings from Section [/Script/Engine.RendererSettings] File [D:/Unreal projects/Portfolio Pieces/Project Clockwork Backup Desktop/Project_Clockwork/Book_Project/Saved/Config/Windows/Engine.ini]
[2020.03.07-00.58.27:520][  0]LogConfig: Setting CVar [[r.GPUCrashDebugging:0]]
[2020.03.07-00.58.27:520][  0]LogConfig: Applying CVar settings from Section [/Script/Engine.RendererOverrideSettings] File [D:/Unreal projects/Portfolio Pieces/Project Clockwork Backup Desktop/Project_Clockwork/Book_Project/Saved/Config/Windows/Engine.ini]
[2020.03.07-00.58.27:520][  0]LogConfig: Applying CVar settings from Section [/Script/Engine.StreamingSettings] File [D:/Unreal projects/Portfolio Pieces/Project Clockwork Backup Desktop/Project_Clockwork/Book_Project/Saved/Config/Windows/Engine.ini]
[2020.03.07-00.58.27:520][  0]LogConfig: Setting CVar [[s.MinBulkDataSizeForAsyncLoading:131072]]
[2020.03.07-00.58.27:520][  0]LogConfig: Setting CVar [[s.AsyncLoadingThreadEnabled:0]]
[2020.03.07-00.58.27:520][  0]LogConfig: Setting CVar [[s.EventDrivenLoaderEnabled:1]]
[2020.03.07-00.58.27:520][  0]LogConfig: Setting CVar [[s.WarnIfTimeLimitExceeded:0]]
[2020.03.07-00.58.27:520][  0]LogConfig: Setting CVar [[s.TimeLimitExceededMultiplier:1.5]]
[2020.03.07-00.58.27:520][  0]LogConfig: Setting CVar [[s.TimeLimitExceededMinTime:0.005]]
[2020.03.07-00.58.27:520][  0]LogConfig: Setting CVar [[s.UseBackgroundLevelStreaming:1]]
[2020.03.07-00.58.27:520][  0]LogConfig: Setting CVar [[s.PriorityAsyncLoadingExtraTime:15.0]]
[2020.03.07-00.58.27:520][  0]LogConfig: Setting CVar [[s.LevelStreamingActorsUpdateTimeLimit:5.0]]
[2020.03.07-00.58.27:520][  0]LogConfig: Setting CVar [[s.PriorityLevelStreamingActorsUpdateExtraTime:5.0]]
[2020.03.07-00.58.27:520][  0]LogConfig: Setting CVar [[s.LevelStreamingComponentsRegistrationGranularity:10]]
[2020.03.07-00.58.27:520][  0]LogConfig: Setting CVar [[s.UnregisterComponentsTimeLimit:1.0]]
[2020.03.07-00.58.27:520][  0]LogConfig: Setting CVar [[s.LevelStreamingComponentsUnregistrationGranularity:5]]
[2020.03.07-00.58.27:520][  0]LogConfig: Applying CVar settings from Section [/Script/Engine.GarbageCollectionSettings] File [D:/Unreal projects/Portfolio Pieces/Project Clockwork Backup Desktop/Project_Clockwork/Book_Project/Saved/Config/Windows/Engine.ini]
[2020.03.07-00.58.27:520][  0]LogConfig: Setting CVar [[gc.MaxObjectsNotConsideredByGC:1]]
[2020.03.07-00.58.27:520][  0]LogConfig: Setting CVar [[gc.SizeOfPermanentObjectPool:0]]
[2020.03.07-00.58.27:520][  0]LogConfig: Setting CVar [[gc.FlushStreamingOnGC:0]]
[2020.03.07-00.58.27:520][  0]LogConfig: Setting CVar [[gc.NumRetriesBeforeForcingGC:10]]
[2020.03.07-00.58.27:520][  0]LogConfig: Setting CVar [[gc.AllowParallelGC:1]]
[2020.03.07-00.58.27:520][  0]LogConfig: Setting CVar [[gc.TimeBetweenPurgingPendingKillObjects:61.1]]
[2020.03.07-00.58.27:520][  0]LogConfig: Setting CVar [[gc.MaxObjectsInEditor:16777216]]
[2020.03.07-00.58.27:520][  0]LogConfig: Setting CVar [[gc.IncrementalBeginDestroyEnabled:1]]
[2020.03.07-00.58.27:520][  0]LogConfig: Setting CVar [[gc.CreateGCClusters:1]]
[2020.03.07-00.58.27:520][  0]LogConfig: Setting CVar [[gc.MinGCClusterSize:5]]
[2020.03.07-00.58.27:520][  0]LogConfig: Setting CVar [[gc.ActorClusteringEnabled:0]]
[2020.03.07-00.58.27:520][  0]LogConfig: Setting CVar [[gc.BlueprintClusteringEnabled:0]]
[2020.03.07-00.58.27:520][  0]LogConfig: Setting CVar [[gc.UseDisregardForGCOnDedicatedServers:0]]
[2020.03.07-00.58.27:520][  0]LogConfig: Applying CVar settings from Section [/Script/Engine.NetworkSettings] File [D:/Unreal projects/Portfolio Pieces/Project Clockwork Backup Desktop/Project_Clockwork/Book_Project/Saved/Config/Windows/Engine.ini]
[2020.03.07-00.58.27:520][  0]LogConfig: Applying CVar settings from Section [/Script/UnrealEd.CookerSettings] File [D:/Unreal projects/Portfolio Pieces/Project Clockwork Backup Desktop/Project_Clockwork/Book_Project/Saved/Config/Windows/Engine.ini]
[2020.03.07-00.58.27:523][  0]LogConfig: Applying CVar settings from Section [ViewDistanceQuality@3] File [D:/Unreal projects/Portfolio Pieces/Project Clockwork Backup Desktop/Project_Clockwork/Book_Project/Saved/Config/Windows/Scalability.ini]
[2020.03.07-00.58.27:523][  0]LogConfig: Setting CVar [[r.SkeletalMeshLODBias:0]]
[2020.03.07-00.58.27:523][  0]LogConfig: Setting CVar [[r.ViewDistanceScale:1.0]]
[2020.03.07-00.58.27:523][  0]LogConfig: Applying CVar settings from Section [AntiAliasingQuality@3] File [D:/Unreal projects/Portfolio Pieces/Project Clockwork Backup Desktop/Project_Clockwork/Book_Project/Saved/Config/Windows/Scalability.ini]
[2020.03.07-00.58.27:523][  0]LogConfig: Setting CVar [[r.PostProcessAAQuality:4]]
[2020.03.07-00.58.27:523][  0]LogConfig: Applying CVar settings from Section [ShadowQuality@3] File [D:/Unreal projects/Portfolio Pieces/Project Clockwork Backup Desktop/Project_Clockwork/Book_Project/Saved/Config/Windows/Scalability.ini]
[2020.03.07-00.58.27:523][  0]LogConfig: Setting CVar [[r.LightFunctionQuality:1]]
[2020.03.07-00.58.27:523][  0]LogConfig: Setting CVar [[r.ShadowQuality:5]]
[2020.03.07-00.58.27:523][  0]LogConfig: Setting CVar [[r.Shadow.CSM.MaxCascades:10]]
[2020.03.07-00.58.27:523][  0]LogConfig: Setting CVar [[r.Shadow.MaxResolution:2048]]
[2020.03.07-00.58.27:523][  0]LogConfig: Setting CVar [[r.Shadow.MaxCSMResolution:2048]]
[2020.03.07-00.58.27:523][  0]LogConfig: Setting CVar [[r.Shadow.RadiusThreshold:0.01]]
[2020.03.07-00.58.27:523][  0]LogConfig: Setting CVar [[r.Shadow.DistanceScale:1.0]]
[2020.03.07-00.58.27:523][  0]LogConfig: Setting CVar [[r.Shadow.CSM.TransitionScale:1.0]]
[2020.03.07-00.58.27:523][  0]LogConfig: Setting CVar [[r.Shadow.PreShadowResolutionFactor:1.0]]
[2020.03.07-00.58.27:523][  0]LogConfig: Setting CVar [[r.DistanceFieldShadowing:1]]
[2020.03.07-00.58.27:523][  0]LogConfig: Setting CVar [[r.DistanceFieldAO:1]]
[2020.03.07-00.58.27:523][  0]LogConfig: Setting CVar [[r.AOQuality:2]]
[2020.03.07-00.58.27:523][  0]LogConfig: Setting CVar [[r.VolumetricFog:1]]
[2020.03.07-00.58.27:523][  0]LogConfig: Setting CVar [[r.VolumetricFog.GridPixelSize:8]]
[2020.03.07-00.58.27:523][  0]LogConfig: Setting CVar [[r.VolumetricFog.GridSizeZ:128]]
[2020.03.07-00.58.27:523][  0]LogConfig: Setting CVar [[r.VolumetricFog.HistoryMissSupersampleCount:4]]
[2020.03.07-00.58.27:523][  0]LogConfig: Setting CVar [[r.LightMaxDrawDistanceScale:1]]
[2020.03.07-00.58.27:523][  0]LogConfig: Setting CVar [[r.CapsuleShadows:1]]
[2020.03.07-00.58.27:523][  0]LogConfig: Applying CVar settings from Section [PostProcessQuality@3] File [D:/Unreal projects/Portfolio Pieces/Project Clockwork Backup Desktop/Project_Clockwork/Book_Project/Saved/Config/Windows/Scalability.ini]
[2020.03.07-00.58.27:523][  0]LogConfig: Setting CVar [[r.MotionBlurQuality:4]]
[2020.03.07-00.58.27:523][  0]LogConfig: Setting CVar [[r.AmbientOcclusionMipLevelFactor:0.4]]
[2020.03.07-00.58.27:523][  0]LogConfig: Setting CVar [[r.AmbientOcclusionMaxQuality:100]]
[2020.03.07-00.58.27:523][  0]LogConfig: Setting CVar [[r.AmbientOcclusionLevels:-1]]
[2020.03.07-00.58.27:523][  0]LogConfig: Setting CVar [[r.AmbientOcclusionRadiusScale:1.0]]
[2020.03.07-00.58.27:523][  0]LogConfig: Setting CVar [[r.DepthOfFieldQuality:2]]
[2020.03.07-00.58.27:523][  0]LogConfig: Setting CVar [[r.RenderTargetPoolMin:400]]
[2020.03.07-00.58.27:523][  0]LogConfig: Setting CVar [[r.LensFlareQuality:2]]
[2020.03.07-00.58.27:523][  0]LogConfig: Setting CVar [[r.SceneColorFringeQuality:1]]
[2020.03.07-00.58.27:523][  0]LogConfig: Setting CVar [[r.EyeAdaptationQuality:2]]
[2020.03.07-00.58.27:523][  0]LogConfig: Setting CVar [[r.BloomQuality:5]]
[2020.03.07-00.58.27:523][  0]LogConfig: Setting CVar [[r.FastBlurThreshold:100]]
[2020.03.07-00.58.27:523][  0]LogConfig: Setting CVar [[r.Upscale.Quality:3]]
[2020.03.07-00.58.27:523][  0]LogConfig: Setting CVar [[r.Tonemapper.GrainQuantization:1]]
[2020.03.07-00.58.27:523][  0]LogConfig: Setting CVar [[r.LightShaftQuality:1]]
[2020.03.07-00.58.27:523][  0]LogConfig: Setting CVar [[r.Filter.SizeScale:1]]
[2020.03.07-00.58.27:523][  0]LogConfig: Setting CVar [[r.Tonemapper.Quality:5]]
[2020.03.07-00.58.27:523][  0]LogConfig: Setting CVar [[r.DOF.Gather.AccumulatorQuality:1        ; higher gathering accumulator quality]]
[2020.03.07-00.58.27:523][  0]LogConfig: Setting CVar [[r.DOF.Gather.PostfilterMethod:1          ; Median3x3 postfilering method]]
[2020.03.07-00.58.27:523][  0]LogConfig: Setting CVar [[r.DOF.Gather.EnableBokehSettings:0       ; no bokeh simulation when gathering]]
[2020.03.07-00.58.27:524][  0]LogConfig: Setting CVar [[r.DOF.Gather.RingCount:4                 ; medium number of samples when gathering]]
[2020.03.07-00.58.27:524][  0]LogConfig: Setting CVar [[r.DOF.Scatter.ForegroundCompositing:1    ; additive foreground scattering]]
[2020.03.07-00.58.27:524][  0]LogConfig: Setting CVar [[r.DOF.Scatter.BackgroundCompositing:2    ; additive background scattering]]
[2020.03.07-00.58.27:524][  0]LogConfig: Setting CVar [[r.DOF.Scatter.EnableBokehSettings:1      ; bokeh simulation when scattering]]
[2020.03.07-00.58.27:524][  0]LogConfig: Setting CVar [[r.DOF.Scatter.MaxSpriteRatio:0.1         ; only a maximum of 10% of scattered bokeh]]
[2020.03.07-00.58.27:524][  0]LogConfig: Setting CVar [[r.DOF.Recombine.Quality:1                ; cheap slight out of focus]]
[2020.03.07-00.58.27:524][  0]LogConfig: Setting CVar [[r.DOF.Recombine.EnableBokehSettings:0    ; no bokeh simulation on slight out of focus]]
[2020.03.07-00.58.27:524][  0]LogConfig: Setting CVar [[r.DOF.TemporalAAQuality:1                ; more stable temporal accumulation]]
[2020.03.07-00.58.27:524][  0]LogConfig: Setting CVar [[r.DOF.Kernel.MaxForegroundRadius:0.025]]
[2020.03.07-00.58.27:524][  0]LogConfig: Setting CVar [[r.DOF.Kernel.MaxBackgroundRadius:0.025]]
[2020.03.07-00.58.27:524][  0]LogConfig: Applying CVar settings from Section [TextureQuality@3] File [D:/Unreal projects/Portfolio Pieces/Project Clockwork Backup Desktop/Project_Clockwork/Book_Project/Saved/Config/Windows/Scalability.ini]
[2020.03.07-00.58.27:524][  0]LogConfig: Setting CVar [[r.Streaming.MipBias:0]]
[2020.03.07-00.58.27:524][  0]LogConfig: Setting CVar [[r.Streaming.AmortizeCPUToGPUCopy:0]]
[2020.03.07-00.58.27:524][  0]LogConfig: Setting CVar [[r.Streaming.MaxNumTexturesToStreamPerFrame:0]]
[2020.03.07-00.58.27:524][  0]LogConfig: Setting CVar [[r.Streaming.Boost:1]]
[2020.03.07-00.58.27:524][  0]LogConfig: Setting CVar [[r.MaxAnisotropy:8]]
[2020.03.07-00.58.27:524][  0]LogConfig: Setting CVar [[r.Streaming.LimitPoolSizeToVRAM:0]]
[2020.03.07-00.58.27:524][  0]LogConfig: Setting CVar [[r.Streaming.PoolSize:1000]]
[2020.03.07-00.58.27:524][  0]LogConfig: Setting CVar [[r.Streaming.MaxEffectiveScreenSize:0]]
[2020.03.07-00.58.27:524][  0]LogConfig: Applying CVar settings from Section [EffectsQuality@3] File [D:/Unreal projects/Portfolio Pieces/Project Clockwork Backup Desktop/Project_Clockwork/Book_Project/Saved/Config/Windows/Scalability.ini]
[2020.03.07-00.58.27:524][  0]LogConfig: Setting CVar [[r.TranslucencyLightingVolumeDim:64]]
[2020.03.07-00.58.27:524][  0]LogConfig: Setting CVar [[r.RefractionQuality:2]]
[2020.03.07-00.58.27:524][  0]LogConfig: Setting CVar [[r.SSR.Quality:3]]
[2020.03.07-00.58.27:524][  0]LogConfig: Setting CVar [[r.SceneColorFormat:4]]
[2020.03.07-00.58.27:524][  0]LogConfig: Setting CVar [[r.DetailMode:2]]
[2020.03.07-00.58.27:524][  0]LogConfig: Setting CVar [[r.TranslucencyVolumeBlur:1]]
[2020.03.07-00.58.27:524][  0]LogConfig: Setting CVar [[r.MaterialQualityLevel:1 ; High quality]]
[2020.03.07-00.58.27:524][  0]LogConfig: Setting CVar [[r.SSS.Scale:1]]
[2020.03.07-00.58.27:524][  0]LogConfig: Setting CVar [[r.SSS.SampleSet:2]]
[2020.03.07-00.58.27:524][  0]LogConfig: Setting CVar [[r.SSS.Quality:1]]
[2020.03.07-00.58.27:524][  0]LogConfig: Setting CVar [[r.SSS.HalfRes:1]]
[2020.03.07-00.58.27:524][  0]LogConfig: Setting CVar [[r.EmitterSpawnRateScale:1.0]]
[2020.03.07-00.58.27:524][  0]LogConfig: Setting CVar [[r.ParticleLightQuality:2]]
[2020.03.07-00.58.27:524][  0]LogConfig: Applying CVar settings from Section [FoliageQuality@3] File [D:/Unreal projects/Portfolio Pieces/Project Clockwork Backup Desktop/Project_Clockwork/Book_Project/Saved/Config/Windows/Scalability.ini]
[2020.03.07-00.58.27:524][  0]LogConfig: Setting CVar [[foliage.DensityScale:1.0]]
[2020.03.07-00.58.27:524][  0]LogConfig: Setting CVar [[grass.DensityScale:1.0]]
[2020.03.07-00.58.27:524][  0]LogInit: Selected Device Profile: [Windows]
[2020.03.07-00.58.27:524][  0]LogInit: Applying CVar settings loaded from the selected device profile: [Windows]
[2020.03.07-00.58.27:528][  0]LogHAL: Display: Platform has ~ 16 GB [17108713472 / 17179869184 / 16], which maps to Larger [LargestMinGB=32, LargerMinGB=12, DefaultMinGB=8, SmallerMinGB=6, SmallestMinGB=0)
[2020.03.07-00.58.27:528][  0]LogInit: Going up to parent DeviceProfile []
[2020.03.07-00.58.27:528][  0]LogConfig: Applying CVar settings from Section [ViewDistanceQuality@3] File [D:/Unreal projects/Portfolio Pieces/Project Clockwork Backup Desktop/Project_Clockwork/Book_Project/Saved/Config/Windows/Scalability.ini]
[2020.03.07-00.58.27:528][  0]LogConfig: Setting CVar [[r.SkeletalMeshLODBias:0]]
[2020.03.07-00.58.27:528][  0]LogConfig: Setting CVar [[r.ViewDistanceScale:1.0]]
[2020.03.07-00.58.27:529][  0]LogConfig: Applying CVar settings from Section [AntiAliasingQuality@2] File [D:/Unreal projects/Portfolio Pieces/Project Clockwork Backup Desktop/Project_Clockwork/Book_Project/Saved/Config/Windows/Scalability.ini]
[2020.03.07-00.58.27:529][  0]LogConfig: Setting CVar [[r.PostProcessAAQuality:3]]
[2020.03.07-00.58.27:529][  0]LogConfig: Applying CVar settings from Section [ShadowQuality@3] File [D:/Unreal projects/Portfolio Pieces/Project Clockwork Backup Desktop/Project_Clockwork/Book_Project/Saved/Config/Windows/Scalability.ini]
[2020.03.07-00.58.27:529][  0]LogConfig: Setting CVar [[r.LightFunctionQuality:1]]
[2020.03.07-00.58.27:529][  0]LogConfig: Setting CVar [[r.ShadowQuality:5]]
[2020.03.07-00.58.27:529][  0]LogConfig: Setting CVar [[r.Shadow.CSM.MaxCascades:10]]
[2020.03.07-00.58.27:529][  0]LogConfig: Setting CVar [[r.Shadow.MaxResolution:2048]]
[2020.03.07-00.58.27:529][  0]LogConfig: Setting CVar [[r.Shadow.MaxCSMResolution:2048]]
[2020.03.07-00.58.27:529][  0]LogConfig: Setting CVar [[r.Shadow.RadiusThreshold:0.01]]
[2020.03.07-00.58.27:529][  0]LogConfig: Setting CVar [[r.Shadow.DistanceScale:1.0]]
[2020.03.07-00.58.27:529][  0]LogConfig: Setting CVar [[r.Shadow.CSM.TransitionScale:1.0]]
[2020.03.07-00.58.27:529][  0]LogConfig: Setting CVar [[r.Shadow.PreShadowResolutionFactor:1.0]]
[2020.03.07-00.58.27:529][  0]LogConfig: Setting CVar [[r.DistanceFieldShadowing:1]]
[2020.03.07-00.58.27:529][  0]LogConfig: Setting CVar [[r.DistanceFieldAO:1]]
[2020.03.07-00.58.27:529][  0]LogConfig: Setting CVar [[r.AOQuality:2]]
[2020.03.07-00.58.27:529][  0]LogConfig: Setting CVar [[r.VolumetricFog:1]]
[2020.03.07-00.58.27:529][  0]LogConfig: Setting CVar [[r.VolumetricFog.GridPixelSize:8]]
[2020.03.07-00.58.27:529][  0]LogConfig: Setting CVar [[r.VolumetricFog.GridSizeZ:128]]
[2020.03.07-00.58.27:529][  0]LogConfig: Setting CVar [[r.VolumetricFog.HistoryMissSupersampleCount:4]]
[2020.03.07-00.58.27:529][  0]LogConfig: Setting CVar [[r.LightMaxDrawDistanceScale:1]]
[2020.03.07-00.58.27:529][  0]LogConfig: Setting CVar [[r.CapsuleShadows:1]]
[2020.03.07-00.58.27:529][  0]LogConfig: Applying CVar settings from Section [PostProcessQuality@2] File [D:/Unreal projects/Portfolio Pieces/Project Clockwork Backup Desktop/Project_Clockwork/Book_Project/Saved/Config/Windows/Scalability.ini]
[2020.03.07-00.58.27:529][  0]LogConfig: Setting CVar [[r.MotionBlurQuality:3]]
[2020.03.07-00.58.27:529][  0]LogConfig: Setting CVar [[r.AmbientOcclusionMipLevelFactor:0.6]]
[2020.03.07-00.58.27:529][  0]LogConfig: Setting CVar [[r.AmbientOcclusionMaxQuality:100]]
[2020.03.07-00.58.27:529][  0]LogConfig: Setting CVar [[r.AmbientOcclusionLevels:-1]]
[2020.03.07-00.58.27:529][  0]LogConfig: Setting CVar [[r.AmbientOcclusionRadiusScale:1.5]]
[2020.03.07-00.58.27:529][  0]LogConfig: Setting CVar [[r.DepthOfFieldQuality:2]]
[2020.03.07-00.58.27:529][  0]LogConfig: Setting CVar [[r.RenderTargetPoolMin:400]]
[2020.03.07-00.58.27:529][  0]LogConfig: Setting CVar [[r.LensFlareQuality:2]]
[2020.03.07-00.58.27:529][  0]LogConfig: Setting CVar [[r.SceneColorFringeQuality:1]]
[2020.03.07-00.58.27:529][  0]LogConfig: Setting CVar [[r.EyeAdaptationQuality:2]]
[2020.03.07-00.58.27:529][  0]LogConfig: Setting CVar [[r.BloomQuality:5]]
[2020.03.07-00.58.27:529][  0]LogConfig: Setting CVar [[r.FastBlurThreshold:3]]
[2020.03.07-00.58.27:529][  0]LogConfig: Setting CVar [[r.Upscale.Quality:2]]
[2020.03.07-00.58.27:529][  0]LogConfig: Setting CVar [[r.Tonemapper.GrainQuantization:1]]
[2020.03.07-00.58.27:529][  0]LogConfig: Setting CVar [[r.LightShaftQuality:1]]
[2020.03.07-00.58.27:529][  0]LogConfig: Setting CVar [[r.Filter.SizeScale:0.8]]
[2020.03.07-00.58.27:529][  0]LogConfig: Setting CVar [[r.Tonemapper.Quality:5]]
[2020.03.07-00.58.27:529][  0]LogConfig: Setting CVar [[r.DOF.Gather.AccumulatorQuality:0        ; lower gathering accumulator quality]]
[2020.03.07-00.58.27:529][  0]LogConfig: Setting CVar [[r.DOF.Gather.PostfilterMethod:2          ; Max3x3 postfilering method]]
[2020.03.07-00.58.27:529][  0]LogConfig: Setting CVar [[r.DOF.Gather.EnableBokehSettings:0       ; no bokeh simulation when gathering]]
[2020.03.07-00.58.27:529][  0]LogConfig: Setting CVar [[r.DOF.Gather.RingCount:4                 ; medium number of samples when gathering]]
[2020.03.07-00.58.27:529][  0]LogConfig: Setting CVar [[r.DOF.Scatter.ForegroundCompositing:1    ; additive foreground scattering]]
[2020.03.07-00.58.27:529][  0]LogConfig: Setting CVar [[r.DOF.Scatter.BackgroundCompositing:1    ; no background occlusion]]
[2020.03.07-00.58.27:529][  0]LogConfig: Setting CVar [[r.DOF.Scatter.EnableBokehSettings:0      ; no bokeh simulation when scattering]]
[2020.03.07-00.58.27:529][  0]LogConfig: Setting CVar [[r.DOF.Scatter.MaxSpriteRatio:0.04        ; only a maximum of 4% of scattered bokeh]]
[2020.03.07-00.58.27:529][  0]LogConfig: Setting CVar [[r.DOF.Recombine.Quality:0                ; no slight out of focus]]
[2020.03.07-00.58.27:529][  0]LogConfig: Setting CVar [[r.DOF.TemporalAAQuality:0                ; faster temporal accumulation]]
[2020.03.07-00.58.27:529][  0]LogConfig: Setting CVar [[r.DOF.Kernel.MaxForegroundRadius:0.012   ; required because of AccumulatorQuality=0]]
[2020.03.07-00.58.27:529][  0]LogConfig: Setting CVar [[r.DOF.Kernel.MaxBackgroundRadius:0.012   ; required because of AccumulatorQuality=0]]
[2020.03.07-00.58.27:529][  0]LogConfig: Applying CVar settings from Section [TextureQuality@2] File [D:/Unreal projects/Portfolio Pieces/Project Clockwork Backup Desktop/Project_Clockwork/Book_Project/Saved/Config/Windows/Scalability.ini]
[2020.03.07-00.58.27:529][  0]LogConfig: Setting CVar [[r.Streaming.MipBias:0]]
[2020.03.07-00.58.27:529][  0]LogConfig: Setting CVar [[r.Streaming.AmortizeCPUToGPUCopy:0]]
[2020.03.07-00.58.27:529][  0]LogConfig: Setting CVar [[r.Streaming.MaxNumTexturesToStreamPerFrame:0]]
[2020.03.07-00.58.27:530][  0]LogConfig: Setting CVar [[r.Streaming.Boost:1]]
[2020.03.07-00.58.27:530][  0]LogConfig: Setting CVar [[r.MaxAnisotropy:4]]
[2020.03.07-00.58.27:530][  0]LogConfig: Setting CVar [[r.Streaming.LimitPoolSizeToVRAM:1]]
[2020.03.07-00.58.27:530][  0]LogConfig: Setting CVar [[r.Streaming.PoolSize:800]]
[2020.03.07-00.58.27:530][  0]LogConfig: Setting CVar [[r.Streaming.MaxEffectiveScreenSize:0]]
[2020.03.07-00.58.27:530][  0]LogConfig: Applying CVar settings from Section [EffectsQuality@3] File [D:/Unreal projects/Portfolio Pieces/Project Clockwork Backup Desktop/Project_Clockwork/Book_Project/Saved/Config/Windows/Scalability.ini]
[2020.03.07-00.58.27:530][  0]LogConfig: Setting CVar [[r.TranslucencyLightingVolumeDim:64]]
[2020.03.07-00.58.27:530][  0]LogConfig: Setting CVar [[r.RefractionQuality:2]]
[2020.03.07-00.58.27:530][  0]LogConfig: Setting CVar [[r.SSR.Quality:3]]
[2020.03.07-00.58.27:530][  0]LogConfig: Setting CVar [[r.SceneColorFormat:4]]
[2020.03.07-00.58.27:530][  0]LogConfig: Setting CVar [[r.DetailMode:2]]
[2020.03.07-00.58.27:530][  0]LogConfig: Setting CVar [[r.TranslucencyVolumeBlur:1]]
[2020.03.07-00.58.27:530][  0]LogConfig: Setting CVar [[r.MaterialQualityLevel:1 ; High quality]]
[2020.03.07-00.58.27:530][  0]LogConfig: Setting CVar [[r.SSS.Scale:1]]
[2020.03.07-00.58.27:530][  0]LogConfig: Setting CVar [[r.SSS.SampleSet:2]]
[2020.03.07-00.58.27:530][  0]LogConfig: Setting CVar [[r.SSS.Quality:1]]
[2020.03.07-00.58.27:530][  0]LogConfig: Setting CVar [[r.SSS.HalfRes:1]]
[2020.03.07-00.58.27:530][  0]LogConfig: Setting CVar [[r.EmitterSpawnRateScale:1.0]]
[2020.03.07-00.58.27:530][  0]LogConfig: Setting CVar [[r.ParticleLightQuality:2]]
[2020.03.07-00.58.27:530][  0]LogConfig: Applying CVar settings from Section [FoliageQuality@2] File [D:/Unreal projects/Portfolio Pieces/Project Clockwork Backup Desktop/Project_Clockwork/Book_Project/Saved/Config/Windows/Scalability.ini]
[2020.03.07-00.58.27:530][  0]LogConfig: Setting CVar [[foliage.DensityScale:0.8]]
[2020.03.07-00.58.27:530][  0]LogConfig: Setting CVar [[grass.DensityScale:0.8]]
[2020.03.07-00.58.27:530][  0]LogConfig: Applying CVar settings from Section [Startup] File [../../../Engine/Config/ConsoleVariables.ini]
[2020.03.07-00.58.27:530][  0]LogConfig: Setting CVar [[net.UseAdaptiveNetUpdateFrequency:0]]
[2020.03.07-00.58.27:530][  0]LogConfig: Setting CVar [[p.chaos.AllowCreatePhysxBodies:1]]
[2020.03.07-00.58.27:530][  0]LogConfig: Applying CVar settings from Section [ConsoleVariables] File [D:/Unreal projects/Portfolio Pieces/Project Clockwork Backup Desktop/Project_Clockwork/Book_Project/Saved/Config/Windows/Engine.ini]
[2020.03.07-00.58.27:530][  0]LogInit: Computer: SAFARIS-PC
[2020.03.07-00.58.27:530][  0]LogInit: User: Safari
[2020.03.07-00.58.27:530][  0]LogInit: CPU Page size=4096, Cores=8
[2020.03.07-00.58.27:530][  0]LogInit: High frequency timer resolution =10.000000 MHz
[2020.03.07-00.58.27:531][  0]LogMemory: Memory total: Physical=15.9GB (16GB approx)
[2020.03.07-00.58.27:531][  0]LogMemory: Platform Memory Stats for Windows
[2020.03.07-00.58.27:531][  0]LogMemory: Process Physical Memory: 103.16 MB used, 103.16 MB peak
[2020.03.07-00.58.27:531][  0]LogMemory: Process Virtual Memory: 100.79 MB used, 100.79 MB peak
[2020.03.07-00.58.27:531][  0]LogMemory: Physical Memory: 4796.00 MB used,  11520.14 MB free, 16316.14 MB total
[2020.03.07-00.58.27:531][  0]LogMemory: Virtual Memory: 4701.62 MB used,  134213024.00 MB free, 134217728.00 MB total
[2020.03.07-00.58.27:534][  0]LogWindows: WindowsPlatformFeatures enabled
[2020.03.07-00.58.27:566][  0]LogInit: Using OS detected language (en-US).
[2020.03.07-00.58.27:566][  0]LogInit: Using OS detected locale (en-US).
[2020.03.07-00.58.27:567][  0]LogTextLocalizationManager: No specific localization for 'en-US' exists, so the 'en' localization will be used.
[2020.03.07-00.58.27:763][  0]LogInit: Setting process to per monitor DPI aware
[2020.03.07-00.58.27:809][  0]LogSlate: New Slate User Created.  User Index 0, Is Virtual User: 0
[2020.03.07-00.58.27:809][  0]LogSlate: Slate User Registered.  User Index 0, Is Virtual User: 0
[2020.03.07-00.58.28:019][  0]LogHMD: Failed to initialize OpenVR with code 110
[2020.03.07-00.58.28:019][  0]LogD3D11RHI: D3D11 adapters:
[2020.03.07-00.58.28:097][  0]LogD3D11RHI:    0. 'NVIDIA GeForce GTX 1050 Ti' (Feature Level 11_0)
[2020.03.07-00.58.28:097][  0]LogD3D11RHI:       4018/0/8158 MB DedicatedVideo/DedicatedSystem/SharedSystem, Outputs:1, VendorId:0x10de
[2020.03.07-00.58.28:100][  0]LogD3D11RHI:    1. 'Microsoft Basic Render Driver' (Feature Level 11_0)
[2020.03.07-00.58.28:100][  0]LogD3D11RHI:       0/0/8158 MB DedicatedVideo/DedicatedSystem/SharedSystem, Outputs:0, VendorId:0x1414
[2020.03.07-00.58.28:100][  0]LogD3D11RHI: Chosen D3D11 Adapter: 0
[2020.03.07-00.58.28:110][  0]LogD3D11RHI: Creating new Direct3DDevice
[2020.03.07-00.58.28:110][  0]LogD3D11RHI:     GPU DeviceId: 0x1c82 (for the marketing name, search the web for "GPU Device Id")
[2020.03.07-00.58.28:110][  0]LogWindows: EnumDisplayDevices:
[2020.03.07-00.58.28:110][  0]LogWindows:    0. 'NVIDIA GeForce GTX 1050 Ti' (P:1 D:1)
[2020.03.07-00.58.28:111][  0]LogWindows:    1. 'NVIDIA GeForce GTX 1050 Ti' (P:0 D:0)
[2020.03.07-00.58.28:111][  0]LogWindows:    2. 'NVIDIA GeForce GTX 1050 Ti' (P:0 D:0)
[2020.03.07-00.58.28:111][  0]LogWindows:    3. 'NVIDIA GeForce GTX 1050 Ti' (P:0 D:0)
[2020.03.07-00.58.28:111][  0]LogWindows: DebugString: FoundDriverCount:4 
[2020.03.07-00.58.28:111][  0]LogD3D11RHI:     Adapter Name: NVIDIA GeForce GTX 1050 Ti
[2020.03.07-00.58.28:111][  0]LogD3D11RHI:   Driver Version: 436.15 (internal:26.21.14.3615, unified:436.15)
[2020.03.07-00.58.28:111][  0]LogD3D11RHI:      Driver Date: 8-24-2019
[2020.03.07-00.58.28:111][  0]LogRHI: Texture pool is 2812 MB (70% of 4018 MB)
[2020.03.07-00.58.28:176][  0]LogD3D11RHI: Async texture creation enabled
[2020.03.07-00.58.28:204][  0]LogD3D11RHI: GPU Timing Frequency: 1000.000000 (Debug: 2 1)
[2020.03.07-00.58.28:506][  0]LogTemp: Display: Module 'AllDesktopTargetPlatform' loaded TargetPlatform 'AllDesktop'
[2020.03.07-00.58.28:518][  0]LogTemp: Display: Module 'MacClientTargetPlatform' loaded TargetPlatform 'MacClient'
[2020.03.07-00.58.28:530][  0]LogTemp: Display: Module 'MacNoEditorTargetPlatform' loaded TargetPlatform 'MacNoEditor'
[2020.03.07-00.58.28:542][  0]LogTemp: Display: Module 'MacServerTargetPlatform' loaded TargetPlatform 'MacServer'
[2020.03.07-00.58.28:554][  0]LogTemp: Display: Module 'MacTargetPlatform' loaded TargetPlatform 'Mac'
[2020.03.07-00.58.28:567][  0]LogTemp: Display: Module 'WindowsClientTargetPlatform' loaded TargetPlatform 'WindowsClient'
[2020.03.07-00.58.28:580][  0]LogTemp: Display: Module 'WindowsNoEditorTargetPlatform' loaded TargetPlatform 'WindowsNoEditor'
[2020.03.07-00.58.28:592][  0]LogTemp: Display: Module 'WindowsServerTargetPlatform' loaded TargetPlatform 'WindowsServer'
[2020.03.07-00.58.28:598][  0]LogTemp: Display: Module 'WindowsTargetPlatform' loaded TargetPlatform 'Windows'
[2020.03.07-00.58.28:643][  0]LogTemp: Display: Module 'AndroidTargetPlatform' loaded TargetPlatform 'Android'
[2020.03.07-00.58.28:643][  0]LogTemp: Display: Module 'AndroidTargetPlatform' loaded TargetPlatform 'Android_ASTC'
[2020.03.07-00.58.28:643][  0]LogTemp: Display: Module 'AndroidTargetPlatform' loaded TargetPlatform 'Android_ATC'
[2020.03.07-00.58.28:643][  0]LogTemp: Display: Module 'AndroidTargetPlatform' loaded TargetPlatform 'Android_DXT'
[2020.03.07-00.58.28:643][  0]LogTemp: Display: Module 'AndroidTargetPlatform' loaded TargetPlatform 'Android_ETC1'
[2020.03.07-00.58.28:643][  0]LogTemp: Display: Module 'AndroidTargetPlatform' loaded TargetPlatform 'Android_ETC1a'
[2020.03.07-00.58.28:643][  0]LogTemp: Display: Module 'AndroidTargetPlatform' loaded TargetPlatform 'Android_ETC2'
[2020.03.07-00.58.28:643][  0]LogTemp: Display: Module 'AndroidTargetPlatform' loaded TargetPlatform 'Android_PVRTC'
[2020.03.07-00.58.28:643][  0]LogTemp: Display: Module 'AndroidTargetPlatform' loaded TargetPlatform 'AndroidClient'
[2020.03.07-00.58.28:643][  0]LogTemp: Display: Module 'AndroidTargetPlatform' loaded TargetPlatform 'Android_ASTCClient'
[2020.03.07-00.58.28:643][  0]LogTemp: Display: Module 'AndroidTargetPlatform' loaded TargetPlatform 'Android_ATCClient'
[2020.03.07-00.58.28:644][  0]LogTemp: Display: Module 'AndroidTargetPlatform' loaded TargetPlatform 'Android_DXTClient'
[2020.03.07-00.58.28:644][  0]LogTemp: Display: Module 'AndroidTargetPlatform' loaded TargetPlatform 'Android_ETC1Client'
[2020.03.07-00.58.28:644][  0]LogTemp: Display: Module 'AndroidTargetPlatform' loaded TargetPlatform 'Android_ETC1aClient'
[2020.03.07-00.58.28:644][  0]LogTemp: Display: Module 'AndroidTargetPlatform' loaded TargetPlatform 'Android_ETC2Client'
[2020.03.07-00.58.28:644][  0]LogTemp: Display: Module 'AndroidTargetPlatform' loaded TargetPlatform 'Android_PVRTCClient'
[2020.03.07-00.58.28:644][  0]LogTemp: Display: Module 'AndroidTargetPlatform' loaded TargetPlatform 'Android_Multi'
[2020.03.07-00.58.28:644][  0]LogTemp: Display: Module 'AndroidTargetPlatform' loaded TargetPlatform 'Android_MultiClient'
[2020.03.07-00.58.28:646][  0]LogTemp: Display: Module 'HTML5TargetPlatform' loaded TargetPlatform 'HTML5'
[2020.03.07-00.58.28:670][  0]LogTemp: Display: Module 'IOSTargetPlatform' loaded TargetPlatform 'IOSClient'
[2020.03.07-00.58.28:670][  0]LogTemp: Display: Module 'IOSTargetPlatform' loaded TargetPlatform 'IOS'
[2020.03.07-00.58.28:689][  0]LogTemp: Display: Module 'TVOSTargetPlatform' loaded TargetPlatform 'TVOSClient'
[2020.03.07-00.58.28:689][  0]LogTemp: Display: Module 'TVOSTargetPlatform' loaded TargetPlatform 'TVOS'
[2020.03.07-00.58.28:700][  0]LogTemp: Display: Module 'LinuxClientTargetPlatform' loaded TargetPlatform 'LinuxClient'
[2020.03.07-00.58.28:709][  0]LogTemp: Display: Module 'LinuxNoEditorTargetPlatform' loaded TargetPlatform 'LinuxNoEditor'
[2020.03.07-00.58.28:719][  0]LogTemp: Display: Module 'LinuxServerTargetPlatform' loaded TargetPlatform 'LinuxServer'
[2020.03.07-00.58.28:729][  0]LogTemp: Display: Module 'LinuxTargetPlatform' loaded TargetPlatform 'Linux'
[2020.03.07-00.58.28:762][  0]LogTemp: Display: Module 'LuminTargetPlatform' loaded TargetPlatform 'Lumin'
[2020.03.07-00.58.28:762][  0]LogTemp: Display: Module 'LuminTargetPlatform' loaded TargetPlatform 'LuminClient'
[2020.03.07-00.58.28:762][  0]LogTargetPlatformManager: Display: Building Assets For Windows
[2020.03.07-00.58.28:775][  0]LogAudioDebug: Display: Lib vorbis DLL was dynamically loaded.
[2020.03.07-00.58.28:859][  0]LogShaderCompilers: Guid format shader working directory is -53 characters bigger than the processId version (D:/Unreal projects/Portfolio Pieces/Project Clockwork Backup Desktop/Project_Clockwork/Book_Project/Intermediate/Shaders/WorkingDirectory/16936/).
[2020.03.07-00.58.28:859][  0]LogShaderCompilers: Cleaned the shader compiler working directory 'C:/Users/Safari/AppData/Local/Temp/UnrealShaderWorkingDir/CBC08FD9414CCA1B2F01A7A8352D4CE6/'.
[2020.03.07-00.58.28:865][  0]LogXGEController: Cannot use XGE Controller as Incredibuild is not installed on this machine.
[2020.03.07-00.58.28:865][  0]LogShaderCompilers: Cannot use XGE Shader Compiler as Incredibuild is not installed on this machine.
[2020.03.07-00.58.28:865][  0]LogShaderCompilers: Display: Using Local Shader Compiler.
[2020.03.07-00.58.29:590][  0]LogDerivedDataCache: Display: Max Cache Size: 512 MB
[2020.03.07-00.58.29:637][  0]LogDerivedDataCache: Loaded boot cache 0.05s 73MB C:/Users/Safari/AppData/Local/UnrealEngine/4.23/DerivedDataCache/Boot.ddc.
[2020.03.07-00.58.29:638][  0]LogDerivedDataCache: Display: Loaded Boot cache: C:/Users/Safari/AppData/Local/UnrealEngine/4.23/DerivedDataCache/Boot.ddc
[2020.03.07-00.58.29:638][  0]LogDerivedDataCache: FDerivedDataBackendGraph:  Pak pak cache file D:/Unreal projects/Portfolio Pieces/Project Clockwork Backup Desktop/Project_Clockwork/Book_Project/DerivedDataCache/DDC.ddp not found, will not use a pak cache.
[2020.03.07-00.58.29:638][  0]LogDerivedDataCache: Unable to find inner node Pak for hierarchical cache Hierarchy.
[2020.03.07-00.58.29:638][  0]LogDerivedDataCache: FDerivedDataBackendGraph:  CompressedPak pak cache file D:/Unreal projects/Portfolio Pieces/Project Clockwork Backup Desktop/Project_Clockwork/Book_Project/DerivedDataCache/Compressed.ddp not found, will not use a pak cache.
[2020.03.07-00.58.29:638][  0]LogDerivedDataCache: Unable to find inner node CompressedPak for hierarchical cache Hierarchy.
[2020.03.07-00.58.29:652][  0]LogDerivedDataCache: Display: Pak cache opened for reading ../../../Engine/DerivedDataCache/Compressed.ddp.
[2020.03.07-00.58.29:652][  0]LogDerivedDataCache: FDerivedDataBackendGraph:  EnterprisePak pak cache file ../../../Enterprise/DerivedDataCache/Compressed.ddp not found, will not use a pak cache.
[2020.03.07-00.58.29:652][  0]LogDerivedDataCache: Unable to find inner node EnterprisePak for hierarchical cache Hierarchy.
[2020.03.07-00.58.29:654][  0]LogDerivedDataCache: Using Local data cache path C:/Users/Safari/AppData/Local/UnrealEngine/Common/DerivedDataCache: Writable
[2020.03.07-00.58.29:654][  0]LogDerivedDataCache: Shared data cache path not found in *engine.ini, will not use an Shared cache.
[2020.03.07-00.58.29:654][  0]LogDerivedDataCache: Unable to find inner node Shared for hierarchical cache Hierarchy.
[2020.03.07-00.58.29:682][  0]LogMaterial: Verifying Global Shaders for PCD3D_SM5
[2020.03.07-00.58.29:686][  0]LogSlate: Using FreeType 2.6.0
[2020.03.07-00.58.29:686][  0]LogSlate: SlateFontServices - WITH_FREETYPE: 1, WITH_HARFBUZZ: 1
[2020.03.07-00.58.29:761][  0]LogAssetRegistry: FAssetRegistry took 0.0037 seconds to start up
[2020.03.07-00.58.30:108][  0]LogInit: Selected Device Profile: [Windows]
[2020.03.07-00.58.30:301][  0]LogMeshReduction: Using QuadricMeshReduction for automatic static mesh reduction
[2020.03.07-00.58.30:301][  0]LogMeshReduction: Using SimplygonMeshReduction for automatic skeletal mesh reduction
[2020.03.07-00.58.30:301][  0]LogMeshReduction: Using ProxyLODMeshReduction for automatic mesh merging
[2020.03.07-00.58.30:301][  0]LogMeshReduction: No distributed automatic mesh merging module available
[2020.03.07-00.58.30:301][  0]LogMeshMerging: No distributed automatic mesh merging module available
[2020.03.07-00.58.30:312][  0]LogNetVersion: Book_Project 1.0.0, NetCL: 8386587, EngineNetVer: 11, GameNetVer: 0 (Checksum: 4225194187)
[2020.03.07-00.58.30:814][  0]LogPackageLocalizationCache: Processed 12 localized package path(s) for 1 prioritized culture(s) in 0.067685 seconds
[2020.03.07-00.58.30:822][  0]LogUObjectArray: 43444 objects as part of root set at end of initial load.
[2020.03.07-00.58.30:822][  0]LogUObjectAllocator: 7548648 out of 0 bytes used by permanent object pool.
[2020.03.07-00.58.30:822][  0]LogUObjectArray: CloseDisregardForGC: 0/0 objects in disregard for GC pool
[2020.03.07-00.58.31:854][  0]LogTcpMessaging: Initializing TcpMessaging bridge
[2020.03.07-00.58.31:858][  0]LogUdpMessaging: Initializing bridge on interface 0.0.0.0:0 to multicast group 230.0.0.1:6666.
[2020.03.07-00.58.31:981][  0]SourceControl: Source control is disabled
[2020.03.07-00.58.31:981][  0]SourceControl: Source control is disabled
[2020.03.07-00.58.31:984][  0]SourceControl: Source control is disabled
[2020.03.07-00.58.31:986][  0]SourceControl: Source control is disabled
[2020.03.07-00.58.32:110][  0]LogAndroidPermission: UAndroidPermissionCallbackProxy::GetInstance
[2020.03.07-00.58.32:274][  0]LogOcInput: OculusInput pre-init called
[2020.03.07-00.58.32:284][  0]LogWindows: Failed to load 'OVRPlugin.dll' (GetLastError=126)
[2020.03.07-00.58.32:284][  0]LogWindows: File 'OVRPlugin.dll' does not exist
[2020.03.07-00.58.32:373][  0]LogEngine: Initializing Engine...
[2020.03.07-00.58.32:374][  0]LogHMD: Failed to initialize OpenVR with code 110
[2020.03.07-00.58.32:375][  0]LogStats: UGameplayTagsManager::InitializeManager -  0.000 s
[2020.03.07-00.58.32:648][  0]LogInit: Initializing FReadOnlyCVARCache
[2020.03.07-00.58.32:667][  0]LogAIModule: Creating AISystem for world Untitled
[2020.03.07-00.58.32:690][  0]LogInit: XAudio2 using 'Headphones (Razer Kraken USB)' : 2 channels at 48 kHz using 16 bits per sample (channel mask 0x3)
[2020.03.07-00.58.32:727][  0]LogInit: FAudioDevice initialized.
[2020.03.07-00.58.32:728][  0]LogNetVersion: Set ProjectVersion to 1.0.0.0. Version Checksum will be recalculated on next use.
[2020.03.07-00.58.32:820][  0]LogDerivedDataCache: Saved boot cache 0.09s 73MB C:/Users/Safari/AppData/Local/UnrealEngine/4.23/DerivedDataCache/Boot.ddc.
[2020.03.07-00.58.32:828][  0]LogInit: Texture streaming: Enabled
[2020.03.07-00.58.32:856][  0]LogEngineSessionManager: EngineSessionManager initialized
[2020.03.07-00.58.32:856][  0]LogEditorSessionSummary: Verbose: Initializing EditorSessionSummaryWriter for editor session tracking
[2020.03.07-00.58.32:857][  0]LogEditorSessionSummary: EditorSessionSummaryWriter initialized
[2020.03.07-00.58.32:959][  0]LogInit: Transaction tracking system initialized
[2020.03.07-00.58.33:005][  0]BlueprintLog: New page: Editor Load
[2020.03.07-00.58.33:118][  0]LocalizationService: Localization service is disabled
[2020.03.07-00.58.33:444][  0]LogFileCache: Scanning file cache for directory 'D:/Unreal projects/Portfolio Pieces/Project Clockwork Backup Desktop/Project_Clockwork/Book_Project/Content/' took 0.01s
[2020.03.07-00.58.33:444][  0]LogCook: Display: Max memory allowance for cook 16384mb min free memory 0mb
[2020.03.07-00.58.33:444][  0]LogCook: Display: Mobile HDR setting 1
[2020.03.07-00.58.33:673][  0]SourceControl: Source control is disabled
[2020.03.07-00.58.33:673][  0]LightingResults: New page: Lighting Build
[2020.03.07-00.58.33:677][  0]LogWorld: UWorld::CleanupWorld for Untitled, bSessionEnded=true, bCleanupResources=true
[2020.03.07-00.58.33:677][  0]MapCheck: New page: Map Check
[2020.03.07-00.58.33:677][  0]LightingResults: New page: Lighting Build
[2020.03.07-00.58.33:725][  0]LogUObjectHash: Compacting FUObjectHashTables data took   1.99ms
[2020.03.07-00.58.35:484][  0]LogAIModule: Creating AISystem for world Dev_Playground
[2020.03.07-00.58.35:510][  0]LogMaterial: Display: Material /Game/StarterContent/Props/Materials/M_Frame.M_Frame needed to have new flag set bUsedWithSplineMeshes !
[2020.03.07-00.58.35:521][  0]LogMaterial: Display: Missing cached shader map for material M_Frame, compiling. 
[2020.03.07-00.58.35:642][  0]MapCheck: Warning: M_Frame Material /Game/StarterContent/Props/Materials/M_Frame.M_Frame was missing the usage flag bUsedWithSplineMeshes. If the material asset is not re-saved, it may not render correctly when run outside the editor. Fix
[2020.03.07-00.58.35:939][  0]LogShaderCompilers: Display: Worker (1/13): shaders left to compile 59
[2020.03.07-00.58.35:939][  0]LogShaderCompilers: Display: Worker (2/13): shaders left to compile 54
[2020.03.07-00.58.35:939][  0]LogShaderCompilers: Display: Worker (3/13): shaders left to compile 49
[2020.03.07-00.58.35:939][  0]LogShaderCompilers: Display: Worker (4/13): shaders left to compile 44
[2020.03.07-00.58.35:939][  0]LogShaderCompilers: Display: Worker (5/13): shaders left to compile 39
[2020.03.07-00.58.35:939][  0]LogShaderCompilers: Display: Worker (6/13): shaders left to compile 34
[2020.03.07-00.58.35:939][  0]LogShaderCompilers: Display: Worker (7/13): shaders left to compile 29
[2020.03.07-00.58.35:939][  0]LogShaderCompilers: Display: Worker (8/13): shaders left to compile 24
[2020.03.07-00.58.35:939][  0]LogShaderCompilers: Display: Worker (9/13): shaders left to compile 19
[2020.03.07-00.58.35:939][  0]LogShaderCompilers: Display: Worker (10/13): shaders left to compile 14
[2020.03.07-00.58.35:939][  0]LogShaderCompilers: Display: Worker (11/13): shaders left to compile 9
[2020.03.07-00.58.35:939][  0]LogShaderCompilers: Display: Worker (12/13): shaders left to compile 4
[2020.03.07-00.58.35:939][  0]LogPrimitiveComponent: Warning: CreateDynamicMaterialInstance on /Game/StarterContent/Maps/Dev_Playground.Dev_Playground:PersistentLevel.BP_Ability_Shards_2.Frag 2: Material index 0 is invalid.
[2020.03.07-00.58.35:940][  0]LogPrimitiveComponent: Warning: CreateDynamicMaterialInstance on /Game/StarterContent/Maps/Dev_Playground.Dev_Playground:PersistentLevel.BP_Ability_Shards_2.Frag 3: Material index 0 is invalid.
[2020.03.07-00.58.35:941][  0]LogPrimitiveComponent: Warning: CreateDynamicMaterialInstance on /Game/StarterContent/Maps/Dev_Playground.Dev_Playground:PersistentLevel.BP_Ability_Shards2_5.Frag 2: Material index 0 is invalid.
[2020.03.07-00.58.35:941][  0]LogPrimitiveComponent: Warning: CreateDynamicMaterialInstance on /Game/StarterContent/Maps/Dev_Playground.Dev_Playground:PersistentLevel.BP_Ability_Shards2_5.Frag 3: Material index 0 is invalid.
[2020.03.07-00.58.35:947][  0]LogEditorServer: Finished looking for orphan Actors (0.000 secs)
[2020.03.07-00.58.36:024][  0]LogUObjectHash: Compacting FUObjectHashTables data took   5.24ms
[2020.03.07-00.58.36:024][  0]Cmd: MAP CHECKDEP NOCLEARLOG
[2020.03.07-00.58.36:025][  0]MapCheck: Map check complete: 0 Error(s), 1 Warning(s), took 0.494ms to complete.
[2020.03.07-00.58.36:032][  0]LogFileHelpers: Loading map 'Dev_Playground' took 2.359
[2020.03.07-00.58.36:263][  0]LogSlate: Updating window title bar state: overlay mode, drag disabled, window buttons hidden, title bar hidden
[2020.03.07-00.58.36:282][  0]LogSlate: Updating window title bar state: overlay mode, drag disabled, window buttons hidden, title bar hidden
[2020.03.07-00.58.36:303][  0]LogSlate: Updating window title bar state: overlay mode, drag disabled, window buttons hidden, title bar hidden
[2020.03.07-00.58.36:323][  0]LogSlate: Updating window title bar state: overlay mode, drag disabled, window buttons hidden, title bar hidden
[2020.03.07-00.58.36:347][  0]LogCollectionManager: Loaded 0 collections in 0.007073 seconds
[2020.03.07-00.58.36:373][  0]LogFileCache: Scanning file cache for directory 'D:/Unreal projects/Portfolio Pieces/Project Clockwork Backup Desktop/Project_Clockwork/Book_Project/Saved/Collections/' took 0.00s
[2020.03.07-00.58.36:374][  0]LogFileCache: Scanning file cache for directory 'D:/Unreal projects/Portfolio Pieces/Project Clockwork Backup Desktop/Project_Clockwork/Book_Project/Content/Developers/Safari/Collections/' took 0.00s
[2020.03.07-00.58.36:374][  0]LogFileCache: Scanning file cache for directory 'D:/Unreal projects/Portfolio Pieces/Project Clockwork Backup Desktop/Project_Clockwork/Book_Project/Content/Collections/' took 0.00s
[2020.03.07-00.58.36:374][  0]LogCollectionManager: Rebuilt the GUID cache for 0 collections in 0.000005 seconds
[2020.03.07-00.58.36:397][  0]LogContentBrowser: Native class hierarchy populated in 0.0229 seconds. Added 2911 classes and 682 folders.
[2020.03.07-00.58.36:420][  0]LogContentBrowser: Native class hierarchy updated for 'WidgetCarousel' in 0.0010 seconds. Added 0 classes and 0 folders.
[2020.03.07-00.58.36:553][  0]LogContentBrowser: Native class hierarchy updated for 'AddContentDialog' in 0.0010 seconds. Added 0 classes and 0 folders.
[2020.03.07-00.58.36:774][  0]LogContentBrowser: Native class hierarchy updated for 'SceneOutliner' in 0.0021 seconds. Added 1 classes and 2 folders.
[2020.03.07-00.58.36:798][  0]LogSlate: Took 0.000413 seconds to synchronously load lazily loaded font '../../../Engine/Content/Slate/Fonts/Roboto-Regular.ttf' (155K)
[2020.03.07-00.58.36:801][  0]LogSlate: Took 0.000301 seconds to synchronously load lazily loaded font '../../../Engine/Content/Slate/Fonts/Roboto-Bold.ttf' (160K)
[2020.03.07-00.58.36:936][  0]LogRenderer: Reallocating scene render targets to support 1196x572 Format 10 NumSamples 1 (Frame:1).
[2020.03.07-00.58.37:762][  0]LogContentBrowser: Native class hierarchy updated for 'HierarchicalLODOutliner' in 0.0011 seconds. Added 0 classes and 0 folders.
[2020.03.07-00.58.37:762][  0]LogLoad: (Engine Initialization) Total time: 11.98 seconds
[2020.03.07-00.58.37:762][  0]LogLoad: (Engine Initialization) Total Blueprint compile time: 0.00 seconds
[2020.03.07-00.58.37:829][  0]LogContentStreaming: Texture pool size now 800 MB
[2020.03.07-00.58.37:925][  1]LogAssetRegistry: Asset discovery search completed in 8.1652 seconds
[2020.03.07-00.58.37:932][  1]LogCollectionManager: Rebuilt the object cache for 0 collections in 0.000009 seconds (found 0 objects)
[2020.03.07-00.58.37:933][  1]LogCollectionManager: Fixed up redirectors for 0 collections in 0.000191 seconds (updated 0 objects)
[2020.03.07-00.58.38:804][ 78]LogSlate: Took 0.000353 seconds to synchronously load lazily loaded font '../../../Engine/Content/Slate/Fonts/Roboto-Light.ttf' (167K)
[2020.03.07-00.58.54:368][935]LogSlate: FSceneViewport::OnFocusLost() reason 0
[2020.03.07-00.59.11:945][ 43]LogSlate: FSceneViewport::OnFocusLost() reason 0
[2020.03.07-00.59.12:094][ 61]LogTemp: Repeating last play command: Selected Viewport
[2020.03.07-00.59.12:114][ 61]LogBlueprintUserMessages: Early PlayInEditor Detection: Level '/Game/StarterContent/Maps/Dev_Playground.Dev_Playground:PersistentLevel' has LevelScriptBlueprint '/Game/StarterContent/Maps/Dev_Playground.Dev_Playground:PersistentLevel.Dev_Playground' with GeneratedClass '/Game/StarterContent/Maps/Dev_Playground.Dev_Playground_C' with ClassGeneratedBy '/Game/StarterContent/Maps/Dev_Playground.Dev_Playground:PersistentLevel.Dev_Playground'
[2020.03.07-00.59.12:114][ 61]LogPlayLevel: PlayLevel: No blueprints needed recompiling
[2020.03.07-00.59.12:115][ 61]PIE: New page: PIE session: Dev_Playground (Mar 6, 2020, 12:59:12 PM)
[2020.03.07-00.59.12:116][ 61]LogOnline: OSS: Creating online subsystem instance for: NULL
[2020.03.07-00.59.12:118][ 61]LogPlayLevel: Creating play world package: /Game/StarterContent/Maps/UEDPIE_0_Dev_Playground
[2020.03.07-00.59.12:176][ 61]LogPlayLevel: PIE: StaticDuplicateObject took: (0.058054s)
[2020.03.07-00.59.12:177][ 61]LogAIModule: Creating AISystem for world Dev_Playground
[2020.03.07-00.59.12:177][ 61]LogPlayLevel: PIE: World Init took: (0.001163s)
[2020.03.07-00.59.12:177][ 61]LogPlayLevel: PIE: Created PIE world by copying editor world from /Game/StarterContent/Maps/Dev_Playground.Dev_Playground to /Game/StarterContent/Maps/UEDPIE_0_Dev_Playground.Dev_Playground (0.059670s)
[2020.03.07-00.59.12:222][ 61]LogUObjectHash: Compacting FUObjectHashTables data took   1.90ms
[2020.03.07-00.59.12:237][ 61]LogInit: XAudio2 using 'Headphones (Razer Kraken USB)' : 2 channels at 48 kHz using 16 bits per sample (channel mask 0x3)
[2020.03.07-00.59.12:248][ 61]LogInit: FAudioDevice initialized.
[2020.03.07-00.59.12:288][ 61]LogLoad: Game class is 'BP_GameModeBook_C'
[2020.03.07-00.59.12:298][ 61]LogWorld: Bringing World /Game/StarterContent/Maps/UEDPIE_0_Dev_Playground.Dev_Playground up for play (max tick rate 0) at 2020.03.06-18.59.12
[2020.03.07-00.59.12:301][ 61]LogWorld: Bringing up level for play took: 0.012286
[2020.03.07-00.59.12:301][ 61]LogOnline: OSS: Creating online subsystem instance for: :Context_1
[2020.03.07-00.59.12:312][ 61]LogContentBrowser: Native class hierarchy updated for 'MovieSceneCapture' in 0.0007 seconds. Added 20 classes and 0 folders.
[2020.03.07-00.59.13:948][ 61]LogWindows: Error: === Critical error: ===
[2020.03.07-00.59.13:948][ 61]LogWindows: Error: 
[2020.03.07-00.59.13:948][ 61]LogWindows: Error: Fatal error!
[2020.03.07-00.59.13:948][ 61]LogWindows: Error: 
[2020.03.07-00.59.13:948][ 61]LogWindows: Error: Unhandled Exception: EXCEPTION_ACCESS_VIOLATION reading address 0x000000f0
[2020.03.07-00.59.13:948][ 61]LogWindows: Error: 
[2020.03.07-00.59.13:948][ 61]LogWindows: Error: [Callstack] 0x00007fff6e146d2b UE4Editor-Book_Project-0383.dll!UBlackboardComponent::SetValue<UBlackboardKeyType_Bool>() [c:\ue_4_23\ue_4.23\engine\source\runtime\aimodule\classes\behaviortree\blackboardcomponent.h:304]
[2020.03.07-00.59.13:948][ 61]LogWindows: Error: [Callstack] 0x00007fff6e154276 UE4Editor-Book_Project-0383.dll!APower_Source_Enemy::BeginPlay() [d:\unreal projects\portfolio pieces\project clockwork backup desktop\project_clockwork\book_project\source\book_project\power_source_enemy.cpp:56]
[2020.03.07-00.59.13:948][ 61]LogWindows: Error: [Callstack] 0x00007fff89ce06b6 UE4Editor-Engine.dll!UnknownFunction []
[2020.03.07-00.59.13:948][ 61]LogWindows: Error: [Callstack] 0x00007fff8af44710 UE4Editor-Engine.dll!UnknownFunction []
[2020.03.07-00.59.13:948][ 61]LogWindows: Error: [Callstack] 0x00007fff8a3d8d81 UE4Editor-Engine.dll!UnknownFunction []
[2020.03.07-00.59.13:948][ 61]LogWindows: Error: [Callstack] 0x00007fff8aef244e UE4Editor-Engine.dll!UnknownFunction []
[2020.03.07-00.59.13:948][ 61]LogWindows: Error: [Callstack] 0x00007fff8a39ad29 UE4Editor-Engine.dll!UnknownFunction []
[2020.03.07-00.59.13:948][ 61]LogWindows: Error: [Callstack] 0x00007fff88cc50b3 UE4Editor-UnrealEd.dll!UnknownFunction []
[2020.03.07-00.59.13:948][ 61]LogWindows: Error: [Callstack] 0x00007fff88ce4361 UE4Editor-UnrealEd.dll!UnknownFunction []
[2020.03.07-00.59.13:948][ 61]LogWindows: Error: [Callstack] 0x00007fff88cfe265 UE4Editor-UnrealEd.dll!UnknownFunction []
[2020.03.07-00.59.13:948][ 61]LogWindows: Error: [Callstack] 0x00007fff887bd9b4 UE4Editor-UnrealEd.dll!UnknownFunction []
[2020.03.07-00.59.13:948][ 61]LogWindows: Error: [Callstack] 0x00007fff89015296 UE4Editor-UnrealEd.dll!UnknownFunction []
[2020.03.07-00.59.13:948][ 61]LogWindows: Error: [Callstack] 0x00007ff6bb0f7b0a UE4Editor.exe!UnknownFunction []
[2020.03.07-00.59.13:948][ 61]LogWindows: Error: [Callstack] 0x00007ff6bb10a91c UE4Editor.exe!UnknownFunction []
[2020.03.07-00.59.13:948][ 61]LogWindows: Error: [Callstack] 0x00007ff6bb10a9fa UE4Editor.exe!UnknownFunction []
[2020.03.07-00.59.13:948][ 61]LogWindows: Error: [Callstack] 0x00007ff6bb11b92c UE4Editor.exe!UnknownFunction []
[2020.03.07-00.59.13:948][ 61]LogWindows: Error: [Callstack] 0x00007ff6bb11e60e UE4Editor.exe!UnknownFunction []
[2020.03.07-00.59.13:948][ 61]LogWindows: Error: [Callstack] 0x00007fffd24e7bd4 KERNEL32.DLL!UnknownFunction []
[2020.03.07-00.59.13:948][ 61]LogWindows: Error: [Callstack] 0x00007fffd42cced1 ntdll.dll!UnknownFunction []
[2020.03.07-00.59.13:948][ 61]LogWindows: Error: 
[2020.03.07-00.59.13:964][ 61]LogExit: Executing StaticShutdownAfterError
[2020.03.07-00.59.13:968][ 61]LogWindows: FPlatformMisc::RequestExit(1)
[2020.03.07-00.59.13:971][ 61]Log file closed, 03/06/20 18:59:13
